
*** Running vivado
    with args -log finn_design_fifo_6.vds -m64 -product Vivado -mode batch -messageDb vivado.pb -notrace -source finn_design_fifo_6.tcl



****** Vivado v2022.2 (64-bit)
  **** SW Build 3671981 on Fri Oct 14 05:00:03 MDT 2022
  **** IP Build 3669848 on Fri Oct 14 08:30:02 MDT 2022
    ** Copyright 1986-2022 Xilinx, Inc. All Rights Reserved.

source finn_design_fifo_6.tcl -notrace
create_project: Time (s): cpu = 00:00:08 ; elapsed = 00:00:10 . Memory (MB): peak = 1003.199 ; gain = 119.895
INFO: [IP_Flow 19-234] Refreshing IP repositories
WARNING: [IP_Flow 19-2248] Failed to load user IP repository 'd:/finn_dev_root/vivado_stitch_proj_wlkx21xb/finn_vivado_stitch_proj.runs/finn_design_fifo_6_synth_1/media/clr/XIlinx/finn/finn-rtllib/memstream'; Can't find the specified path.
If this directory should no longer be in your list of user repositories, go to the IP Settings dialog and remove it.
INFO: [IP_Flow 19-1700] Loaded user IP repository 'd:/finn_dev_root/code_gen_ipgen_StreamingFIFO_rtl_0_wlfxl4wj'.
INFO: [IP_Flow 19-1700] Loaded user IP repository 'd:/finn_dev_root/code_gen_ipgen_StreamingMaxPool_hls_0_5ojjcg8a/project_StreamingMaxPool_hls_0/sol1/impl/ip'.
INFO: [IP_Flow 19-1700] Loaded user IP repository 'd:/finn_dev_root/code_gen_ipgen_StreamingFIFO_rtl_1_6i63ps7x'.
INFO: [IP_Flow 19-1700] Loaded user IP repository 'd:/finn_dev_root/code_gen_ipgen_FMPadding_rtl_0_c1yl8wwu'.
INFO: [IP_Flow 19-1700] Loaded user IP repository 'd:/finn_dev_root/code_gen_ipgen_StreamingFIFO_rtl_2_ns3a5jn3'.
INFO: [IP_Flow 19-1700] Loaded user IP repository 'd:/finn_dev_root/code_gen_ipgen_ConvolutionInputGenerator_rtl_0_8tlt_04t'.
INFO: [IP_Flow 19-1700] Loaded user IP repository 'd:/finn_dev_root/code_gen_ipgen_StreamingFIFO_rtl_3_xcuclu_f'.
INFO: [IP_Flow 19-1700] Loaded user IP repository 'd:/finn_dev_root/code_gen_ipgen_StreamingDataWidthConverter_rtl_0_pgm__mle'.
INFO: [IP_Flow 19-1700] Loaded user IP repository 'd:/finn_dev_root/code_gen_ipgen_StreamingFIFO_rtl_4_lbnaqceg'.
INFO: [IP_Flow 19-1700] Loaded user IP repository 'd:/finn_dev_root/code_gen_ipgen_MVAU_hls_0_pm17mzbp/project_MVAU_hls_0/sol1/impl/ip'.
INFO: [IP_Flow 19-1700] Loaded user IP repository 'd:/finn_dev_root/code_gen_ipgen_StreamingFIFO_rtl_5_mrxzdn8q'.
INFO: [IP_Flow 19-1700] Loaded user IP repository 'd:/finn_dev_root/code_gen_ipgen_StreamingMaxPool_hls_1_2v0axa4u/project_StreamingMaxPool_hls_1/sol1/impl/ip'.
INFO: [IP_Flow 19-1700] Loaded user IP repository 'd:/finn_dev_root/code_gen_ipgen_StreamingFIFO_rtl_6_0tg6i1t4'.
INFO: [IP_Flow 19-1700] Loaded user IP repository 'd:/finn_dev_root/code_gen_ipgen_FMPadding_rtl_1_eo_ft2zd'.
INFO: [IP_Flow 19-1700] Loaded user IP repository 'd:/finn_dev_root/code_gen_ipgen_StreamingFIFO_rtl_7_0_5dpxcc'.
INFO: [IP_Flow 19-1700] Loaded user IP repository 'd:/finn_dev_root/code_gen_ipgen_StreamingDataWidthConverter_rtl_1_9n0z3xny'.
INFO: [IP_Flow 19-1700] Loaded user IP repository 'd:/finn_dev_root/code_gen_ipgen_StreamingFIFO_rtl_8__tki43oj'.
INFO: [IP_Flow 19-1700] Loaded user IP repository 'd:/finn_dev_root/code_gen_ipgen_ConvolutionInputGenerator_rtl_1_oywzn2g7'.
INFO: [IP_Flow 19-1700] Loaded user IP repository 'd:/finn_dev_root/code_gen_ipgen_StreamingFIFO_rtl_9_abi4l1b9'.
INFO: [IP_Flow 19-1700] Loaded user IP repository 'd:/finn_dev_root/code_gen_ipgen_StreamingDataWidthConverter_hls_0_quz2zfen/project_StreamingDataWidthConverter_hls_0/sol1/impl/ip'.
INFO: [IP_Flow 19-1700] Loaded user IP repository 'd:/finn_dev_root/code_gen_ipgen_StreamingFIFO_rtl_10_h0juerdy'.
INFO: [IP_Flow 19-1700] Loaded user IP repository 'd:/finn_dev_root/code_gen_ipgen_MVAU_hls_1_r23awlkq/project_MVAU_hls_1/sol1/impl/ip'.
INFO: [IP_Flow 19-1700] Loaded user IP repository 'd:/finn_dev_root/code_gen_ipgen_StreamingFIFO_rtl_11_3tv6qxnb'.
INFO: [IP_Flow 19-1700] Loaded user IP repository 'd:/finn_dev_root/code_gen_ipgen_StreamingDataWidthConverter_rtl_2_u3hxulek'.
INFO: [IP_Flow 19-1700] Loaded user IP repository 'd:/finn_dev_root/code_gen_ipgen_StreamingFIFO_rtl_12_lm1clnxa'.
INFO: [IP_Flow 19-1700] Loaded user IP repository 'd:/finn_dev_root/code_gen_ipgen_StreamingMaxPool_hls_2_z93d_1rj/project_StreamingMaxPool_hls_2/sol1/impl/ip'.
INFO: [IP_Flow 19-1700] Loaded user IP repository 'd:/finn_dev_root/code_gen_ipgen_StreamingFIFO_rtl_13_583cxnvb'.
INFO: [IP_Flow 19-1700] Loaded user IP repository 'd:/finn_dev_root/code_gen_ipgen_FMPadding_rtl_2_oczdtiib'.
INFO: [IP_Flow 19-1700] Loaded user IP repository 'd:/finn_dev_root/code_gen_ipgen_StreamingFIFO_rtl_14_k4fncn1n'.
INFO: [IP_Flow 19-1700] Loaded user IP repository 'd:/finn_dev_root/code_gen_ipgen_StreamingDataWidthConverter_rtl_3_de665nz_'.
INFO: [IP_Flow 19-1700] Loaded user IP repository 'd:/finn_dev_root/code_gen_ipgen_StreamingFIFO_rtl_15_1i7_04ny'.
INFO: [IP_Flow 19-1700] Loaded user IP repository 'd:/finn_dev_root/code_gen_ipgen_ConvolutionInputGenerator_rtl_2_qjg7t3xq'.
INFO: [IP_Flow 19-1700] Loaded user IP repository 'd:/finn_dev_root/code_gen_ipgen_StreamingFIFO_rtl_16_hou74g4l'.
INFO: [IP_Flow 19-1700] Loaded user IP repository 'd:/finn_dev_root/code_gen_ipgen_StreamingDataWidthConverter_hls_1_s6worver/project_StreamingDataWidthConverter_hls_1/sol1/impl/ip'.
INFO: [IP_Flow 19-1700] Loaded user IP repository 'd:/finn_dev_root/code_gen_ipgen_StreamingFIFO_rtl_17_cmro96l_'.
INFO: [IP_Flow 19-1700] Loaded user IP repository 'd:/finn_dev_root/code_gen_ipgen_MVAU_hls_2_ufu323e_/project_MVAU_hls_2/sol1/impl/ip'.
INFO: [IP_Flow 19-1700] Loaded user IP repository 'd:/finn_dev_root/code_gen_ipgen_StreamingFIFO_rtl_18_b5raj_ho'.
INFO: [IP_Flow 19-1700] Loaded user IP repository 'd:/finn_dev_root/code_gen_ipgen_StreamingDataWidthConverter_rtl_4_c3ztzkwv'.
INFO: [IP_Flow 19-1700] Loaded user IP repository 'd:/finn_dev_root/code_gen_ipgen_StreamingFIFO_rtl_19_enco_dbj'.
INFO: [IP_Flow 19-1700] Loaded user IP repository 'd:/finn_dev_root/code_gen_ipgen_StreamingMaxPool_hls_3_igc1mjk8/project_StreamingMaxPool_hls_3/sol1/impl/ip'.
INFO: [IP_Flow 19-1700] Loaded user IP repository 'd:/finn_dev_root/code_gen_ipgen_StreamingFIFO_rtl_20_nu4uu0sy'.
INFO: [IP_Flow 19-1700] Loaded user IP repository 'd:/finn_dev_root/code_gen_ipgen_FMPadding_rtl_3_fpihnftc'.
INFO: [IP_Flow 19-1700] Loaded user IP repository 'd:/finn_dev_root/code_gen_ipgen_StreamingFIFO_rtl_21_086iw6t9'.
INFO: [IP_Flow 19-1700] Loaded user IP repository 'd:/finn_dev_root/code_gen_ipgen_StreamingDataWidthConverter_rtl_5_5t1fuam0'.
INFO: [IP_Flow 19-1700] Loaded user IP repository 'd:/finn_dev_root/code_gen_ipgen_StreamingFIFO_rtl_22_t4n_jkuj'.
INFO: [IP_Flow 19-1700] Loaded user IP repository 'd:/finn_dev_root/code_gen_ipgen_ConvolutionInputGenerator_rtl_3_yajhnku3'.
INFO: [IP_Flow 19-1700] Loaded user IP repository 'd:/finn_dev_root/code_gen_ipgen_StreamingFIFO_rtl_23_y9rnvntt'.
INFO: [IP_Flow 19-1700] Loaded user IP repository 'd:/finn_dev_root/code_gen_ipgen_StreamingDataWidthConverter_rtl_6_05ww9hda'.
INFO: [IP_Flow 19-1700] Loaded user IP repository 'd:/finn_dev_root/code_gen_ipgen_StreamingFIFO_rtl_24_ylzveoao'.
INFO: [IP_Flow 19-1700] Loaded user IP repository 'd:/finn_dev_root/code_gen_ipgen_MVAU_hls_3_5vl2hbpw/project_MVAU_hls_3/sol1/impl/ip'.
INFO: [IP_Flow 19-1700] Loaded user IP repository 'd:/finn_dev_root/code_gen_ipgen_StreamingFIFO_rtl_25_5vaibwsp'.
INFO: [IP_Flow 19-1700] Loaded user IP repository 'd:/finn_dev_root/code_gen_ipgen_StreamingDataWidthConverter_rtl_7_ab4eighi'.
INFO: [IP_Flow 19-1700] Loaded user IP repository 'd:/finn_dev_root/code_gen_ipgen_StreamingFIFO_rtl_26_xzg9s7nq'.
INFO: [IP_Flow 19-1700] Loaded user IP repository 'd:/finn_dev_root/code_gen_ipgen_StreamingMaxPool_hls_4_o30d23mp/project_StreamingMaxPool_hls_4/sol1/impl/ip'.
INFO: [IP_Flow 19-1700] Loaded user IP repository 'd:/finn_dev_root/code_gen_ipgen_StreamingFIFO_rtl_27_ej9wchtr'.
INFO: [IP_Flow 19-1700] Loaded user IP repository 'd:/finn_dev_root/code_gen_ipgen_FMPadding_rtl_4_lasvhgnt'.
INFO: [IP_Flow 19-1700] Loaded user IP repository 'd:/finn_dev_root/code_gen_ipgen_StreamingFIFO_rtl_28_hm6xtqk0'.
INFO: [IP_Flow 19-1700] Loaded user IP repository 'd:/finn_dev_root/code_gen_ipgen_StreamingDataWidthConverter_rtl_8__bwffe1d'.
INFO: [IP_Flow 19-1700] Loaded user IP repository 'd:/finn_dev_root/code_gen_ipgen_StreamingFIFO_rtl_29_oqgwb2ay'.
INFO: [IP_Flow 19-1700] Loaded user IP repository 'd:/finn_dev_root/code_gen_ipgen_ConvolutionInputGenerator_rtl_4_cq84zytp'.
INFO: [IP_Flow 19-1700] Loaded user IP repository 'd:/finn_dev_root/code_gen_ipgen_StreamingFIFO_rtl_30_c_bk1cl9'.
INFO: [IP_Flow 19-1700] Loaded user IP repository 'd:/finn_dev_root/code_gen_ipgen_StreamingDataWidthConverter_rtl_9_166qp8mj'.
INFO: [IP_Flow 19-1700] Loaded user IP repository 'd:/finn_dev_root/code_gen_ipgen_StreamingFIFO_rtl_31_tt3lfz47'.
INFO: [IP_Flow 19-1700] Loaded user IP repository 'd:/finn_dev_root/code_gen_ipgen_MVAU_hls_4__ok_a9cj/project_MVAU_hls_4/sol1/impl/ip'.
INFO: [IP_Flow 19-1700] Loaded user IP repository 'd:/finn_dev_root/code_gen_ipgen_StreamingFIFO_rtl_32_59unwooc'.
INFO: [IP_Flow 19-1700] Loaded user IP repository 'd:/finn_dev_root/code_gen_ipgen_StreamingDataWidthConverter_rtl_10_0s7sq3bt'.
INFO: [IP_Flow 19-1700] Loaded user IP repository 'd:/finn_dev_root/code_gen_ipgen_StreamingFIFO_rtl_33_iufu7as2'.
INFO: [IP_Flow 19-1700] Loaded user IP repository 'd:/finn_dev_root/code_gen_ipgen_FMPadding_rtl_5_c0eo27gp'.
INFO: [IP_Flow 19-1700] Loaded user IP repository 'd:/finn_dev_root/code_gen_ipgen_StreamingFIFO_rtl_34_70ldgat7'.
INFO: [IP_Flow 19-1700] Loaded user IP repository 'd:/finn_dev_root/code_gen_ipgen_StreamingDataWidthConverter_rtl_11_l6pn1lgr'.
INFO: [IP_Flow 19-1700] Loaded user IP repository 'd:/finn_dev_root/code_gen_ipgen_StreamingFIFO_rtl_35_5c_fr02n'.
INFO: [IP_Flow 19-1700] Loaded user IP repository 'd:/finn_dev_root/code_gen_ipgen_ConvolutionInputGenerator_rtl_5_pr473df_'.
INFO: [IP_Flow 19-1700] Loaded user IP repository 'd:/finn_dev_root/code_gen_ipgen_StreamingFIFO_rtl_36_x2yax__b'.
INFO: [IP_Flow 19-1700] Loaded user IP repository 'd:/finn_dev_root/code_gen_ipgen_StreamingDataWidthConverter_rtl_12_31ouz5n4'.
INFO: [IP_Flow 19-1700] Loaded user IP repository 'd:/finn_dev_root/code_gen_ipgen_StreamingFIFO_rtl_37_iz2r64sq'.
INFO: [IP_Flow 19-1700] Loaded user IP repository 'd:/finn_dev_root/code_gen_ipgen_MVAU_hls_5_ol2hz86g/project_MVAU_hls_5/sol1/impl/ip'.
INFO: [IP_Flow 19-1700] Loaded user IP repository 'd:/finn_dev_root/code_gen_ipgen_StreamingFIFO_rtl_38_68gyno9a'.
INFO: [IP_Flow 19-1700] Loaded user IP repository 'd:/finn_dev_root/code_gen_ipgen_StreamingDataWidthConverter_hls_2_8vctij35/project_StreamingDataWidthConverter_hls_2/sol1/impl/ip'.
INFO: [IP_Flow 19-1700] Loaded user IP repository 'd:/finn_dev_root/code_gen_ipgen_StreamingFIFO_rtl_39_711xoee7'.
INFO: [IP_Flow 19-1700] Loaded user IP repository 'd:/finn_dev_root/code_gen_ipgen_MVAU_hls_6_y0qmdba0/project_MVAU_hls_6/sol1/impl/ip'.
INFO: [IP_Flow 19-1700] Loaded user IP repository 'd:/finn_dev_root/code_gen_ipgen_StreamingFIFO_rtl_40_qmte1qgl'.
INFO: [IP_Flow 19-1700] Loaded user IP repository 'd:/finn_dev_root/code_gen_ipgen_StreamingDataWidthConverter_rtl_13_mxe_m8it'.
INFO: [IP_Flow 19-1700] Loaded user IP repository 'd:/finn_dev_root/code_gen_ipgen_StreamingFIFO_rtl_41_ydah_m51'.
INFO: [IP_Flow 19-1700] Loaded user IP repository 'd:/finn_dev_root/code_gen_ipgen_FMPadding_rtl_6_59g9igco'.
INFO: [IP_Flow 19-1700] Loaded user IP repository 'd:/finn_dev_root/code_gen_ipgen_StreamingFIFO_rtl_42_slirpjfi'.
INFO: [IP_Flow 19-1700] Loaded user IP repository 'd:/finn_dev_root/code_gen_ipgen_StreamingDataWidthConverter_rtl_14_4npximp0'.
INFO: [IP_Flow 19-1700] Loaded user IP repository 'd:/finn_dev_root/code_gen_ipgen_StreamingFIFO_rtl_43_4lup8wdo'.
INFO: [IP_Flow 19-1700] Loaded user IP repository 'd:/finn_dev_root/code_gen_ipgen_ConvolutionInputGenerator_rtl_6_t2nz2da6'.
INFO: [IP_Flow 19-1700] Loaded user IP repository 'd:/finn_dev_root/code_gen_ipgen_StreamingFIFO_rtl_44_3nh99_gf'.
INFO: [IP_Flow 19-1700] Loaded user IP repository 'd:/finn_dev_root/code_gen_ipgen_StreamingDataWidthConverter_rtl_15_evu11cig'.
INFO: [IP_Flow 19-1700] Loaded user IP repository 'd:/finn_dev_root/code_gen_ipgen_StreamingFIFO_rtl_45_8stog746'.
INFO: [IP_Flow 19-1700] Loaded user IP repository 'd:/finn_dev_root/code_gen_ipgen_MVAU_hls_7_urf094np/project_MVAU_hls_7/sol1/impl/ip'.
INFO: [IP_Flow 19-1700] Loaded user IP repository 'd:/finn_dev_root/code_gen_ipgen_StreamingFIFO_rtl_46_fggz943t'.
INFO: [IP_Flow 19-1700] Loaded user IP repository 'd:/finn_dev_root/code_gen_ipgen_StreamingDataWidthConverter_rtl_16_jrps1wlr'.
INFO: [IP_Flow 19-1700] Loaded user IP repository 'd:/finn_dev_root/code_gen_ipgen_StreamingFIFO_rtl_47_imagao10'.
INFO: [IP_Flow 19-1700] Loaded user IP repository 'd:/finn_dev_root/code_gen_ipgen_FMPadding_rtl_7_3zgpn366'.
INFO: [IP_Flow 19-1700] Loaded user IP repository 'd:/finn_dev_root/code_gen_ipgen_StreamingFIFO_rtl_48_eoppwpa1'.
INFO: [IP_Flow 19-1700] Loaded user IP repository 'd:/finn_dev_root/code_gen_ipgen_StreamingDataWidthConverter_rtl_17_6dd98hur'.
INFO: [IP_Flow 19-1700] Loaded user IP repository 'd:/finn_dev_root/code_gen_ipgen_StreamingFIFO_rtl_49_33e6bl_t'.
INFO: [IP_Flow 19-1700] Loaded user IP repository 'd:/finn_dev_root/code_gen_ipgen_ConvolutionInputGenerator_rtl_7_5qrmxzdy'.
INFO: [Common 17-14] Message 'IP_Flow 19-1700' appears 100 times and further instances of the messages will be disabled. Use the Tcl command set_msg_config to change the current settings.
INFO: [IP_Flow 19-2313] Loaded Vivado IP repository 'D:/Xilinx/Vivado/2022.2/data/ip'.
INFO: [IP_Flow 19-6924] IPCACHE: Running cache check for IP inst: finn_design_fifo_6
INFO: [IP_Flow 19-6922] IPCACHE: Exporting cached entry f63ad4a9cc185db4 to dir: D:/finn_dev_root/vivado_stitch_proj_wlkx21xb/finn_vivado_stitch_proj.runs/finn_design_fifo_6_synth_1
INFO: [IP_Flow 19-6928] IPCACHE: copied cached file d:/finn_dev_root/vivado_stitch_proj_wlkx21xb/finn_vivado_stitch_proj.cache/ip/2022.2/f/6/f63ad4a9cc185db4/finn_design_fifo_10.dcp to D:/finn_dev_root/vivado_stitch_proj_wlkx21xb/finn_vivado_stitch_proj.runs/finn_design_fifo_6_synth_1/finn_design_fifo_6.dcp.
INFO: [IP_Flow 19-6928] IPCACHE: copied cached file d:/finn_dev_root/vivado_stitch_proj_wlkx21xb/finn_vivado_stitch_proj.cache/ip/2022.2/f/6/f63ad4a9cc185db4/finn_design_fifo_10_sim_netlist.v to D:/finn_dev_root/vivado_stitch_proj_wlkx21xb/finn_vivado_stitch_proj.runs/finn_design_fifo_6_synth_1/finn_design_fifo_6_sim_netlist.v.
INFO: [IP_Flow 19-6928] IPCACHE: copied cached file d:/finn_dev_root/vivado_stitch_proj_wlkx21xb/finn_vivado_stitch_proj.cache/ip/2022.2/f/6/f63ad4a9cc185db4/finn_design_fifo_10_sim_netlist.vhdl to D:/finn_dev_root/vivado_stitch_proj_wlkx21xb/finn_vivado_stitch_proj.runs/finn_design_fifo_6_synth_1/finn_design_fifo_6_sim_netlist.vhdl.
INFO: [IP_Flow 19-6928] IPCACHE: copied cached file d:/finn_dev_root/vivado_stitch_proj_wlkx21xb/finn_vivado_stitch_proj.cache/ip/2022.2/f/6/f63ad4a9cc185db4/finn_design_fifo_10_stub.v to D:/finn_dev_root/vivado_stitch_proj_wlkx21xb/finn_vivado_stitch_proj.runs/finn_design_fifo_6_synth_1/finn_design_fifo_6_stub.v.
INFO: [IP_Flow 19-6928] IPCACHE: copied cached file d:/finn_dev_root/vivado_stitch_proj_wlkx21xb/finn_vivado_stitch_proj.cache/ip/2022.2/f/6/f63ad4a9cc185db4/finn_design_fifo_10_stub.vhdl to D:/finn_dev_root/vivado_stitch_proj_wlkx21xb/finn_vivado_stitch_proj.runs/finn_design_fifo_6_synth_1/finn_design_fifo_6_stub.vhdl.
INFO: [IP_Flow 19-4838] Using cached IP synthesis design for IP finn_design_fifo_6, cache-ID = f63ad4a9cc185db4.
INFO: [Common 17-206] Exiting Vivado at Sat Nov  9 23:08:10 2024...
