#Build: Fabric Compiler 2022.1, Build 99559, Jul 12 00:20 2022
#Install: C:\pango\PDS_2022.1\bin
#Application name: pds_shell.exe
#OS: Windows 10 10.0.22000
#Hostname: admin
Generated by Fabric Compiler (version 2022.1 build 99559) at Mon Jan 30 11:41:53 2023
Compiling verification operator library.
Compiling common defs.
Compiling prim grid devices.
Compiling gate devices.
Compiling gate operators.
Building architecture model.
Loading device packaging model.
Reading design from DB.
Start Generating Programming File...
Reading design from DB takes 0.000000 sec.
Generating architecture configuration.
The bitstream file is "C:/Users/w/Desktop/MES50HP/2_demo/01_led_test/generate_bitstream/led_test.sbit"
Generate programming file takes 4.437500 sec.
Generating Programming File done.
Action gen_bit_stream: Real time elapsed is 0h:0m:11s
Action gen_bit_stream: CPU time elapsed is 0h:0m:9s
Action gen_bit_stream: Process CPU time elapsed is 0h:0m:9s
Current time: Mon Jan 30 11:42:03 2023
Action gen_bit_stream: Peak memory pool usage is 595 MB
