#Build: Fabric Compiler 2022.1, Build 99559, Jul 12 00:20 2022
#Install: C:\pango\PDS_2022.1\bin
#Application name: pds_shell.exe
#OS: Windows 10 10.0.22000
#Hostname: admin
Generated by Fabric Compiler (version 2022.1 build 99559) at Mon Jan 30 11:41:21 2023
Compiling verification operator library.
Compiling common defs.
Compiling prim grid devices.
Compiling gate devices.
Compiling gate operators.
Building architecture model.
Loading device packaging model.
Building architecture floorplan logic view.
Constraint check start.
Executing : def_port {led[0]} LOC=B2 VCCIO=3.3 IOSTANDARD=LVCMOS33 DRIVE=8 SLEW=FAST NONE=TRUE
Executing : def_port {led[0]} LOC=B2 VCCIO=3.3 IOSTANDARD=LVCMOS33 DRIVE=8 SLEW=FAST NONE=TRUE successfully
Executing : def_port {led[1]} LOC=A2 VCCIO=3.3 IOSTANDARD=LVCMOS33 DRIVE=8 SLEW=FAST NONE=TRUE
Executing : def_port {led[1]} LOC=A2 VCCIO=3.3 IOSTANDARD=LVCMOS33 DRIVE=8 SLEW=FAST NONE=TRUE successfully
Executing : def_port {led[2]} LOC=B3 VCCIO=3.3 IOSTANDARD=LVCMOS33 DRIVE=8 SLEW=FAST NONE=TRUE
Executing : def_port {led[2]} LOC=B3 VCCIO=3.3 IOSTANDARD=LVCMOS33 DRIVE=8 SLEW=FAST NONE=TRUE successfully
Executing : def_port {led[3]} LOC=A3 VCCIO=3.3 IOSTANDARD=LVCMOS33 DRIVE=8 SLEW=FAST NONE=TRUE
Executing : def_port {led[3]} LOC=A3 VCCIO=3.3 IOSTANDARD=LVCMOS33 DRIVE=8 SLEW=FAST NONE=TRUE successfully
Executing : def_port {led[4]} LOC=C5 VCCIO=3.3 IOSTANDARD=LVCMOS33 DRIVE=8 SLEW=FAST NONE=TRUE
Executing : def_port {led[4]} LOC=C5 VCCIO=3.3 IOSTANDARD=LVCMOS33 DRIVE=8 SLEW=FAST NONE=TRUE successfully
Executing : def_port {led[5]} LOC=A5 VCCIO=3.3 IOSTANDARD=LVCMOS33 DRIVE=8 SLEW=FAST NONE=TRUE
Executing : def_port {led[5]} LOC=A5 VCCIO=3.3 IOSTANDARD=LVCMOS33 DRIVE=8 SLEW=FAST NONE=TRUE successfully
Executing : def_port {led[6]} LOC=F7 VCCIO=3.3 IOSTANDARD=LVCMOS33 DRIVE=8 SLEW=FAST NONE=TRUE
Executing : def_port {led[6]} LOC=F7 VCCIO=3.3 IOSTANDARD=LVCMOS33 DRIVE=8 SLEW=FAST NONE=TRUE successfully
Executing : def_port {led[7]} LOC=F8 VCCIO=3.3 IOSTANDARD=LVCMOS33 DRIVE=8 SLEW=FAST NONE=TRUE
Executing : def_port {led[7]} LOC=F8 VCCIO=3.3 IOSTANDARD=LVCMOS33 DRIVE=8 SLEW=FAST NONE=TRUE successfully
Executing : def_port {clk} LOC=P20 VCCIO=3.3 IOSTANDARD=LVCMOS33 NONE=TRUE
Executing : def_port {clk} LOC=P20 VCCIO=3.3 IOSTANDARD=LVCMOS33 NONE=TRUE successfully
Executing : def_port {rstn} LOC=K18 VCCIO=3.3 IOSTANDARD=LVCMOS33 NONE=TRUE
C: ConstraintEditor-2002: [C:/Users/w/Desktop/MES50HP/2_demo/01_led_test/device_map/led_test.pcf(line number: 12)] | Port rstn has been placed at location K18, whose type is share pin.
Executing : def_port {rstn} LOC=K18 VCCIO=3.3 IOSTANDARD=LVCMOS33 NONE=TRUE successfully
Constraint check end.
I: Column Clock Check open.
Read Column Clock Map.

Placement started.
Phase 1 Pre global placement started.
Phase 1.1 1st GP placement started.
Design Utilization : 1%.
Wirelength after clock region global placement is 717.
1st GP placement takes 3.02 sec.

Phase 1.2 Clock placement started.
Mapping instance clkbufg_0/gopclkbufg to USCM_84_108.
Clock placement takes 0.23 sec.

Pre global placement takes 5.28 sec.

Phase 2 Global placement started.
Phase 2.1 Fixed placement started.
Placed fixed group with base inst clk_ibuf/opit_1 on IOL_327_210.
Placed fixed group with base inst led_obuf[0]/opit_1 on IOL_19_374.
Placed fixed group with base inst led_obuf[1]/opit_1 on IOL_19_373.
Placed fixed group with base inst led_obuf[2]/opit_1 on IOL_35_374.
Placed fixed group with base inst led_obuf[3]/opit_1 on IOL_35_373.
Placed fixed group with base inst led_obuf[4]/opit_1 on IOL_67_374.
Placed fixed group with base inst led_obuf[5]/opit_1 on IOL_67_373.
Placed fixed group with base inst led_obuf[6]/opit_1 on IOL_47_374.
Placed fixed group with base inst led_obuf[7]/opit_1 on IOL_47_373.
Placed fixed group with base inst rstn_ibuf/opit_1 on IOL_327_257.
Placed fixed instance clkbufg_0/gopclkbufg on USCM_84_108.
Placed fixed instance BKCL_auto_0 on BKCL_188_376.
Placed fixed instance BKCL_auto_1 on BKCL_328_184.
Fixed placement takes 0.00 sec.

Phase 2.2 Process placement started.
Process placement takes 0.00 sec.

Phase 2.3 IO placement started.
IO placement takes 0.02 sec.

Phase 2.4 2nd GP placement started.
Run super clustering :
	Initial slack 993165.
	6 iterations finished.
	Final slack 996051.
Super clustering done.
Design Utilization : 1%.
2nd GP placement takes 2.64 sec.

Wirelength after global placement is 529.
Global placement takes 2.66 sec.

Phase 3 Post global placement started.
Phase 3.1 Macro cell placement started.
Wirelength after macro cell placement is 529.
Macro cell placement takes 0.00 sec.

Phase 3.2 3rd GP placement started.
Run super clustering :
	Initial slack 993165.
	6 iterations finished.
	Final slack 996051.
Super clustering done.
Design Utilization : 1%.
3rd GP placement takes 2.70 sec.

Wirelength after post global placement is 529.
Post global placement takes 2.70 sec.

Phase 4 Legalization started.
The average distance in LP is 6.482759.
Wirelength after legalization is 520.
Legalization takes 0.00 sec.

Phase 5 Timing-driven detailed placement started.
Phase 5.1 Replication placement started.
Worst slack before Replication Place is 996062.
Replication placement takes 0.00 sec.

Wirelength after replication placement is 520.
Phase 5.2 DP placement started.
Legalized cost 996062.000000.
The detailed placement ends at 0th iteration.
DP placement takes 0.00 sec.

Wirelength after detailed placement is 520.
Timing-driven detailed placement takes 0.00 sec.

Worst slack is 996062, TNS after placement is 0.
Placement done.
Total placement takes 10.67 sec.
Finished placement. (CPU time elapsed 0h:00m:10s)

Routing started.
Building routing graph takes 1.84 sec.
Worst slack is 996062, TNS before global route is 0.
Processing design graph takes 0.31 sec.
Total memory for routing:
	115.215411 M.
Total nets for routing : 80.
Rcf routing step 1 processed 0 nets, it takes 0.00 sec.
Rcf routing step 2 processed 0 nets, it takes 0.00 sec.
Rcf routing step 3 processed 0 nets, it takes 0.00 sec.
Global Routing step 1 processed 0 nets, it takes 0.00 sec.
Global Routing step 2 processed 0 nets, it takes 0.00 sec.
Unrouted nets 0 at the end of iteration 0.
Global Routing step 3 processed 3 nets, it takes 0.02 sec.
Global routing takes 0.05 sec.
Total 83 subnets.
    forward max bucket size 423 , backward 14.
        Unrouted nets 39 at the end of iteration 0.
    route iteration 0, CPU time elapsed 0.000000 sec.
    forward max bucket size 18 , backward 14.
        Unrouted nets 23 at the end of iteration 1.
    route iteration 1, CPU time elapsed 0.000000 sec.
    forward max bucket size 16 , backward 14.
        Unrouted nets 12 at the end of iteration 2.
    route iteration 2, CPU time elapsed 0.015625 sec.
    forward max bucket size 16 , backward 11.
        Unrouted nets 9 at the end of iteration 3.
    route iteration 3, CPU time elapsed 0.000000 sec.
    forward max bucket size 13 , backward 10.
        Unrouted nets 5 at the end of iteration 4.
    route iteration 4, CPU time elapsed 0.000000 sec.
    forward max bucket size 12 , backward 8.
        Unrouted nets 4 at the end of iteration 5.
    route iteration 5, CPU time elapsed 0.000000 sec.
    forward max bucket size 11 , backward 9.
        Unrouted nets 2 at the end of iteration 6.
    route iteration 6, CPU time elapsed 0.000000 sec.
    forward max bucket size 9 , backward 4.
        Unrouted nets 0 at the end of iteration 7.
    route iteration 7, CPU time elapsed 0.000000 sec.
Detailed routing takes 7 iterations
Detailed routing takes 0.05 sec.
Start fix hold violation.
Build tmp routing results takes 0.00 sec.
Timing analysis takes 0.00 sec.
No hold violation.
Hold Violation Fix in router takes 0 iterations.
Fix hold violation Finished.
Hold Violation Fix in router takes 0.06 sec.

Dispose routing result:
    Collect routing result.
    Delete unused device instances.
    Annotate routing result.
    Change LUT configuration.
    Dispose misc instances.
    Annotate routing result again.
Finish routing takes 0.02 sec.
Used SRB routing arc is 312.
Cleanup routing takes 0.00 sec.
Routing done.
Total routing takes 2.80 sec.


Device Utilization Summary :
+---------------------------------------------------------------------------+
| Logic Utilization        | Used     | Available     | Utilization(%)     
+---------------------------------------------------------------------------+
| Use of APM               | 0        | 84            | 0                  
| Use of BKCL              | 2        | 4             | 50                 
| Use of CLMA              | 10       | 6450          | 1                  
|   FF                     | 33       | 38700         | 1                  
|   LUT                    | 32       | 25800         | 1                  
|   LUT-FF pairs           | 1        | 25800         | 1                  
| Use of CLMS              | 0        | 4250          | 0                  
|   FF                     | 0        | 25500         | 0                  
|   LUT                    | 0        | 17000         | 0                  
|   LUT-FF pairs           | 0        | 17000         | 0                  
|   Distributed RAM        | 0        | 17000         | 0                  
| Use of CRYSTAL           | 0        | 2             | 0                  
| Use of DLL               | 0        | 10            | 0                  
| Use of DQSL              | 0        | 18            | 0                  
| Use of DRM               | 0        | 134           | 0                  
| Use of FUSECODE          | 0        | 1             | 0                  
| Use of HARD0N1           | 6        | 6672          | 1                  
| Use of HSST              | 0        | 1             | 0                  
| Use of IO                | 10       | 296           | 4                  
|   IOBD                   | 4        | 64            | 7                  
|   IOBR_LR                | 0        | 7             | 0                  
|   IOBR_TB                | 1        | 8             | 13                 
|   IOBS_LR                | 2        | 161           | 2                  
|   IOBS_TB                | 3        | 56            | 6                  
| Use of IOCKDIV           | 0        | 20            | 0                  
| Use of IOCKDLY           | 0        | 40            | 0                  
| Use of IOCKGATE          | 0        | 20            | 0                  
| Use of IOCKGMUX_TEST     | 0        | 20            | 0                  
| Use of IOL               | 10       | 400           | 3                  
| Use of IPAL              | 0        | 1             | 0                  
| Use of LDO               | 0        | 4             | 0                  
| Use of MFG_TEST          | 0        | 1             | 0                  
| Use of OSC               | 0        | 1             | 0                  
| Use of PCIE              | 0        | 1             | 0                  
| Use of PIOMUX_TEST       | 0        | 10            | 0                  
| Use of PLL               | 0        | 5             | 0                  
| Use of PREGMUX_TEST      | 0        | 6             | 0                  
| Use of RCKB              | 0        | 24            | 0                  
| Use of RCKBMUX_TEST      | 0        | 12            | 0                  
| Use of RESCAL            | 0        | 4             | 0                  
| Use of SCANCHAIN         | 0        | 2             | 0                  
| Use of START             | 1        | 1             | 100                
| Use of UDID              | 0        | 1             | 0                  
| Use of USCM              | 1        | 30            | 4                  
| Use of USCMMUX_TEST      | 0        | 30            | 0                  
| Use of VCKBMUX_TEST      | 0        | 12            | 0                  
+---------------------------------------------------------------------------+

Finished routing. (CPU time elapsed 0h:00m:02s)
Design 'led_test' has been placed and routed successfully.
Saving design to DB.
Finished placement and routing. (CPU time elapsed 0h:00m:19s)
Action pnr: Real time elapsed is 0h:0m:23s
Action pnr: CPU time elapsed is 0h:0m:20s
Action pnr: Process CPU time elapsed is 0h:0m:20s
Current time: Mon Jan 30 11:41:43 2023
Action pnr: Peak memory pool usage is 727 MB
