#Build: Fabric Compiler 2022.1, Build 99559, Jul 12 00:20 2022
#Install: D:\pango\PDS_2022.1\bin
#Application name: pds_shell.exe
#OS: Windows 7 6.1.7600
#Hostname: admin
Generated by Fabric Compiler (version 2022.1 build 99559) at Fri Mar  3 17:35:08 2023
Compiling verification operator library.
Compiling common defs.
Compiling prim grid devices.
Compiling gate devices.
Compiling gate operators.
Building architecture model.
Loading device packaging model.
Reading design from DB.
Start Generating Programming File...
Reading design from DB takes 0.140625 sec.
Generating architecture configuration.
The bitstream file is "C:/Users/w/Desktop/MES50HP/MES50HP_v1/2_Demo/06_hdmi_loop/generate_bitstream/hdmi_loop.sbit"
Generate programming file takes 4.906250 sec.
Generating Programming File done.
Action gen_bit_stream: Real time elapsed is 0h:0m:11s
Action gen_bit_stream: CPU time elapsed is 0h:0m:9s
Action gen_bit_stream: Process CPU time elapsed is 0h:0m:9s
Current time: Fri Mar  3 17:35:17 2023
Action gen_bit_stream: Peak memory pool usage is 644 MB
