#Build: Fabric Compiler 2022.1, Build 99559, Jul 12 00:20 2022
#Install: C:\pango\PDS_2022.1\bin
#Application name: pds_shell.exe
#OS: Windows 10 10.0.22621
#Hostname: liu
Generated by Fabric Compiler (version 2022.1 build 99559) at Sat Oct 12 19:24:06 2024
Compiling verification operator library.
Compiling common defs.
Compiling prim grid devices.
Compiling gate devices.
Compiling gate operators.
Building architecture model.
Loading device packaging model.
Reading design from DB.
Start Generating Programming File...
Reading design from DB takes 0.062500 sec.
Generating architecture configuration.
The bitstream file is "C:/Users/G1320/Desktop/gauss_experience/06_hdmi_loop - wc/generate_bitstream/hdmi_loop.sbit"
Generate programming file takes 0.968750 sec.
Generating Programming File done.
Action gen_bit_stream: Real time elapsed is 0h:0m:7s
Action gen_bit_stream: CPU time elapsed is 0h:0m:2s
Action gen_bit_stream: Process CPU time elapsed is 0h:0m:2s
Current time: Sat Oct 12 19:24:12 2024
Action gen_bit_stream: Peak memory pool usage is 620 MB
