#Build: Fabric Compiler 2022.1, Build 99559, Jul 12 00:20 2022
#Install: D:\pango\PDS_2022.1\bin
#Application name: pds_shell.exe
#OS: Windows 7 6.1.7600
#Hostname: admin
Generated by Fabric Compiler (version 2022.1 build 99559) at Thu Mar  2 19:59:43 2023
Compiling verification operator library.
Compiling common defs.
Compiling prim grid devices.
Compiling gate devices.
Compiling gate operators.
Building architecture model.
Loading device packaging model.
Reading design from DB.
Start Generating Programming File...
Reading design from DB takes 0.156250 sec.
Generating architecture configuration.
The bitstream file is "C:/Users/w/Desktop/MES50HP/MES50HP_v1/2_demo/06_hdmi_loop/generate_bitstream/hdmi_loop.sbit"
Generate programming file takes 4.968750 sec.
Generating Programming File done.
Action gen_bit_stream: Real time elapsed is 0h:0m:11s
Action gen_bit_stream: CPU time elapsed is 0h:0m:10s
Action gen_bit_stream: Process CPU time elapsed is 0h:0m:10s
Current time: Thu Mar  2 19:59:52 2023
Action gen_bit_stream: Peak memory pool usage is 643 MB
