#Build: Fabric Compiler 2022.1, Build 99559, Jul 12 00:20 2022
#Install: C:\pango\PDS_2022.1\bin
#Application name: pds.exe
#OS: Windows 10 10.0.22621
#Hostname: liu
Generated by Fabric Compiler (version 2022.1 build 99559) at Sun Oct  6 14:22:45 2024
Compiling architecture definition.
Analyzing project file 'C:/Users/G1320/Desktop/01_led_test/01_led_test/led_test.pds'.
License checkout: fabric_ads
Compiling verification operator library.
Loading technology operator library.
Compiling technology operator library.
Compiling technology operator (valence) library.
I: Enable Verilog2k features and keywords
Start rtl-analyze.
Executing : .rtl_analyze -work work -include_path {C:/Users/G1320/Desktop/01_led_test/01_led_test} C:/Users/G1320/Desktop/01_led_test/01_led_test/source/Desktop/01_led_test.v
I: Verilog-0001: Analyzing file C:/Users/G1320/Desktop/01_led_test/01_led_test/source/Desktop/01_led_test.v
I: Verilog-0002: [C:/Users/G1320/Desktop/01_led_test/01_led_test/source/Desktop/01_led_test.v(line number: 24)] Analyzing module led_test (library work)
Parsing done.
Executing : .rtl_analyze -work work -include_path {C:/Users/G1320/Desktop/01_led_test/01_led_test} C:/Users/G1320/Desktop/01_led_test/01_led_test/source/Desktop/01_led_test.v successfully.
Executing : .rtl_analyze -include_path {C:/Users/G1320/Desktop/01_led_test/01_led_test} C:/Users/G1320/Desktop/01_led_test/01_led_test/ipcore/fifo/rtl/ipml_fifo_ctrl_v1_3.v
I: Verilog-0001: Analyzing file C:/Users/G1320/Desktop/01_led_test/01_led_test/ipcore/fifo/rtl/ipml_fifo_ctrl_v1_3.v
I: Verilog-0002: [C:/Users/G1320/Desktop/01_led_test/01_led_test/ipcore/fifo/rtl/ipml_fifo_ctrl_v1_3.v(line number: 21)] Analyzing module ipml_fifo_ctrl_v1_3 (library work)
Parsing done.
Executing : .rtl_analyze -include_path {C:/Users/G1320/Desktop/01_led_test/01_led_test} C:/Users/G1320/Desktop/01_led_test/01_led_test/ipcore/fifo/rtl/ipml_fifo_ctrl_v1_3.v successfully.
Executing : .rtl_analyze -include_path {C:/Users/G1320/Desktop/01_led_test/01_led_test} C:/Users/G1320/Desktop/01_led_test/01_led_test/ipcore/fifo/rtl/ipml_sdpram_v1_6_matrix_fifo_buf.v
I: Verilog-0001: Analyzing file C:/Users/G1320/Desktop/01_led_test/01_led_test/ipcore/fifo/rtl/ipml_sdpram_v1_6_matrix_fifo_buf.v
I: Verilog-0002: [C:/Users/G1320/Desktop/01_led_test/01_led_test/ipcore/fifo/rtl/ipml_sdpram_v1_6_matrix_fifo_buf.v(line number: 20)] Analyzing module ipml_sdpram_v1_6_matrix_fifo_buf (library work)
W: Verilog-2008: [C:/Users/G1320/Desktop/01_led_test/01_led_test/ipcore/fifo/rtl/ipml_sdpram_v1_6_matrix_fifo_buf.v(line number: 309)] Ignore 'system task' $display
W: Verilog-2008: [C:/Users/G1320/Desktop/01_led_test/01_led_test/ipcore/fifo/rtl/ipml_sdpram_v1_6_matrix_fifo_buf.v(line number: 310)] Ignore 'system task' $finish
W: Verilog-2008: [C:/Users/G1320/Desktop/01_led_test/01_led_test/ipcore/fifo/rtl/ipml_sdpram_v1_6_matrix_fifo_buf.v(line number: 313)] Ignore 'system task' $display
W: Verilog-2008: [C:/Users/G1320/Desktop/01_led_test/01_led_test/ipcore/fifo/rtl/ipml_sdpram_v1_6_matrix_fifo_buf.v(line number: 317)] Ignore 'system task' $display
W: Verilog-2008: [C:/Users/G1320/Desktop/01_led_test/01_led_test/ipcore/fifo/rtl/ipml_sdpram_v1_6_matrix_fifo_buf.v(line number: 321)] Ignore 'system task' $display
W: Verilog-2008: [C:/Users/G1320/Desktop/01_led_test/01_led_test/ipcore/fifo/rtl/ipml_sdpram_v1_6_matrix_fifo_buf.v(line number: 325)] Ignore 'system task' $display
W: Verilog-2008: [C:/Users/G1320/Desktop/01_led_test/01_led_test/ipcore/fifo/rtl/ipml_sdpram_v1_6_matrix_fifo_buf.v(line number: 329)] Ignore 'system task' $display
W: Verilog-2008: [C:/Users/G1320/Desktop/01_led_test/01_led_test/ipcore/fifo/rtl/ipml_sdpram_v1_6_matrix_fifo_buf.v(line number: 330)] Ignore 'system task' $finish
W: Verilog-2008: [C:/Users/G1320/Desktop/01_led_test/01_led_test/ipcore/fifo/rtl/ipml_sdpram_v1_6_matrix_fifo_buf.v(line number: 333)] Ignore 'system task' $display
W: Verilog-2008: [C:/Users/G1320/Desktop/01_led_test/01_led_test/ipcore/fifo/rtl/ipml_sdpram_v1_6_matrix_fifo_buf.v(line number: 334)] Ignore 'system task' $finish
W: Verilog-2008: [C:/Users/G1320/Desktop/01_led_test/01_led_test/ipcore/fifo/rtl/ipml_sdpram_v1_6_matrix_fifo_buf.v(line number: 337)] Ignore 'system task' $display
W: Verilog-2008: [C:/Users/G1320/Desktop/01_led_test/01_led_test/ipcore/fifo/rtl/ipml_sdpram_v1_6_matrix_fifo_buf.v(line number: 338)] Ignore 'system task' $finish
W: Verilog-2008: [C:/Users/G1320/Desktop/01_led_test/01_led_test/ipcore/fifo/rtl/ipml_sdpram_v1_6_matrix_fifo_buf.v(line number: 341)] Ignore 'system task' $display
W: Verilog-2008: [C:/Users/G1320/Desktop/01_led_test/01_led_test/ipcore/fifo/rtl/ipml_sdpram_v1_6_matrix_fifo_buf.v(line number: 342)] Ignore 'system task' $finish
W: Verilog-2008: [C:/Users/G1320/Desktop/01_led_test/01_led_test/ipcore/fifo/rtl/ipml_sdpram_v1_6_matrix_fifo_buf.v(line number: 345)] Ignore 'system task' $display
W: Verilog-2008: [C:/Users/G1320/Desktop/01_led_test/01_led_test/ipcore/fifo/rtl/ipml_sdpram_v1_6_matrix_fifo_buf.v(line number: 346)] Ignore 'system task' $finish
W: Verilog-2008: [C:/Users/G1320/Desktop/01_led_test/01_led_test/ipcore/fifo/rtl/ipml_sdpram_v1_6_matrix_fifo_buf.v(line number: 349)] Ignore 'system task' $display
W: Verilog-2008: [C:/Users/G1320/Desktop/01_led_test/01_led_test/ipcore/fifo/rtl/ipml_sdpram_v1_6_matrix_fifo_buf.v(line number: 350)] Ignore 'system task' $finish
W: Verilog-2008: [C:/Users/G1320/Desktop/01_led_test/01_led_test/ipcore/fifo/rtl/ipml_sdpram_v1_6_matrix_fifo_buf.v(line number: 353)] Ignore 'system task' $display
W: Verilog-2008: [C:/Users/G1320/Desktop/01_led_test/01_led_test/ipcore/fifo/rtl/ipml_sdpram_v1_6_matrix_fifo_buf.v(line number: 354)] Ignore 'system task' $finish
W: Verilog-2008: [C:/Users/G1320/Desktop/01_led_test/01_led_test/ipcore/fifo/rtl/ipml_sdpram_v1_6_matrix_fifo_buf.v(line number: 357)] Ignore 'system task' $display
W: Verilog-2008: [C:/Users/G1320/Desktop/01_led_test/01_led_test/ipcore/fifo/rtl/ipml_sdpram_v1_6_matrix_fifo_buf.v(line number: 358)] Ignore 'system task' $finish
W: Verilog-2008: [C:/Users/G1320/Desktop/01_led_test/01_led_test/ipcore/fifo/rtl/ipml_sdpram_v1_6_matrix_fifo_buf.v(line number: 361)] Ignore 'system task' $display
W: Verilog-2008: [C:/Users/G1320/Desktop/01_led_test/01_led_test/ipcore/fifo/rtl/ipml_sdpram_v1_6_matrix_fifo_buf.v(line number: 362)] Ignore 'system task' $finish
W: Verilog-2008: [C:/Users/G1320/Desktop/01_led_test/01_led_test/ipcore/fifo/rtl/ipml_sdpram_v1_6_matrix_fifo_buf.v(line number: 365)] Ignore 'system task' $display
W: Verilog-2008: [C:/Users/G1320/Desktop/01_led_test/01_led_test/ipcore/fifo/rtl/ipml_sdpram_v1_6_matrix_fifo_buf.v(line number: 366)] Ignore 'system task' $finish
W: Verilog-2008: [C:/Users/G1320/Desktop/01_led_test/01_led_test/ipcore/fifo/rtl/ipml_sdpram_v1_6_matrix_fifo_buf.v(line number: 369)] Ignore 'system task' $display
W: Verilog-2008: [C:/Users/G1320/Desktop/01_led_test/01_led_test/ipcore/fifo/rtl/ipml_sdpram_v1_6_matrix_fifo_buf.v(line number: 370)] Ignore 'system task' $finish
W: Verilog-2008: [C:/Users/G1320/Desktop/01_led_test/01_led_test/ipcore/fifo/rtl/ipml_sdpram_v1_6_matrix_fifo_buf.v(line number: 374)] Ignore 'system task' $display
W: Verilog-2008: [C:/Users/G1320/Desktop/01_led_test/01_led_test/ipcore/fifo/rtl/ipml_sdpram_v1_6_matrix_fifo_buf.v(line number: 375)] Ignore 'system task' $finish
W: Verilog-2008: [C:/Users/G1320/Desktop/01_led_test/01_led_test/ipcore/fifo/rtl/ipml_sdpram_v1_6_matrix_fifo_buf.v(line number: 378)] Ignore 'system task' $display
W: Verilog-2008: [C:/Users/G1320/Desktop/01_led_test/01_led_test/ipcore/fifo/rtl/ipml_sdpram_v1_6_matrix_fifo_buf.v(line number: 379)] Ignore 'system task' $finish
W: Verilog-2008: [C:/Users/G1320/Desktop/01_led_test/01_led_test/ipcore/fifo/rtl/ipml_sdpram_v1_6_matrix_fifo_buf.v(line number: 383)] Ignore 'system task' $display
W: Verilog-2008: [C:/Users/G1320/Desktop/01_led_test/01_led_test/ipcore/fifo/rtl/ipml_sdpram_v1_6_matrix_fifo_buf.v(line number: 384)] Ignore 'system task' $finish
W: Verilog-2008: [C:/Users/G1320/Desktop/01_led_test/01_led_test/ipcore/fifo/rtl/ipml_sdpram_v1_6_matrix_fifo_buf.v(line number: 387)] Ignore 'system task' $display
W: Verilog-2008: [C:/Users/G1320/Desktop/01_led_test/01_led_test/ipcore/fifo/rtl/ipml_sdpram_v1_6_matrix_fifo_buf.v(line number: 388)] Ignore 'system task' $finish
W: Verilog-2008: [C:/Users/G1320/Desktop/01_led_test/01_led_test/ipcore/fifo/rtl/ipml_sdpram_v1_6_matrix_fifo_buf.v(line number: 391)] Ignore 'system task' $display
W: Verilog-2008: [C:/Users/G1320/Desktop/01_led_test/01_led_test/ipcore/fifo/rtl/ipml_sdpram_v1_6_matrix_fifo_buf.v(line number: 392)] Ignore 'system task' $finish
W: Verilog-2008: [C:/Users/G1320/Desktop/01_led_test/01_led_test/ipcore/fifo/rtl/ipml_sdpram_v1_6_matrix_fifo_buf.v(line number: 395)] Ignore 'system task' $display
W: Verilog-2008: [C:/Users/G1320/Desktop/01_led_test/01_led_test/ipcore/fifo/rtl/ipml_sdpram_v1_6_matrix_fifo_buf.v(line number: 396)] Ignore 'system task' $finish
W: Verilog-2008: [C:/Users/G1320/Desktop/01_led_test/01_led_test/ipcore/fifo/rtl/ipml_sdpram_v1_6_matrix_fifo_buf.v(line number: 399)] Ignore 'system task' $display
W: Verilog-2008: [C:/Users/G1320/Desktop/01_led_test/01_led_test/ipcore/fifo/rtl/ipml_sdpram_v1_6_matrix_fifo_buf.v(line number: 400)] Ignore 'system task' $finish
W: Verilog-2008: [C:/Users/G1320/Desktop/01_led_test/01_led_test/ipcore/fifo/rtl/ipml_sdpram_v1_6_matrix_fifo_buf.v(line number: 405)] Ignore 'system task' $display
W: Verilog-2008: [C:/Users/G1320/Desktop/01_led_test/01_led_test/ipcore/fifo/rtl/ipml_sdpram_v1_6_matrix_fifo_buf.v(line number: 406)] Ignore 'system task' $finish
W: Verilog-2008: [C:/Users/G1320/Desktop/01_led_test/01_led_test/ipcore/fifo/rtl/ipml_sdpram_v1_6_matrix_fifo_buf.v(line number: 409)] Ignore 'system task' $display
W: Verilog-2008: [C:/Users/G1320/Desktop/01_led_test/01_led_test/ipcore/fifo/rtl/ipml_sdpram_v1_6_matrix_fifo_buf.v(line number: 410)] Ignore 'system task' $finish
W: Verilog-2008: [C:/Users/G1320/Desktop/01_led_test/01_led_test/ipcore/fifo/rtl/ipml_sdpram_v1_6_matrix_fifo_buf.v(line number: 415)] Ignore 'system task' $display
W: Verilog-2008: [C:/Users/G1320/Desktop/01_led_test/01_led_test/ipcore/fifo/rtl/ipml_sdpram_v1_6_matrix_fifo_buf.v(line number: 416)] Ignore 'system task' $finish
W: Verilog-2010: [C:/Users/G1320/Desktop/01_led_test/01_led_test/ipcore/fifo/rtl/ipml_sdpram_v1_6_matrix_fifo_buf.v(line number: 307)] Ignore initial statements except memory $readmemh/$readmemb initialization statements
Parsing done.
Executing : .rtl_analyze -include_path {C:/Users/G1320/Desktop/01_led_test/01_led_test} C:/Users/G1320/Desktop/01_led_test/01_led_test/ipcore/fifo/rtl/ipml_sdpram_v1_6_matrix_fifo_buf.v successfully.
Executing : .rtl_analyze -include_path {C:/Users/G1320/Desktop/01_led_test/01_led_test} C:/Users/G1320/Desktop/01_led_test/01_led_test/ipcore/fifo/rtl/ipml_fifo_v1_6_matrix_fifo_buf.v
I: Verilog-0001: Analyzing file C:/Users/G1320/Desktop/01_led_test/01_led_test/ipcore/fifo/rtl/ipml_fifo_v1_6_matrix_fifo_buf.v
I: Verilog-0002: [C:/Users/G1320/Desktop/01_led_test/01_led_test/ipcore/fifo/rtl/ipml_fifo_v1_6_matrix_fifo_buf.v(line number: 25)] Analyzing module ipml_fifo_v1_6_matrix_fifo_buf (library work)
Parsing done.
Executing : .rtl_analyze -include_path {C:/Users/G1320/Desktop/01_led_test/01_led_test} C:/Users/G1320/Desktop/01_led_test/01_led_test/ipcore/fifo/rtl/ipml_fifo_v1_6_matrix_fifo_buf.v successfully.
Executing : .rtl_analyze -include_path {C:/Users/G1320/Desktop/01_led_test/01_led_test} C:/Users/G1320/Desktop/01_led_test/01_led_test/ipcore/fifo/matrix_fifo_buf.v
I: Verilog-0001: Analyzing file C:/Users/G1320/Desktop/01_led_test/01_led_test/ipcore/fifo/matrix_fifo_buf.v
I: Verilog-0002: [C:/Users/G1320/Desktop/01_led_test/01_led_test/ipcore/fifo/matrix_fifo_buf.v(line number: 18)] Analyzing module matrix_fifo_buf (library work)
Parsing done.
Executing : .rtl_analyze -include_path {C:/Users/G1320/Desktop/01_led_test/01_led_test} C:/Users/G1320/Desktop/01_led_test/01_led_test/ipcore/fifo/matrix_fifo_buf.v successfully.
I: Module "led_test" is set as top module.
Executing : rtl-analyze successfully. Time elapsed: 0.874s wall, 0.000s user + 0.000s system = 0.000s CPU (n/a%)

Start rtl-elaborate.
I: Verilog-0003: [C:/Users/G1320/Desktop/01_led_test/01_led_test/source/Desktop/01_led_test.v(line number: 24)] Elaborating module led_test
Executing : rtl-elaborate successfully. Time elapsed: 0.000s wall, 0.000s user + 0.000s system = 0.000s CPU (n/a%)

Start rtl-prep.
Executing : rtl-prep successfully. Time elapsed: 0.001s wall, 0.000s user + 0.000s system = 0.000s CPU (n/a%)

Start rtl-infer.
Start DFF-inference.
Executing : DFF-inference successfully.
Executing : rtl-infer successfully. Time elapsed: 0.007s wall, 0.000s user + 0.000s system = 0.000s CPU (n/a%)

Start rtl-control-opt.
Executing : rtl-control-opt successfully. Time elapsed: 0.000s wall, 0.000s user + 0.000s system = 0.000s CPU (n/a%)

Start rtl-data-opt.
Executing : rtl-data-opt successfully. Time elapsed: 0.000s wall, 0.000s user + 0.000s system = 0.000s CPU (n/a%)

Start FSM inference.
Executing : FSM inference successfully. Time elapsed: 0.000s wall, 0.000s user + 0.000s system = 0.000s CPU (n/a%)

Start sdm2adm.
W: Loop was found during constant probe.
Executing : sdm2adm successfully. Time elapsed: 0.006s wall, 0.000s user + 0.000s system = 0.000s CPU (n/a%)

Saving design to DB.
Action compile: Real time elapsed is 0h:0m:3s
Action compile: CPU time elapsed is 0h:0m:0s
Action compile: Process CPU time elapsed is 0h:0m:0s
Current time: Sun Oct  6 14:22:47 2024
Action compile: Peak memory pool usage is 141 MB
