
*** Running vivado
    with args -log finn_design_StreamingDataWidthConverter_rtl_7_0.vds -m64 -product Vivado -mode batch -messageDb vivado.pb -notrace -source finn_design_StreamingDataWidthConverter_rtl_7_0.tcl



****** Vivado v2022.2 (64-bit)
  **** SW Build 3671981 on Fri Oct 14 05:00:03 MDT 2022
  **** IP Build 3669848 on Fri Oct 14 08:30:02 MDT 2022
    ** Copyright 1986-2022 Xilinx, Inc. All Rights Reserved.

source finn_design_StreamingDataWidthConverter_rtl_7_0.tcl -notrace
create_project: Time (s): cpu = 00:00:07 ; elapsed = 00:00:09 . Memory (MB): peak = 1003.223 ; gain = 118.215
INFO: [IP_Flow 19-234] Refreshing IP repositories
WARNING: [IP_Flow 19-2248] Failed to load user IP repository 'd:/finn_dev_root/vivado_stitch_proj_wlkx21xb/finn_vivado_stitch_proj.runs/finn_design_StreamingDataWidthConverter_rtl_7_0_synth_1/media/clr/XIlinx/finn/finn-rtllib/memstream'; Can't find the specified path.
If this directory should no longer be in your list of user repositories, go to the IP Settings dialog and remove it.
INFO: [IP_Flow 19-1700] Loaded user IP repository 'd:/finn_dev_root/code_gen_ipgen_StreamingFIFO_rtl_0_wlfxl4wj'.
INFO: [IP_Flow 19-1700] Loaded user IP repository 'd:/finn_dev_root/code_gen_ipgen_StreamingMaxPool_hls_0_5ojjcg8a/project_StreamingMaxPool_hls_0/sol1/impl/ip'.
INFO: [IP_Flow 19-1700] Loaded user IP repository 'd:/finn_dev_root/code_gen_ipgen_StreamingFIFO_rtl_1_6i63ps7x'.
INFO: [IP_Flow 19-1700] Loaded user IP repository 'd:/finn_dev_root/code_gen_ipgen_FMPadding_rtl_0_c1yl8wwu'.
INFO: [IP_Flow 19-1700] Loaded user IP repository 'd:/finn_dev_root/code_gen_ipgen_StreamingFIFO_rtl_2_ns3a5jn3'.
INFO: [IP_Flow 19-1700] Loaded user IP repository 'd:/finn_dev_root/code_gen_ipgen_ConvolutionInputGenerator_rtl_0_8tlt_04t'.
INFO: [IP_Flow 19-1700] Loaded user IP repository 'd:/finn_dev_root/code_gen_ipgen_StreamingFIFO_rtl_3_xcuclu_f'.
INFO: [IP_Flow 19-1700] Loaded user IP repository 'd:/finn_dev_root/code_gen_ipgen_StreamingDataWidthConverter_rtl_0_pgm__mle'.
INFO: [IP_Flow 19-1700] Loaded user IP repository 'd:/finn_dev_root/code_gen_ipgen_StreamingFIFO_rtl_4_lbnaqceg'.
INFO: [IP_Flow 19-1700] Loaded user IP repository 'd:/finn_dev_root/code_gen_ipgen_MVAU_hls_0_pm17mzbp/project_MVAU_hls_0/sol1/impl/ip'.
INFO: [IP_Flow 19-1700] Loaded user IP repository 'd:/finn_dev_root/code_gen_ipgen_StreamingFIFO_rtl_5_mrxzdn8q'.
INFO: [IP_Flow 19-1700] Loaded user IP repository 'd:/finn_dev_root/code_gen_ipgen_StreamingMaxPool_hls_1_2v0axa4u/project_StreamingMaxPool_hls_1/sol1/impl/ip'.
INFO: [IP_Flow 19-1700] Loaded user IP repository 'd:/finn_dev_root/code_gen_ipgen_StreamingFIFO_rtl_6_0tg6i1t4'.
INFO: [IP_Flow 19-1700] Loaded user IP repository 'd:/finn_dev_root/code_gen_ipgen_FMPadding_rtl_1_eo_ft2zd'.
INFO: [IP_Flow 19-1700] Loaded user IP repository 'd:/finn_dev_root/code_gen_ipgen_StreamingFIFO_rtl_7_0_5dpxcc'.
INFO: [IP_Flow 19-1700] Loaded user IP repository 'd:/finn_dev_root/code_gen_ipgen_StreamingDataWidthConverter_rtl_1_9n0z3xny'.
INFO: [IP_Flow 19-1700] Loaded user IP repository 'd:/finn_dev_root/code_gen_ipgen_StreamingFIFO_rtl_8__tki43oj'.
INFO: [IP_Flow 19-1700] Loaded user IP repository 'd:/finn_dev_root/code_gen_ipgen_ConvolutionInputGenerator_rtl_1_oywzn2g7'.
INFO: [IP_Flow 19-1700] Loaded user IP repository 'd:/finn_dev_root/code_gen_ipgen_StreamingFIFO_rtl_9_abi4l1b9'.
INFO: [IP_Flow 19-1700] Loaded user IP repository 'd:/finn_dev_root/code_gen_ipgen_StreamingDataWidthConverter_hls_0_quz2zfen/project_StreamingDataWidthConverter_hls_0/sol1/impl/ip'.
INFO: [IP_Flow 19-1700] Loaded user IP repository 'd:/finn_dev_root/code_gen_ipgen_StreamingFIFO_rtl_10_h0juerdy'.
INFO: [IP_Flow 19-1700] Loaded user IP repository 'd:/finn_dev_root/code_gen_ipgen_MVAU_hls_1_r23awlkq/project_MVAU_hls_1/sol1/impl/ip'.
INFO: [IP_Flow 19-1700] Loaded user IP repository 'd:/finn_dev_root/code_gen_ipgen_StreamingFIFO_rtl_11_3tv6qxnb'.
INFO: [IP_Flow 19-1700] Loaded user IP repository 'd:/finn_dev_root/code_gen_ipgen_StreamingDataWidthConverter_rtl_2_u3hxulek'.
INFO: [IP_Flow 19-1700] Loaded user IP repository 'd:/finn_dev_root/code_gen_ipgen_StreamingFIFO_rtl_12_lm1clnxa'.
INFO: [IP_Flow 19-1700] Loaded user IP repository 'd:/finn_dev_root/code_gen_ipgen_StreamingMaxPool_hls_2_z93d_1rj/project_StreamingMaxPool_hls_2/sol1/impl/ip'.
INFO: [IP_Flow 19-1700] Loaded user IP repository 'd:/finn_dev_root/code_gen_ipgen_StreamingFIFO_rtl_13_583cxnvb'.
INFO: [IP_Flow 19-1700] Loaded user IP repository 'd:/finn_dev_root/code_gen_ipgen_FMPadding_rtl_2_oczdtiib'.
INFO: [IP_Flow 19-1700] Loaded user IP repository 'd:/finn_dev_root/code_gen_ipgen_StreamingFIFO_rtl_14_k4fncn1n'.
INFO: [IP_Flow 19-1700] Loaded user IP repository 'd:/finn_dev_root/code_gen_ipgen_StreamingDataWidthConverter_rtl_3_de665nz_'.
INFO: [IP_Flow 19-1700] Loaded user IP repository 'd:/finn_dev_root/code_gen_ipgen_StreamingFIFO_rtl_15_1i7_04ny'.
INFO: [IP_Flow 19-1700] Loaded user IP repository 'd:/finn_dev_root/code_gen_ipgen_ConvolutionInputGenerator_rtl_2_qjg7t3xq'.
INFO: [IP_Flow 19-1700] Loaded user IP repository 'd:/finn_dev_root/code_gen_ipgen_StreamingFIFO_rtl_16_hou74g4l'.
INFO: [IP_Flow 19-1700] Loaded user IP repository 'd:/finn_dev_root/code_gen_ipgen_StreamingDataWidthConverter_hls_1_s6worver/project_StreamingDataWidthConverter_hls_1/sol1/impl/ip'.
INFO: [IP_Flow 19-1700] Loaded user IP repository 'd:/finn_dev_root/code_gen_ipgen_StreamingFIFO_rtl_17_cmro96l_'.
INFO: [IP_Flow 19-1700] Loaded user IP repository 'd:/finn_dev_root/code_gen_ipgen_MVAU_hls_2_ufu323e_/project_MVAU_hls_2/sol1/impl/ip'.
INFO: [IP_Flow 19-1700] Loaded user IP repository 'd:/finn_dev_root/code_gen_ipgen_StreamingFIFO_rtl_18_b5raj_ho'.
INFO: [IP_Flow 19-1700] Loaded user IP repository 'd:/finn_dev_root/code_gen_ipgen_StreamingDataWidthConverter_rtl_4_c3ztzkwv'.
INFO: [IP_Flow 19-1700] Loaded user IP repository 'd:/finn_dev_root/code_gen_ipgen_StreamingFIFO_rtl_19_enco_dbj'.
INFO: [IP_Flow 19-1700] Loaded user IP repository 'd:/finn_dev_root/code_gen_ipgen_StreamingMaxPool_hls_3_igc1mjk8/project_StreamingMaxPool_hls_3/sol1/impl/ip'.
INFO: [IP_Flow 19-1700] Loaded user IP repository 'd:/finn_dev_root/code_gen_ipgen_StreamingFIFO_rtl_20_nu4uu0sy'.
INFO: [IP_Flow 19-1700] Loaded user IP repository 'd:/finn_dev_root/code_gen_ipgen_FMPadding_rtl_3_fpihnftc'.
INFO: [IP_Flow 19-1700] Loaded user IP repository 'd:/finn_dev_root/code_gen_ipgen_StreamingFIFO_rtl_21_086iw6t9'.
INFO: [IP_Flow 19-1700] Loaded user IP repository 'd:/finn_dev_root/code_gen_ipgen_StreamingDataWidthConverter_rtl_5_5t1fuam0'.
INFO: [IP_Flow 19-1700] Loaded user IP repository 'd:/finn_dev_root/code_gen_ipgen_StreamingFIFO_rtl_22_t4n_jkuj'.
INFO: [IP_Flow 19-1700] Loaded user IP repository 'd:/finn_dev_root/code_gen_ipgen_ConvolutionInputGenerator_rtl_3_yajhnku3'.
INFO: [IP_Flow 19-1700] Loaded user IP repository 'd:/finn_dev_root/code_gen_ipgen_StreamingFIFO_rtl_23_y9rnvntt'.
INFO: [IP_Flow 19-1700] Loaded user IP repository 'd:/finn_dev_root/code_gen_ipgen_StreamingDataWidthConverter_rtl_6_05ww9hda'.
INFO: [IP_Flow 19-1700] Loaded user IP repository 'd:/finn_dev_root/code_gen_ipgen_StreamingFIFO_rtl_24_ylzveoao'.
INFO: [IP_Flow 19-1700] Loaded user IP repository 'd:/finn_dev_root/code_gen_ipgen_MVAU_hls_3_5vl2hbpw/project_MVAU_hls_3/sol1/impl/ip'.
INFO: [IP_Flow 19-1700] Loaded user IP repository 'd:/finn_dev_root/code_gen_ipgen_StreamingFIFO_rtl_25_5vaibwsp'.
INFO: [IP_Flow 19-1700] Loaded user IP repository 'd:/finn_dev_root/code_gen_ipgen_StreamingDataWidthConverter_rtl_7_ab4eighi'.
INFO: [IP_Flow 19-1700] Loaded user IP repository 'd:/finn_dev_root/code_gen_ipgen_StreamingFIFO_rtl_26_xzg9s7nq'.
INFO: [IP_Flow 19-1700] Loaded user IP repository 'd:/finn_dev_root/code_gen_ipgen_StreamingMaxPool_hls_4_o30d23mp/project_StreamingMaxPool_hls_4/sol1/impl/ip'.
INFO: [IP_Flow 19-1700] Loaded user IP repository 'd:/finn_dev_root/code_gen_ipgen_StreamingFIFO_rtl_27_ej9wchtr'.
INFO: [IP_Flow 19-1700] Loaded user IP repository 'd:/finn_dev_root/code_gen_ipgen_FMPadding_rtl_4_lasvhgnt'.
INFO: [IP_Flow 19-1700] Loaded user IP repository 'd:/finn_dev_root/code_gen_ipgen_StreamingFIFO_rtl_28_hm6xtqk0'.
INFO: [IP_Flow 19-1700] Loaded user IP repository 'd:/finn_dev_root/code_gen_ipgen_StreamingDataWidthConverter_rtl_8__bwffe1d'.
INFO: [IP_Flow 19-1700] Loaded user IP repository 'd:/finn_dev_root/code_gen_ipgen_StreamingFIFO_rtl_29_oqgwb2ay'.
INFO: [IP_Flow 19-1700] Loaded user IP repository 'd:/finn_dev_root/code_gen_ipgen_ConvolutionInputGenerator_rtl_4_cq84zytp'.
INFO: [IP_Flow 19-1700] Loaded user IP repository 'd:/finn_dev_root/code_gen_ipgen_StreamingFIFO_rtl_30_c_bk1cl9'.
INFO: [IP_Flow 19-1700] Loaded user IP repository 'd:/finn_dev_root/code_gen_ipgen_StreamingDataWidthConverter_rtl_9_166qp8mj'.
INFO: [IP_Flow 19-1700] Loaded user IP repository 'd:/finn_dev_root/code_gen_ipgen_StreamingFIFO_rtl_31_tt3lfz47'.
INFO: [IP_Flow 19-1700] Loaded user IP repository 'd:/finn_dev_root/code_gen_ipgen_MVAU_hls_4__ok_a9cj/project_MVAU_hls_4/sol1/impl/ip'.
INFO: [IP_Flow 19-1700] Loaded user IP repository 'd:/finn_dev_root/code_gen_ipgen_StreamingFIFO_rtl_32_59unwooc'.
INFO: [IP_Flow 19-1700] Loaded user IP repository 'd:/finn_dev_root/code_gen_ipgen_StreamingDataWidthConverter_rtl_10_0s7sq3bt'.
INFO: [IP_Flow 19-1700] Loaded user IP repository 'd:/finn_dev_root/code_gen_ipgen_StreamingFIFO_rtl_33_iufu7as2'.
INFO: [IP_Flow 19-1700] Loaded user IP repository 'd:/finn_dev_root/code_gen_ipgen_FMPadding_rtl_5_c0eo27gp'.
INFO: [IP_Flow 19-1700] Loaded user IP repository 'd:/finn_dev_root/code_gen_ipgen_StreamingFIFO_rtl_34_70ldgat7'.
INFO: [IP_Flow 19-1700] Loaded user IP repository 'd:/finn_dev_root/code_gen_ipgen_StreamingDataWidthConverter_rtl_11_l6pn1lgr'.
INFO: [IP_Flow 19-1700] Loaded user IP repository 'd:/finn_dev_root/code_gen_ipgen_StreamingFIFO_rtl_35_5c_fr02n'.
INFO: [IP_Flow 19-1700] Loaded user IP repository 'd:/finn_dev_root/code_gen_ipgen_ConvolutionInputGenerator_rtl_5_pr473df_'.
INFO: [IP_Flow 19-1700] Loaded user IP repository 'd:/finn_dev_root/code_gen_ipgen_StreamingFIFO_rtl_36_x2yax__b'.
INFO: [IP_Flow 19-1700] Loaded user IP repository 'd:/finn_dev_root/code_gen_ipgen_StreamingDataWidthConverter_rtl_12_31ouz5n4'.
INFO: [IP_Flow 19-1700] Loaded user IP repository 'd:/finn_dev_root/code_gen_ipgen_StreamingFIFO_rtl_37_iz2r64sq'.
INFO: [IP_Flow 19-1700] Loaded user IP repository 'd:/finn_dev_root/code_gen_ipgen_MVAU_hls_5_ol2hz86g/project_MVAU_hls_5/sol1/impl/ip'.
INFO: [IP_Flow 19-1700] Loaded user IP repository 'd:/finn_dev_root/code_gen_ipgen_StreamingFIFO_rtl_38_68gyno9a'.
INFO: [IP_Flow 19-1700] Loaded user IP repository 'd:/finn_dev_root/code_gen_ipgen_StreamingDataWidthConverter_hls_2_8vctij35/project_StreamingDataWidthConverter_hls_2/sol1/impl/ip'.
INFO: [IP_Flow 19-1700] Loaded user IP repository 'd:/finn_dev_root/code_gen_ipgen_StreamingFIFO_rtl_39_711xoee7'.
INFO: [IP_Flow 19-1700] Loaded user IP repository 'd:/finn_dev_root/code_gen_ipgen_MVAU_hls_6_y0qmdba0/project_MVAU_hls_6/sol1/impl/ip'.
INFO: [IP_Flow 19-1700] Loaded user IP repository 'd:/finn_dev_root/code_gen_ipgen_StreamingFIFO_rtl_40_qmte1qgl'.
INFO: [IP_Flow 19-1700] Loaded user IP repository 'd:/finn_dev_root/code_gen_ipgen_StreamingDataWidthConverter_rtl_13_mxe_m8it'.
INFO: [IP_Flow 19-1700] Loaded user IP repository 'd:/finn_dev_root/code_gen_ipgen_StreamingFIFO_rtl_41_ydah_m51'.
INFO: [IP_Flow 19-1700] Loaded user IP repository 'd:/finn_dev_root/code_gen_ipgen_FMPadding_rtl_6_59g9igco'.
INFO: [IP_Flow 19-1700] Loaded user IP repository 'd:/finn_dev_root/code_gen_ipgen_StreamingFIFO_rtl_42_slirpjfi'.
INFO: [IP_Flow 19-1700] Loaded user IP repository 'd:/finn_dev_root/code_gen_ipgen_StreamingDataWidthConverter_rtl_14_4npximp0'.
INFO: [IP_Flow 19-1700] Loaded user IP repository 'd:/finn_dev_root/code_gen_ipgen_StreamingFIFO_rtl_43_4lup8wdo'.
INFO: [IP_Flow 19-1700] Loaded user IP repository 'd:/finn_dev_root/code_gen_ipgen_ConvolutionInputGenerator_rtl_6_t2nz2da6'.
INFO: [IP_Flow 19-1700] Loaded user IP repository 'd:/finn_dev_root/code_gen_ipgen_StreamingFIFO_rtl_44_3nh99_gf'.
INFO: [IP_Flow 19-1700] Loaded user IP repository 'd:/finn_dev_root/code_gen_ipgen_StreamingDataWidthConverter_rtl_15_evu11cig'.
INFO: [IP_Flow 19-1700] Loaded user IP repository 'd:/finn_dev_root/code_gen_ipgen_StreamingFIFO_rtl_45_8stog746'.
INFO: [IP_Flow 19-1700] Loaded user IP repository 'd:/finn_dev_root/code_gen_ipgen_MVAU_hls_7_urf094np/project_MVAU_hls_7/sol1/impl/ip'.
INFO: [IP_Flow 19-1700] Loaded user IP repository 'd:/finn_dev_root/code_gen_ipgen_StreamingFIFO_rtl_46_fggz943t'.
INFO: [IP_Flow 19-1700] Loaded user IP repository 'd:/finn_dev_root/code_gen_ipgen_StreamingDataWidthConverter_rtl_16_jrps1wlr'.
INFO: [IP_Flow 19-1700] Loaded user IP repository 'd:/finn_dev_root/code_gen_ipgen_StreamingFIFO_rtl_47_imagao10'.
INFO: [IP_Flow 19-1700] Loaded user IP repository 'd:/finn_dev_root/code_gen_ipgen_FMPadding_rtl_7_3zgpn366'.
INFO: [IP_Flow 19-1700] Loaded user IP repository 'd:/finn_dev_root/code_gen_ipgen_StreamingFIFO_rtl_48_eoppwpa1'.
INFO: [IP_Flow 19-1700] Loaded user IP repository 'd:/finn_dev_root/code_gen_ipgen_StreamingDataWidthConverter_rtl_17_6dd98hur'.
INFO: [IP_Flow 19-1700] Loaded user IP repository 'd:/finn_dev_root/code_gen_ipgen_StreamingFIFO_rtl_49_33e6bl_t'.
INFO: [IP_Flow 19-1700] Loaded user IP repository 'd:/finn_dev_root/code_gen_ipgen_ConvolutionInputGenerator_rtl_7_5qrmxzdy'.
INFO: [Common 17-14] Message 'IP_Flow 19-1700' appears 100 times and further instances of the messages will be disabled. Use the Tcl command set_msg_config to change the current settings.
INFO: [IP_Flow 19-2313] Loaded Vivado IP repository 'D:/Xilinx/Vivado/2022.2/data/ip'.
INFO: [IP_Flow 19-6924] IPCACHE: Running cache check for IP inst: finn_design_StreamingDataWidthConverter_rtl_7_0
Command: synth_design -top finn_design_StreamingDataWidthConverter_rtl_7_0 -part xc7z020clg400-1 -incremental_mode off -mode out_of_context
Starting synth_design
Attempting to get a license for feature 'Synthesis' and/or device 'xc7z020'
INFO: [Common 17-349] Got license for feature 'Synthesis' and/or device 'xc7z020'
INFO: [Device 21-403] Loading part xc7z020clg400-1
INFO: [Synth 8-7079] Multithreading enabled for synth_design using a maximum of 2 processes.
INFO: [Synth 8-7078] Launching helper process for spawning children vivado processes
INFO: [Synth 8-7075] Helper process launched with PID 40788
INFO: [Synth 8-11241] undeclared symbol 'REGCCE', assumed default net type 'wire' [D:/Xilinx/Vivado/2022.2/data/verilog/src/unimacro/BRAM_SINGLE_MACRO.v:2170]
WARNING: [Synth 8-9661] initial value of parameter 'IBITS' is omitted [D:/finn_dev_root/code_gen_ipgen_StreamingDataWidthConverter_rtl_9_166qp8mj/dwc.sv:35]
WARNING: [Synth 8-9661] initial value of parameter 'OBITS' is omitted [D:/finn_dev_root/code_gen_ipgen_StreamingDataWidthConverter_rtl_9_166qp8mj/dwc.sv:36]
WARNING: [Synth 8-9661] initial value of parameter 'IBITS' is omitted [D:/finn_dev_root/code_gen_ipgen_StreamingDataWidthConverter_rtl_9_166qp8mj/dwc_axi.sv:35]
WARNING: [Synth 8-9661] initial value of parameter 'OBITS' is omitted [D:/finn_dev_root/code_gen_ipgen_StreamingDataWidthConverter_rtl_9_166qp8mj/dwc_axi.sv:36]
---------------------------------------------------------------------------------
Starting RTL Elaboration : Time (s): cpu = 00:00:08 ; elapsed = 00:00:10 . Memory (MB): peak = 1863.617 ; gain = 415.562
---------------------------------------------------------------------------------
INFO: [Synth 8-6157] synthesizing module 'finn_design_StreamingDataWidthConverter_rtl_7_0' [d:/finn_dev_root/vivado_stitch_proj_wlkx21xb/finn_vivado_stitch_proj.gen/sources_1/bd/finn_design/ip/finn_design_StreamingDataWidthConverter_rtl_7_0/synth/finn_design_StreamingDataWidthConverter_rtl_7_0.v:53]
INFO: [Synth 8-6157] synthesizing module 'StreamingDataWidthConverter_rtl_7' [D:/finn_dev_root/code_gen_ipgen_StreamingDataWidthConverter_rtl_7_ab4eighi/StreamingDataWidthConverter_rtl_7.v:32]
INFO: [Synth 8-6157] synthesizing module 'dwc_axi' [D:/finn_dev_root/code_gen_ipgen_StreamingDataWidthConverter_rtl_9_166qp8mj/dwc_axi.sv:34]
INFO: [Synth 8-6157] synthesizing module 'dwc' [D:/finn_dev_root/code_gen_ipgen_StreamingDataWidthConverter_rtl_9_166qp8mj/dwc.sv:34]
INFO: [Synth 8-6155] done synthesizing module 'dwc' (0#1) [D:/finn_dev_root/code_gen_ipgen_StreamingDataWidthConverter_rtl_9_166qp8mj/dwc.sv:34]
INFO: [Synth 8-6155] done synthesizing module 'dwc_axi' (0#1) [D:/finn_dev_root/code_gen_ipgen_StreamingDataWidthConverter_rtl_9_166qp8mj/dwc_axi.sv:34]
INFO: [Synth 8-6155] done synthesizing module 'StreamingDataWidthConverter_rtl_7' (0#1) [D:/finn_dev_root/code_gen_ipgen_StreamingDataWidthConverter_rtl_7_ab4eighi/StreamingDataWidthConverter_rtl_7.v:32]
INFO: [Synth 8-6155] done synthesizing module 'finn_design_StreamingDataWidthConverter_rtl_7_0' (0#1) [d:/finn_dev_root/vivado_stitch_proj_wlkx21xb/finn_vivado_stitch_proj.gen/sources_1/bd/finn_design/ip/finn_design_StreamingDataWidthConverter_rtl_7_0/synth/finn_design_StreamingDataWidthConverter_rtl_7_0.v:53]
WARNING: [Synth 8-7129] Port s_axis_tdata[15] in module dwc_axi is either unconnected or has no load
WARNING: [Synth 8-7129] Port s_axis_tdata[14] in module dwc_axi is either unconnected or has no load
WARNING: [Synth 8-7129] Port s_axis_tdata[13] in module dwc_axi is either unconnected or has no load
WARNING: [Synth 8-7129] Port s_axis_tdata[12] in module dwc_axi is either unconnected or has no load
---------------------------------------------------------------------------------
Finished RTL Elaboration : Time (s): cpu = 00:00:11 ; elapsed = 00:00:13 . Memory (MB): peak = 1959.609 ; gain = 511.555
---------------------------------------------------------------------------------
---------------------------------------------------------------------------------
Start Handling Custom Attributes
---------------------------------------------------------------------------------
---------------------------------------------------------------------------------
Finished Handling Custom Attributes : Time (s): cpu = 00:00:11 ; elapsed = 00:00:13 . Memory (MB): peak = 1959.609 ; gain = 511.555
---------------------------------------------------------------------------------
---------------------------------------------------------------------------------
Finished RTL Optimization Phase 1 : Time (s): cpu = 00:00:11 ; elapsed = 00:00:13 . Memory (MB): peak = 1959.609 ; gain = 511.555
---------------------------------------------------------------------------------
Netlist sorting complete. Time (s): cpu = 00:00:00 ; elapsed = 00:00:00.019 . Memory (MB): peak = 1959.609 ; gain = 0.000
INFO: [Project 1-570] Preparing netlist for logic optimization

Processing XDC Constraints
Initializing timing engine
Completed Processing XDC Constraints

Netlist sorting complete. Time (s): cpu = 00:00:00 ; elapsed = 00:00:00 . Memory (MB): peak = 2050.527 ; gain = 0.000
INFO: [Project 1-111] Unisim Transformation Summary:
No Unisim elements were transformed.

Constraint Validation Runtime : Time (s): cpu = 00:00:00 ; elapsed = 00:00:00.029 . Memory (MB): peak = 2050.543 ; gain = 0.016
INFO: [Designutils 20-5008] Incremental synthesis strategy off
INFO: [Synth 8-11241] undeclared symbol 'REGCCE', assumed default net type 'wire' [D:/Xilinx/Vivado/2022.2/data/verilog/src/unimacro/BRAM_SINGLE_MACRO.v:2170]
---------------------------------------------------------------------------------
Finished Constraint Validation : Time (s): cpu = 00:00:23 ; elapsed = 00:00:27 . Memory (MB): peak = 2050.543 ; gain = 602.488
---------------------------------------------------------------------------------
---------------------------------------------------------------------------------
Start Loading Part and Timing Information
---------------------------------------------------------------------------------
Loading part: xc7z020clg400-1
---------------------------------------------------------------------------------
Finished Loading Part and Timing Information : Time (s): cpu = 00:00:23 ; elapsed = 00:00:27 . Memory (MB): peak = 2050.543 ; gain = 602.488
---------------------------------------------------------------------------------
---------------------------------------------------------------------------------
Start Applying 'set_property' XDC Constraints
---------------------------------------------------------------------------------
---------------------------------------------------------------------------------
Finished applying 'set_property' XDC Constraints : Time (s): cpu = 00:00:23 ; elapsed = 00:00:27 . Memory (MB): peak = 2050.543 ; gain = 602.488
---------------------------------------------------------------------------------
---------------------------------------------------------------------------------
Finished RTL Optimization Phase 2 : Time (s): cpu = 00:00:23 ; elapsed = 00:00:27 . Memory (MB): peak = 2050.543 ; gain = 602.488
---------------------------------------------------------------------------------
---------------------------------------------------------------------------------
Start RTL Component Statistics 
---------------------------------------------------------------------------------
Detailed RTL Component Info : 
+---Adders : 
	   2 Input    5 Bit       Adders := 1     
+---Registers : 
	               12 Bit    Registers := 15    
	                5 Bit    Registers := 1     
	                1 Bit    Registers := 1     
+---Muxes : 
	   2 Input   12 Bit        Muxes := 2     
	   2 Input    5 Bit        Muxes := 1     
---------------------------------------------------------------------------------
Finished RTL Component Statistics 
---------------------------------------------------------------------------------
---------------------------------------------------------------------------------
Start Part Resource Summary
---------------------------------------------------------------------------------
Part Resources:
DSPs: 220 (col length:60)
BRAMs: 280 (col length: RAMB18 60 RAMB36 30)
---------------------------------------------------------------------------------
Finished Part Resource Summary
---------------------------------------------------------------------------------
---------------------------------------------------------------------------------
Start Cross Boundary and Area Optimization
---------------------------------------------------------------------------------
WARNING: [Synth 8-7080] Parallel synthesis criteria is not met
WARNING: [Synth 8-7129] Port in0_V_TDATA[15] in module finn_design_StreamingDataWidthConverter_rtl_7_0 is either unconnected or has no load
WARNING: [Synth 8-7129] Port in0_V_TDATA[14] in module finn_design_StreamingDataWidthConverter_rtl_7_0 is either unconnected or has no load
WARNING: [Synth 8-7129] Port in0_V_TDATA[13] in module finn_design_StreamingDataWidthConverter_rtl_7_0 is either unconnected or has no load
WARNING: [Synth 8-7129] Port in0_V_TDATA[12] in module finn_design_StreamingDataWidthConverter_rtl_7_0 is either unconnected or has no load
---------------------------------------------------------------------------------
Finished Cross Boundary and Area Optimization : Time (s): cpu = 00:00:27 ; elapsed = 00:00:31 . Memory (MB): peak = 2050.543 ; gain = 602.488
---------------------------------------------------------------------------------
---------------------------------------------------------------------------------
Start Applying XDC Timing Constraints
---------------------------------------------------------------------------------
---------------------------------------------------------------------------------
Finished Applying XDC Timing Constraints : Time (s): cpu = 00:00:35 ; elapsed = 00:00:40 . Memory (MB): peak = 2050.543 ; gain = 602.488
---------------------------------------------------------------------------------
---------------------------------------------------------------------------------
Start Timing Optimization
---------------------------------------------------------------------------------
---------------------------------------------------------------------------------
Finished Timing Optimization : Time (s): cpu = 00:00:35 ; elapsed = 00:00:40 . Memory (MB): peak = 2050.543 ; gain = 602.488
---------------------------------------------------------------------------------
---------------------------------------------------------------------------------
Start Technology Mapping
---------------------------------------------------------------------------------
---------------------------------------------------------------------------------
Finished Technology Mapping : Time (s): cpu = 00:00:35 ; elapsed = 00:00:40 . Memory (MB): peak = 2050.543 ; gain = 602.488
---------------------------------------------------------------------------------
---------------------------------------------------------------------------------
Start IO Insertion
---------------------------------------------------------------------------------
---------------------------------------------------------------------------------
Start Flattening Before IO Insertion
---------------------------------------------------------------------------------
---------------------------------------------------------------------------------
Finished Flattening Before IO Insertion
---------------------------------------------------------------------------------
---------------------------------------------------------------------------------
Start Final Netlist Cleanup
---------------------------------------------------------------------------------
---------------------------------------------------------------------------------
Finished Final Netlist Cleanup
---------------------------------------------------------------------------------
---------------------------------------------------------------------------------
Finished IO Insertion : Time (s): cpu = 00:00:44 ; elapsed = 00:00:50 . Memory (MB): peak = 2050.543 ; gain = 602.488
---------------------------------------------------------------------------------
---------------------------------------------------------------------------------
Start Renaming Generated Instances
---------------------------------------------------------------------------------
---------------------------------------------------------------------------------
Finished Renaming Generated Instances : Time (s): cpu = 00:00:44 ; elapsed = 00:00:50 . Memory (MB): peak = 2050.543 ; gain = 602.488
---------------------------------------------------------------------------------
---------------------------------------------------------------------------------
Start Rebuilding User Hierarchy
---------------------------------------------------------------------------------
---------------------------------------------------------------------------------
Finished Rebuilding User Hierarchy : Time (s): cpu = 00:00:44 ; elapsed = 00:00:50 . Memory (MB): peak = 2050.543 ; gain = 602.488
---------------------------------------------------------------------------------
---------------------------------------------------------------------------------
Start Renaming Generated Ports
---------------------------------------------------------------------------------
---------------------------------------------------------------------------------
Finished Renaming Generated Ports : Time (s): cpu = 00:00:44 ; elapsed = 00:00:50 . Memory (MB): peak = 2050.543 ; gain = 602.488
---------------------------------------------------------------------------------
---------------------------------------------------------------------------------
Start Handling Custom Attributes
---------------------------------------------------------------------------------
---------------------------------------------------------------------------------
Finished Handling Custom Attributes : Time (s): cpu = 00:00:44 ; elapsed = 00:00:50 . Memory (MB): peak = 2050.543 ; gain = 602.488
---------------------------------------------------------------------------------
---------------------------------------------------------------------------------
Start Renaming Generated Nets
---------------------------------------------------------------------------------
---------------------------------------------------------------------------------
Finished Renaming Generated Nets : Time (s): cpu = 00:00:44 ; elapsed = 00:00:50 . Memory (MB): peak = 2050.543 ; gain = 602.488
---------------------------------------------------------------------------------
---------------------------------------------------------------------------------
Start Writing Synthesis Report
---------------------------------------------------------------------------------

Report BlackBoxes: 
+-+--------------+----------+
| |BlackBox name |Instances |
+-+--------------+----------+
+-+--------------+----------+

Report Cell Usage: 
+------+-----+------+
|      |Cell |Count |
+------+-----+------+
|1     |LUT1 |     1|
|2     |LUT2 |     2|
|3     |LUT3 |    16|
|4     |LUT4 |     3|
|5     |LUT5 |     1|
|6     |LUT6 |     3|
|7     |FDRE |   182|
|8     |FDSE |     4|
+------+-----+------+
---------------------------------------------------------------------------------
Finished Writing Synthesis Report : Time (s): cpu = 00:00:44 ; elapsed = 00:00:50 . Memory (MB): peak = 2050.543 ; gain = 602.488
---------------------------------------------------------------------------------
Synthesis finished with 0 errors, 0 critical warnings and 5 warnings.
Synthesis Optimization Runtime : Time (s): cpu = 00:00:30 ; elapsed = 00:00:47 . Memory (MB): peak = 2050.543 ; gain = 511.555
Synthesis Optimization Complete : Time (s): cpu = 00:00:44 ; elapsed = 00:00:51 . Memory (MB): peak = 2050.543 ; gain = 602.488
INFO: [Project 1-571] Translating synthesized netlist
Netlist sorting complete. Time (s): cpu = 00:00:00 ; elapsed = 00:00:00.014 . Memory (MB): peak = 2050.543 ; gain = 0.000
INFO: [Project 1-570] Preparing netlist for logic optimization
INFO: [Opt 31-138] Pushed 0 inverter(s) to 0 load pin(s).
Netlist sorting complete. Time (s): cpu = 00:00:00 ; elapsed = 00:00:00 . Memory (MB): peak = 2050.543 ; gain = 0.000
INFO: [Project 1-111] Unisim Transformation Summary:
No Unisim elements were transformed.

Synth Design complete, checksum: dc8e9839
INFO: [Common 17-83] Releasing license: Synthesis
127 Infos, 14 Warnings, 0 Critical Warnings and 0 Errors encountered.
synth_design completed successfully
synth_design: Time (s): cpu = 00:00:52 ; elapsed = 00:01:00 . Memory (MB): peak = 2050.543 ; gain = 1003.867
INFO: [Common 17-1381] The checkpoint 'D:/finn_dev_root/vivado_stitch_proj_wlkx21xb/finn_vivado_stitch_proj.runs/finn_design_StreamingDataWidthConverter_rtl_7_0_synth_1/finn_design_StreamingDataWidthConverter_rtl_7_0.dcp' has been generated.
INFO: [Coretcl 2-1648] Added synthesis output to IP cache for IP finn_design_StreamingDataWidthConverter_rtl_7_0, cache-ID = bd045f0572282497
INFO: [Coretcl 2-1174] Renamed 3 cell refs.
INFO: [Common 17-1381] The checkpoint 'D:/finn_dev_root/vivado_stitch_proj_wlkx21xb/finn_vivado_stitch_proj.runs/finn_design_StreamingDataWidthConverter_rtl_7_0_synth_1/finn_design_StreamingDataWidthConverter_rtl_7_0.dcp' has been generated.
INFO: [runtcl-4] Executing : report_utilization -file finn_design_StreamingDataWidthConverter_rtl_7_0_utilization_synth.rpt -pb finn_design_StreamingDataWidthConverter_rtl_7_0_utilization_synth.pb
INFO: [Common 17-206] Exiting Vivado at Sat Nov  9 23:20:37 2024...
