#Build: Fabric Compiler 2022.1, Build 99559, Jul 12 00:20 2022
#Install: C:\pango\PDS_2022.1\bin
#Application name: pds_shell.exe
#OS: Windows 10 10.0.22621
#Hostname: liu
Generated by Fabric Compiler (version 2022.1 build 99559) at Sun Oct  6 20:13:07 2024
License checkout: fabric_ads
Compiling verification operator library.
Loading technology operator library.
Compiling technology operator library.
Compiling technology operator (valence) library.
I: Enable Verilog2k features and keywords
Start rtl-analyze.
Executing : .rtl_analyze -work work -include_path {C:/Users/G1320/Desktop/06_hdmi_loop} C:/Users/G1320/Desktop/06_hdmi_loop/src/iic_dri.v
I: Verilog-0001: Analyzing file C:/Users/G1320/Desktop/06_hdmi_loop/src/iic_dri.v
I: Verilog-0002: [C:/Users/G1320/Desktop/06_hdmi_loop/src/iic_dri.v(line number: 28)] Analyzing module iic_dri (library work)
Parsing done.
Executing : .rtl_analyze -work work -include_path {C:/Users/G1320/Desktop/06_hdmi_loop} C:/Users/G1320/Desktop/06_hdmi_loop/src/iic_dri.v successfully.
Executing : .rtl_analyze -work work -include_path {C:/Users/G1320/Desktop/06_hdmi_loop} C:/Users/G1320/Desktop/06_hdmi_loop/src/ms7210_ctl.v
I: Verilog-0001: Analyzing file C:/Users/G1320/Desktop/06_hdmi_loop/src/ms7210_ctl.v
I: Verilog-0002: [C:/Users/G1320/Desktop/06_hdmi_loop/src/ms7210_ctl.v(line number: 22)] Analyzing module ms7210_ctl (library work)
Parsing done.
Executing : .rtl_analyze -work work -include_path {C:/Users/G1320/Desktop/06_hdmi_loop} C:/Users/G1320/Desktop/06_hdmi_loop/src/ms7210_ctl.v successfully.
Executing : .rtl_analyze -work work -include_path {C:/Users/G1320/Desktop/06_hdmi_loop} C:/Users/G1320/Desktop/06_hdmi_loop/src/ms7200_ctl.v
I: Verilog-0001: Analyzing file C:/Users/G1320/Desktop/06_hdmi_loop/src/ms7200_ctl.v
I: Verilog-0002: [C:/Users/G1320/Desktop/06_hdmi_loop/src/ms7200_ctl.v(line number: 22)] Analyzing module ms7200_ctl (library work)
Parsing done.
Executing : .rtl_analyze -work work -include_path {C:/Users/G1320/Desktop/06_hdmi_loop} C:/Users/G1320/Desktop/06_hdmi_loop/src/ms7200_ctl.v successfully.
Executing : .rtl_analyze -work work -include_path {C:/Users/G1320/Desktop/06_hdmi_loop} C:/Users/G1320/Desktop/06_hdmi_loop/src/ms72xx_ctl.v
I: Verilog-0001: Analyzing file C:/Users/G1320/Desktop/06_hdmi_loop/src/ms72xx_ctl.v
I: Verilog-0002: [C:/Users/G1320/Desktop/06_hdmi_loop/src/ms72xx_ctl.v(line number: 22)] Analyzing module ms72xx_ctl (library work)
Parsing done.
Executing : .rtl_analyze -work work -include_path {C:/Users/G1320/Desktop/06_hdmi_loop} C:/Users/G1320/Desktop/06_hdmi_loop/src/ms72xx_ctl.v successfully.
Executing : .rtl_analyze -work work -include_path {C:/Users/G1320/Desktop/06_hdmi_loop} C:/Users/G1320/Desktop/06_hdmi_loop/src/hdmi_loop.v
I: Verilog-0001: Analyzing file C:/Users/G1320/Desktop/06_hdmi_loop/src/hdmi_loop.v
I: Verilog-0002: [C:/Users/G1320/Desktop/06_hdmi_loop/src/hdmi_loop.v(line number: 23)] Analyzing module hdmi_loop (library work)
Parsing done.
Executing : .rtl_analyze -work work -include_path {C:/Users/G1320/Desktop/06_hdmi_loop} C:/Users/G1320/Desktop/06_hdmi_loop/src/hdmi_loop.v successfully.
Executing : .rtl_analyze -work work -include_path {C:/Users/G1320/Desktop/06_hdmi_loop} C:/Users/G1320/Desktop/06_hdmi_loop/source/matrix_3_3.v
I: Verilog-0001: Analyzing file C:/Users/G1320/Desktop/06_hdmi_loop/source/matrix_3_3.v
I: Verilog-0002: [C:/Users/G1320/Desktop/06_hdmi_loop/source/matrix_3_3.v(line number: 1)] Analyzing module matrix_3_3 (library work)
Parsing done.
Executing : .rtl_analyze -work work -include_path {C:/Users/G1320/Desktop/06_hdmi_loop} C:/Users/G1320/Desktop/06_hdmi_loop/source/matrix_3_3.v successfully.
Executing : .rtl_analyze -work work -include_path {C:/Users/G1320/Desktop/06_hdmi_loop} C:/Users/G1320/Desktop/06_hdmi_loop/source/gauss_filter.v
I: Verilog-0001: Analyzing file C:/Users/G1320/Desktop/06_hdmi_loop/source/gauss_filter.v
I: Verilog-0002: [C:/Users/G1320/Desktop/06_hdmi_loop/source/gauss_filter.v(line number: 1)] Analyzing module gauss_filter (library work)
Parsing done.
Executing : .rtl_analyze -work work -include_path {C:/Users/G1320/Desktop/06_hdmi_loop} C:/Users/G1320/Desktop/06_hdmi_loop/source/gauss_filter.v successfully.
Executing : .rtl_analyze -include_path {C:/Users/G1320/Desktop/06_hdmi_loop} C:/Users/G1320/Desktop/06_hdmi_loop/ipcore/PLL/PLL.v
I: Verilog-0001: Analyzing file C:/Users/G1320/Desktop/06_hdmi_loop/ipcore/PLL/PLL.v
I: Verilog-0002: [C:/Users/G1320/Desktop/06_hdmi_loop/ipcore/PLL/PLL.v(line number: 20)] Analyzing module PLL (library work)
Parsing done.
Executing : .rtl_analyze -include_path {C:/Users/G1320/Desktop/06_hdmi_loop} C:/Users/G1320/Desktop/06_hdmi_loop/ipcore/PLL/PLL.v successfully.
Executing : .rtl_analyze -include_path {C:/Users/G1320/Desktop/06_hdmi_loop} C:/Users/G1320/Desktop/06_hdmi_loop/ipcore/fifo/rtl/ipml_fifo_ctrl_v1_3.v
I: Verilog-0001: Analyzing file C:/Users/G1320/Desktop/06_hdmi_loop/ipcore/fifo/rtl/ipml_fifo_ctrl_v1_3.v
I: Verilog-0002: [C:/Users/G1320/Desktop/06_hdmi_loop/ipcore/fifo/rtl/ipml_fifo_ctrl_v1_3.v(line number: 21)] Analyzing module ipml_fifo_ctrl_v1_3 (library work)
Parsing done.
Executing : .rtl_analyze -include_path {C:/Users/G1320/Desktop/06_hdmi_loop} C:/Users/G1320/Desktop/06_hdmi_loop/ipcore/fifo/rtl/ipml_fifo_ctrl_v1_3.v successfully.
Executing : .rtl_analyze -include_path {C:/Users/G1320/Desktop/06_hdmi_loop} C:/Users/G1320/Desktop/06_hdmi_loop/ipcore/fifo/rtl/ipml_sdpram_v1_6_matrix_fifo_buf.v
I: Verilog-0001: Analyzing file C:/Users/G1320/Desktop/06_hdmi_loop/ipcore/fifo/rtl/ipml_sdpram_v1_6_matrix_fifo_buf.v
I: Verilog-0002: [C:/Users/G1320/Desktop/06_hdmi_loop/ipcore/fifo/rtl/ipml_sdpram_v1_6_matrix_fifo_buf.v(line number: 20)] Analyzing module ipml_sdpram_v1_6_matrix_fifo_buf (library work)
W: Verilog-2008: [C:/Users/G1320/Desktop/06_hdmi_loop/ipcore/fifo/rtl/ipml_sdpram_v1_6_matrix_fifo_buf.v(line number: 308)] Ignore 'system task' $display
W: Verilog-2008: [C:/Users/G1320/Desktop/06_hdmi_loop/ipcore/fifo/rtl/ipml_sdpram_v1_6_matrix_fifo_buf.v(line number: 309)] Ignore 'system task' $finish
W: Verilog-2008: [C:/Users/G1320/Desktop/06_hdmi_loop/ipcore/fifo/rtl/ipml_sdpram_v1_6_matrix_fifo_buf.v(line number: 312)] Ignore 'system task' $display
W: Verilog-2008: [C:/Users/G1320/Desktop/06_hdmi_loop/ipcore/fifo/rtl/ipml_sdpram_v1_6_matrix_fifo_buf.v(line number: 316)] Ignore 'system task' $display
W: Verilog-2008: [C:/Users/G1320/Desktop/06_hdmi_loop/ipcore/fifo/rtl/ipml_sdpram_v1_6_matrix_fifo_buf.v(line number: 320)] Ignore 'system task' $display
W: Verilog-2008: [C:/Users/G1320/Desktop/06_hdmi_loop/ipcore/fifo/rtl/ipml_sdpram_v1_6_matrix_fifo_buf.v(line number: 324)] Ignore 'system task' $display
W: Verilog-2008: [C:/Users/G1320/Desktop/06_hdmi_loop/ipcore/fifo/rtl/ipml_sdpram_v1_6_matrix_fifo_buf.v(line number: 328)] Ignore 'system task' $display
W: Verilog-2008: [C:/Users/G1320/Desktop/06_hdmi_loop/ipcore/fifo/rtl/ipml_sdpram_v1_6_matrix_fifo_buf.v(line number: 329)] Ignore 'system task' $finish
W: Verilog-2008: [C:/Users/G1320/Desktop/06_hdmi_loop/ipcore/fifo/rtl/ipml_sdpram_v1_6_matrix_fifo_buf.v(line number: 332)] Ignore 'system task' $display
W: Verilog-2008: [C:/Users/G1320/Desktop/06_hdmi_loop/ipcore/fifo/rtl/ipml_sdpram_v1_6_matrix_fifo_buf.v(line number: 333)] Ignore 'system task' $finish
W: Verilog-2008: [C:/Users/G1320/Desktop/06_hdmi_loop/ipcore/fifo/rtl/ipml_sdpram_v1_6_matrix_fifo_buf.v(line number: 336)] Ignore 'system task' $display
W: Verilog-2008: [C:/Users/G1320/Desktop/06_hdmi_loop/ipcore/fifo/rtl/ipml_sdpram_v1_6_matrix_fifo_buf.v(line number: 337)] Ignore 'system task' $finish
W: Verilog-2008: [C:/Users/G1320/Desktop/06_hdmi_loop/ipcore/fifo/rtl/ipml_sdpram_v1_6_matrix_fifo_buf.v(line number: 340)] Ignore 'system task' $display
W: Verilog-2008: [C:/Users/G1320/Desktop/06_hdmi_loop/ipcore/fifo/rtl/ipml_sdpram_v1_6_matrix_fifo_buf.v(line number: 341)] Ignore 'system task' $finish
W: Verilog-2008: [C:/Users/G1320/Desktop/06_hdmi_loop/ipcore/fifo/rtl/ipml_sdpram_v1_6_matrix_fifo_buf.v(line number: 344)] Ignore 'system task' $display
W: Verilog-2008: [C:/Users/G1320/Desktop/06_hdmi_loop/ipcore/fifo/rtl/ipml_sdpram_v1_6_matrix_fifo_buf.v(line number: 345)] Ignore 'system task' $finish
W: Verilog-2008: [C:/Users/G1320/Desktop/06_hdmi_loop/ipcore/fifo/rtl/ipml_sdpram_v1_6_matrix_fifo_buf.v(line number: 348)] Ignore 'system task' $display
W: Verilog-2008: [C:/Users/G1320/Desktop/06_hdmi_loop/ipcore/fifo/rtl/ipml_sdpram_v1_6_matrix_fifo_buf.v(line number: 349)] Ignore 'system task' $finish
W: Verilog-2008: [C:/Users/G1320/Desktop/06_hdmi_loop/ipcore/fifo/rtl/ipml_sdpram_v1_6_matrix_fifo_buf.v(line number: 352)] Ignore 'system task' $display
W: Verilog-2008: [C:/Users/G1320/Desktop/06_hdmi_loop/ipcore/fifo/rtl/ipml_sdpram_v1_6_matrix_fifo_buf.v(line number: 353)] Ignore 'system task' $finish
W: Verilog-2008: [C:/Users/G1320/Desktop/06_hdmi_loop/ipcore/fifo/rtl/ipml_sdpram_v1_6_matrix_fifo_buf.v(line number: 356)] Ignore 'system task' $display
W: Verilog-2008: [C:/Users/G1320/Desktop/06_hdmi_loop/ipcore/fifo/rtl/ipml_sdpram_v1_6_matrix_fifo_buf.v(line number: 357)] Ignore 'system task' $finish
W: Verilog-2008: [C:/Users/G1320/Desktop/06_hdmi_loop/ipcore/fifo/rtl/ipml_sdpram_v1_6_matrix_fifo_buf.v(line number: 360)] Ignore 'system task' $display
W: Verilog-2008: [C:/Users/G1320/Desktop/06_hdmi_loop/ipcore/fifo/rtl/ipml_sdpram_v1_6_matrix_fifo_buf.v(line number: 361)] Ignore 'system task' $finish
W: Verilog-2008: [C:/Users/G1320/Desktop/06_hdmi_loop/ipcore/fifo/rtl/ipml_sdpram_v1_6_matrix_fifo_buf.v(line number: 364)] Ignore 'system task' $display
W: Verilog-2008: [C:/Users/G1320/Desktop/06_hdmi_loop/ipcore/fifo/rtl/ipml_sdpram_v1_6_matrix_fifo_buf.v(line number: 365)] Ignore 'system task' $finish
W: Verilog-2008: [C:/Users/G1320/Desktop/06_hdmi_loop/ipcore/fifo/rtl/ipml_sdpram_v1_6_matrix_fifo_buf.v(line number: 368)] Ignore 'system task' $display
W: Verilog-2008: [C:/Users/G1320/Desktop/06_hdmi_loop/ipcore/fifo/rtl/ipml_sdpram_v1_6_matrix_fifo_buf.v(line number: 369)] Ignore 'system task' $finish
W: Verilog-2008: [C:/Users/G1320/Desktop/06_hdmi_loop/ipcore/fifo/rtl/ipml_sdpram_v1_6_matrix_fifo_buf.v(line number: 373)] Ignore 'system task' $display
W: Verilog-2008: [C:/Users/G1320/Desktop/06_hdmi_loop/ipcore/fifo/rtl/ipml_sdpram_v1_6_matrix_fifo_buf.v(line number: 374)] Ignore 'system task' $finish
W: Verilog-2008: [C:/Users/G1320/Desktop/06_hdmi_loop/ipcore/fifo/rtl/ipml_sdpram_v1_6_matrix_fifo_buf.v(line number: 377)] Ignore 'system task' $display
W: Verilog-2008: [C:/Users/G1320/Desktop/06_hdmi_loop/ipcore/fifo/rtl/ipml_sdpram_v1_6_matrix_fifo_buf.v(line number: 378)] Ignore 'system task' $finish
W: Verilog-2008: [C:/Users/G1320/Desktop/06_hdmi_loop/ipcore/fifo/rtl/ipml_sdpram_v1_6_matrix_fifo_buf.v(line number: 382)] Ignore 'system task' $display
W: Verilog-2008: [C:/Users/G1320/Desktop/06_hdmi_loop/ipcore/fifo/rtl/ipml_sdpram_v1_6_matrix_fifo_buf.v(line number: 383)] Ignore 'system task' $finish
W: Verilog-2008: [C:/Users/G1320/Desktop/06_hdmi_loop/ipcore/fifo/rtl/ipml_sdpram_v1_6_matrix_fifo_buf.v(line number: 386)] Ignore 'system task' $display
W: Verilog-2008: [C:/Users/G1320/Desktop/06_hdmi_loop/ipcore/fifo/rtl/ipml_sdpram_v1_6_matrix_fifo_buf.v(line number: 387)] Ignore 'system task' $finish
W: Verilog-2008: [C:/Users/G1320/Desktop/06_hdmi_loop/ipcore/fifo/rtl/ipml_sdpram_v1_6_matrix_fifo_buf.v(line number: 390)] Ignore 'system task' $display
W: Verilog-2008: [C:/Users/G1320/Desktop/06_hdmi_loop/ipcore/fifo/rtl/ipml_sdpram_v1_6_matrix_fifo_buf.v(line number: 391)] Ignore 'system task' $finish
W: Verilog-2008: [C:/Users/G1320/Desktop/06_hdmi_loop/ipcore/fifo/rtl/ipml_sdpram_v1_6_matrix_fifo_buf.v(line number: 394)] Ignore 'system task' $display
W: Verilog-2008: [C:/Users/G1320/Desktop/06_hdmi_loop/ipcore/fifo/rtl/ipml_sdpram_v1_6_matrix_fifo_buf.v(line number: 395)] Ignore 'system task' $finish
W: Verilog-2008: [C:/Users/G1320/Desktop/06_hdmi_loop/ipcore/fifo/rtl/ipml_sdpram_v1_6_matrix_fifo_buf.v(line number: 398)] Ignore 'system task' $display
W: Verilog-2008: [C:/Users/G1320/Desktop/06_hdmi_loop/ipcore/fifo/rtl/ipml_sdpram_v1_6_matrix_fifo_buf.v(line number: 399)] Ignore 'system task' $finish
W: Verilog-2008: [C:/Users/G1320/Desktop/06_hdmi_loop/ipcore/fifo/rtl/ipml_sdpram_v1_6_matrix_fifo_buf.v(line number: 404)] Ignore 'system task' $display
W: Verilog-2008: [C:/Users/G1320/Desktop/06_hdmi_loop/ipcore/fifo/rtl/ipml_sdpram_v1_6_matrix_fifo_buf.v(line number: 405)] Ignore 'system task' $finish
W: Verilog-2008: [C:/Users/G1320/Desktop/06_hdmi_loop/ipcore/fifo/rtl/ipml_sdpram_v1_6_matrix_fifo_buf.v(line number: 408)] Ignore 'system task' $display
W: Verilog-2008: [C:/Users/G1320/Desktop/06_hdmi_loop/ipcore/fifo/rtl/ipml_sdpram_v1_6_matrix_fifo_buf.v(line number: 409)] Ignore 'system task' $finish
W: Verilog-2008: [C:/Users/G1320/Desktop/06_hdmi_loop/ipcore/fifo/rtl/ipml_sdpram_v1_6_matrix_fifo_buf.v(line number: 414)] Ignore 'system task' $display
W: Verilog-2008: [C:/Users/G1320/Desktop/06_hdmi_loop/ipcore/fifo/rtl/ipml_sdpram_v1_6_matrix_fifo_buf.v(line number: 415)] Ignore 'system task' $finish
W: Verilog-2010: [C:/Users/G1320/Desktop/06_hdmi_loop/ipcore/fifo/rtl/ipml_sdpram_v1_6_matrix_fifo_buf.v(line number: 306)] Ignore initial statements except memory $readmemh/$readmemb initialization statements
Parsing done.
Executing : .rtl_analyze -include_path {C:/Users/G1320/Desktop/06_hdmi_loop} C:/Users/G1320/Desktop/06_hdmi_loop/ipcore/fifo/rtl/ipml_sdpram_v1_6_matrix_fifo_buf.v successfully.
Executing : .rtl_analyze -include_path {C:/Users/G1320/Desktop/06_hdmi_loop} C:/Users/G1320/Desktop/06_hdmi_loop/ipcore/fifo/rtl/ipml_fifo_v1_6_matrix_fifo_buf.v
I: Verilog-0001: Analyzing file C:/Users/G1320/Desktop/06_hdmi_loop/ipcore/fifo/rtl/ipml_fifo_v1_6_matrix_fifo_buf.v
I: Verilog-0002: [C:/Users/G1320/Desktop/06_hdmi_loop/ipcore/fifo/rtl/ipml_fifo_v1_6_matrix_fifo_buf.v(line number: 25)] Analyzing module ipml_fifo_v1_6_matrix_fifo_buf (library work)
Parsing done.
Executing : .rtl_analyze -include_path {C:/Users/G1320/Desktop/06_hdmi_loop} C:/Users/G1320/Desktop/06_hdmi_loop/ipcore/fifo/rtl/ipml_fifo_v1_6_matrix_fifo_buf.v successfully.
Executing : .rtl_analyze -include_path {C:/Users/G1320/Desktop/06_hdmi_loop} C:/Users/G1320/Desktop/06_hdmi_loop/ipcore/fifo/matrix_fifo_buf.v
I: Verilog-0001: Analyzing file C:/Users/G1320/Desktop/06_hdmi_loop/ipcore/fifo/matrix_fifo_buf.v
I: Verilog-0002: [C:/Users/G1320/Desktop/06_hdmi_loop/ipcore/fifo/matrix_fifo_buf.v(line number: 18)] Analyzing module matrix_fifo_buf (library work)
Parsing done.
Executing : .rtl_analyze -include_path {C:/Users/G1320/Desktop/06_hdmi_loop} C:/Users/G1320/Desktop/06_hdmi_loop/ipcore/fifo/matrix_fifo_buf.v successfully.
I: Module "hdmi_loop" is set as top module.
Executing : rtl-analyze successfully. Time elapsed: 0.884s wall, 0.000s user + 0.016s system = 0.016s CPU (1.8%)

Start rtl-elaborate.
I: Verilog-0003: [C:/Users/G1320/Desktop/06_hdmi_loop/src/hdmi_loop.v(line number: 23)] Elaborating module hdmi_loop
I: Module instance {hdmi_loop} parameter value:
    X_WIDTH = 4'b1100
    Y_WIDTH = 4'b1100
    V_TOTAL = 12'b010001100101
    V_FP = 12'b000000000100
    V_BP = 12'b000000100100
    V_SYNC = 12'b000000000101
    V_ACT = 12'b010000111000
    H_TOTAL = 12'b100010011000
    H_FP = 12'b000001011000
    H_BP = 12'b000010010100
    H_SYNC = 12'b000000101100
    H_ACT = 12'b011110000000
    HV_OFFSET = 12'b000000000000
I: Verilog-0004: [C:/Users/G1320/Desktop/06_hdmi_loop/src/hdmi_loop.v(line number: 69)] Elaborating instance u_pll
I: Verilog-0003: [C:/Users/G1320/Desktop/06_hdmi_loop/ipcore/PLL/PLL.v(line number: 20)] Elaborating module PLL
I: Verilog-0004: [C:/Users/G1320/Desktop/06_hdmi_loop/ipcore/PLL/PLL.v(line number: 230)] Elaborating instance u_pll_e3
W: Verilog-2021: [C:/Users/G1320/Desktop/06_hdmi_loop/ipcore/PLL/PLL.v(line number: 117)] Net clkfb in PLL(original module PLL) does not have a driver, tie it to 0
W: Verilog-2021: [C:/Users/G1320/Desktop/06_hdmi_loop/ipcore/PLL/PLL.v(line number: 120)] Net pfden in PLL(original module PLL) does not have a driver, tie it to 0
W: Verilog-2021: [C:/Users/G1320/Desktop/06_hdmi_loop/ipcore/PLL/PLL.v(line number: 121)] Net clkout0_gate in PLL(original module PLL) does not have a driver, tie it to 0
W: Verilog-2021: [C:/Users/G1320/Desktop/06_hdmi_loop/ipcore/PLL/PLL.v(line number: 122)] Net clkout0_2pad_gate in PLL(original module PLL) does not have a driver, tie it to 0
W: Verilog-2021: [C:/Users/G1320/Desktop/06_hdmi_loop/ipcore/PLL/PLL.v(line number: 123)] Net clkout1_gate in PLL(original module PLL) does not have a driver, tie it to 0
W: Verilog-2021: [C:/Users/G1320/Desktop/06_hdmi_loop/ipcore/PLL/PLL.v(line number: 124)] Net clkout2_gate in PLL(original module PLL) does not have a driver, tie it to 0
W: Verilog-2021: [C:/Users/G1320/Desktop/06_hdmi_loop/ipcore/PLL/PLL.v(line number: 125)] Net clkout3_gate in PLL(original module PLL) does not have a driver, tie it to 0
W: Verilog-2021: [C:/Users/G1320/Desktop/06_hdmi_loop/ipcore/PLL/PLL.v(line number: 126)] Net clkout4_gate in PLL(original module PLL) does not have a driver, tie it to 0
W: Verilog-2021: [C:/Users/G1320/Desktop/06_hdmi_loop/ipcore/PLL/PLL.v(line number: 127)] Net clkout5_gate in PLL(original module PLL) does not have a driver, tie it to 0
W: Verilog-2021: [C:/Users/G1320/Desktop/06_hdmi_loop/ipcore/PLL/PLL.v(line number: 128)] Net dyn_idiv in PLL(original module PLL) does not have a driver, tie it to 0
W: Verilog-2021: [C:/Users/G1320/Desktop/06_hdmi_loop/ipcore/PLL/PLL.v(line number: 129)] Net dyn_odiv0 in PLL(original module PLL) does not have a driver, tie it to 0
W: Verilog-2021: [C:/Users/G1320/Desktop/06_hdmi_loop/ipcore/PLL/PLL.v(line number: 130)] Net dyn_odiv1 in PLL(original module PLL) does not have a driver, tie it to 0
W: Verilog-2021: [C:/Users/G1320/Desktop/06_hdmi_loop/ipcore/PLL/PLL.v(line number: 131)] Net dyn_odiv2 in PLL(original module PLL) does not have a driver, tie it to 0
W: Verilog-2021: [C:/Users/G1320/Desktop/06_hdmi_loop/ipcore/PLL/PLL.v(line number: 132)] Net dyn_odiv3 in PLL(original module PLL) does not have a driver, tie it to 0
W: Verilog-2021: [C:/Users/G1320/Desktop/06_hdmi_loop/ipcore/PLL/PLL.v(line number: 133)] Net dyn_odiv4 in PLL(original module PLL) does not have a driver, tie it to 0
W: Verilog-2021: [C:/Users/G1320/Desktop/06_hdmi_loop/ipcore/PLL/PLL.v(line number: 134)] Net dyn_fdiv in PLL(original module PLL) does not have a driver, tie it to 0
W: Verilog-2021: [C:/Users/G1320/Desktop/06_hdmi_loop/ipcore/PLL/PLL.v(line number: 135)] Net dyn_duty0 in PLL(original module PLL) does not have a driver, tie it to 0
W: Verilog-2021: [C:/Users/G1320/Desktop/06_hdmi_loop/ipcore/PLL/PLL.v(line number: 136)] Net dyn_duty1 in PLL(original module PLL) does not have a driver, tie it to 0
W: Verilog-2021: [C:/Users/G1320/Desktop/06_hdmi_loop/ipcore/PLL/PLL.v(line number: 137)] Net dyn_duty2 in PLL(original module PLL) does not have a driver, tie it to 0
W: Verilog-2021: [C:/Users/G1320/Desktop/06_hdmi_loop/ipcore/PLL/PLL.v(line number: 138)] Net dyn_duty3 in PLL(original module PLL) does not have a driver, tie it to 0
W: Verilog-2021: [C:/Users/G1320/Desktop/06_hdmi_loop/ipcore/PLL/PLL.v(line number: 139)] Net dyn_duty4 in PLL(original module PLL) does not have a driver, tie it to 0
I: Verilog-0004: [C:/Users/G1320/Desktop/06_hdmi_loop/src/hdmi_loop.v(line number: 75)] Elaborating instance ms72xx_ctl
I: Verilog-0003: [C:/Users/G1320/Desktop/06_hdmi_loop/src/ms72xx_ctl.v(line number: 22)] Elaborating module ms72xx_ctl
I: Verilog-0004: [C:/Users/G1320/Desktop/06_hdmi_loop/src/ms72xx_ctl.v(line number: 76)] Elaborating instance ms7200_ctl
I: Verilog-0003: [C:/Users/G1320/Desktop/06_hdmi_loop/src/ms7200_ctl.v(line number: 22)] Elaborating module ms7200_ctl
I: Module instance {hdmi_loop.ms72xx_ctl.ms7200_ctl} parameter value:
    IDLE = 7'b0000001
    CONECT = 7'b0000010
    INIT = 7'b0000100
    WAIT = 7'b0001000
    STA_RD = 7'b0010000
    SETING = 7'b0100000
    RD_BAK = 7'b1000000
I: Verilog-0004: [C:/Users/G1320/Desktop/06_hdmi_loop/src/ms72xx_ctl.v(line number: 91)] Elaborating instance ms7210_ctl
I: Verilog-0003: [C:/Users/G1320/Desktop/06_hdmi_loop/src/ms7210_ctl.v(line number: 22)] Elaborating module ms7210_ctl
I: Module instance {hdmi_loop.ms72xx_ctl.ms7210_ctl} parameter value:
    IDLE = 6'b000001
    CONECT = 6'b000010
    INIT = 6'b000100
    WAIT = 6'b001000
    SETING = 6'b010000
    STA_RD = 6'b100000
I: Verilog-0004: [C:/Users/G1320/Desktop/06_hdmi_loop/src/ms72xx_ctl.v(line number: 129)] Elaborating instance iic_dri_rx
I: Verilog-0003: [C:/Users/G1320/Desktop/06_hdmi_loop/src/iic_dri.v(line number: 28)] Elaborating module iic_dri
I: Module instance {hdmi_loop.ms72xx_ctl.iic_dri_rx} parameter value:
    CLK_FRE = 27'b000100110001001011010000000
    IIC_FREQ = 20'b01100001101010000000
    T_WR = 10'b0000000001
    ADDR_BYTE = 2'b10
    LEN_WIDTH = 8'b00000011
    DATA_BYTE = 2'b01
I: Verilog-0004: [C:/Users/G1320/Desktop/06_hdmi_loop/src/ms72xx_ctl.v(line number: 164)] Elaborating instance iic_dri_tx
I: Verilog-0003: [C:/Users/G1320/Desktop/06_hdmi_loop/src/iic_dri.v(line number: 28)] Elaborating module iic_dri
I: Module instance {hdmi_loop.ms72xx_ctl.iic_dri_tx} parameter value:
    CLK_FRE = 27'b000100110001001011010000000
    IIC_FREQ = 20'b01100001101010000000
    T_WR = 10'b0000000001
    ADDR_BYTE = 2'b10
    LEN_WIDTH = 8'b00000011
    DATA_BYTE = 2'b01
I: Verilog-0004: [C:/Users/G1320/Desktop/06_hdmi_loop/src/hdmi_loop.v(line number: 151)] Elaborating instance u_matrix_3_3
I: Verilog-0003: [C:/Users/G1320/Desktop/06_hdmi_loop/source/matrix_3_3.v(line number: 1)] Elaborating module matrix_3_3
I: Module instance {hdmi_loop.u_matrix_3_3} parameter value:
    IMG_WIDTH = 11'b11110111100
    IMG_HEIGHT = 11'b10000111000
I: Verilog-0004: [C:/Users/G1320/Desktop/06_hdmi_loop/source/matrix_3_3.v(line number: 103)] Elaborating instance matrix_fifo_buf1
I: Verilog-0003: [C:/Users/G1320/Desktop/06_hdmi_loop/ipcore/fifo/matrix_fifo_buf.v(line number: 18)] Elaborating module matrix_fifo_buf
I: Verilog-0004: [C:/Users/G1320/Desktop/06_hdmi_loop/ipcore/fifo/matrix_fifo_buf.v(line number: 156)] Elaborating instance U_ipml_fifo_matrix_fifo_buf
I: Verilog-0003: [C:/Users/G1320/Desktop/06_hdmi_loop/ipcore/fifo/rtl/ipml_fifo_v1_6_matrix_fifo_buf.v(line number: 25)] Elaborating module ipml_fifo_v1_6_matrix_fifo_buf
I: Module instance {hdmi_loop.u_matrix_3_3.matrix_fifo_buf1.U_ipml_fifo_matrix_fifo_buf} parameter value:
    c_SIM_DEVICE = LOGOS
    c_WR_DEPTH_WIDTH = 32'b00000000000000000000000000001100
    c_WR_DATA_WIDTH = 32'b00000000000000000000000000001000
    c_RD_DEPTH_WIDTH = 32'b00000000000000000000000000001100
    c_RD_DATA_WIDTH = 32'b00000000000000000000000000001000
    c_OUTPUT_REG = 32'b00000000000000000000000000000000
    c_RD_OCE_EN = 32'b00000000000000000000000000000000
    c_RESET_TYPE = ASYNC_RESET
    c_POWER_OPT = 32'b00000000000000000000000000000000
    c_RD_CLK_OR_POL_INV = 32'b00000000000000000000000000000000
    c_WR_BYTE_EN = 32'b00000000000000000000000000000000
    c_BE_WIDTH = 32'b00000000000000000000000000000001
    c_FIFO_TYPE = ASYN
    c_ALMOST_FULL_NUM = 32'b00000000000000000000001111111100
    c_ALMOST_EMPTY_NUM = 32'b00000000000000000000000000000100
I: Verilog-0004: [C:/Users/G1320/Desktop/06_hdmi_loop/ipcore/fifo/rtl/ipml_fifo_v1_6_matrix_fifo_buf.v(line number: 93)] Elaborating instance U_ipml_sdpram
I: Verilog-0003: [C:/Users/G1320/Desktop/06_hdmi_loop/ipcore/fifo/rtl/ipml_sdpram_v1_6_matrix_fifo_buf.v(line number: 20)] Elaborating module ipml_sdpram_v1_6_matrix_fifo_buf
I: Module instance {hdmi_loop.u_matrix_3_3.matrix_fifo_buf1.U_ipml_fifo_matrix_fifo_buf.U_ipml_sdpram} parameter value:
    c_SIM_DEVICE = LOGOS
    c_WR_ADDR_WIDTH = 32'b00000000000000000000000000001100
    c_WR_DATA_WIDTH = 32'b00000000000000000000000000001000
    c_RD_ADDR_WIDTH = 32'b00000000000000000000000000001100
    c_RD_DATA_WIDTH = 32'b00000000000000000000000000001000
    c_OUTPUT_REG = 32'b00000000000000000000000000000000
    c_RD_OCE_EN = 32'b00000000000000000000000000000000
    c_WR_ADDR_STROBE_EN = 32'b00000000000000000000000000000000
    c_RD_ADDR_STROBE_EN = 32'b00000000000000000000000000000000
    c_WR_CLK_EN = 32'b00000000000000000000000000000001
    c_RD_CLK_EN = 32'b00000000000000000000000000000001
    c_RD_CLK_OR_POL_INV = 32'b00000000000000000000000000000000
    c_RESET_TYPE = ASYNC_RESET
    c_POWER_OPT = 32'b00000000000000000000000000000000
    c_INIT_FILE = NONE
    c_INIT_FORMAT = BIN
    c_WR_BYTE_EN = 32'b00000000000000000000000000000000
    c_BE_WIDTH = 32'b00000000000000000000000000000001
W: Verilog-2039: [C:/Users/G1320/Desktop/06_hdmi_loop/ipcore/fifo/rtl/ipml_sdpram_v1_6_matrix_fifo_buf.v(line number: 469)] Repeat multiplier in concatenation evaluates to 0
W: Verilog-2039: [C:/Users/G1320/Desktop/06_hdmi_loop/ipcore/fifo/rtl/ipml_sdpram_v1_6_matrix_fifo_buf.v(line number: 471)] Repeat multiplier in concatenation evaluates to 0
W: Verilog-2038: [C:/Users/G1320/Desktop/06_hdmi_loop/ipcore/fifo/rtl/ipml_sdpram_v1_6_matrix_fifo_buf.v(line number: 481)] Case condition never applies
W: Verilog-2038: [C:/Users/G1320/Desktop/06_hdmi_loop/ipcore/fifo/rtl/ipml_sdpram_v1_6_matrix_fifo_buf.v(line number: 482)] Case condition never applies
W: Verilog-2038: [C:/Users/G1320/Desktop/06_hdmi_loop/ipcore/fifo/rtl/ipml_sdpram_v1_6_matrix_fifo_buf.v(line number: 481)] Case condition never applies
W: Verilog-2038: [C:/Users/G1320/Desktop/06_hdmi_loop/ipcore/fifo/rtl/ipml_sdpram_v1_6_matrix_fifo_buf.v(line number: 482)] Case condition never applies
W: Verilog-2039: [C:/Users/G1320/Desktop/06_hdmi_loop/ipcore/fifo/rtl/ipml_sdpram_v1_6_matrix_fifo_buf.v(line number: 617)] Repeat multiplier in concatenation evaluates to 0
W: Verilog-2038: [C:/Users/G1320/Desktop/06_hdmi_loop/ipcore/fifo/rtl/ipml_sdpram_v1_6_matrix_fifo_buf.v(line number: 677)] Case condition never applies
W: Verilog-2038: [C:/Users/G1320/Desktop/06_hdmi_loop/ipcore/fifo/rtl/ipml_sdpram_v1_6_matrix_fifo_buf.v(line number: 678)] Case condition never applies
I: Verilog-0004: [C:/Users/G1320/Desktop/06_hdmi_loop/ipcore/fifo/rtl/ipml_sdpram_v1_6_matrix_fifo_buf.v(line number: 846)] Elaborating instance U_GTP_DRM18K
I: Verilog-0004: [C:/Users/G1320/Desktop/06_hdmi_loop/ipcore/fifo/rtl/ipml_sdpram_v1_6_matrix_fifo_buf.v(line number: 846)] Elaborating instance U_GTP_DRM18K
W: Verilog-2020: [C:/Users/G1320/Desktop/06_hdmi_loop/ipcore/fifo/rtl/ipml_sdpram_v1_6_matrix_fifo_buf.v(line number: 768)] Net DA_bus[4] in ipml_sdpram_v1_6_matrix_fifo_buf(original module ipml_sdpram_v1_6_matrix_fifo_buf) does not have a driver, tie it to 0
W: Verilog-2020: [C:/Users/G1320/Desktop/06_hdmi_loop/ipcore/fifo/rtl/ipml_sdpram_v1_6_matrix_fifo_buf.v(line number: 768)] Net DA_bus[5] in ipml_sdpram_v1_6_matrix_fifo_buf(original module ipml_sdpram_v1_6_matrix_fifo_buf) does not have a driver, tie it to 0
W: Verilog-2020: [C:/Users/G1320/Desktop/06_hdmi_loop/ipcore/fifo/rtl/ipml_sdpram_v1_6_matrix_fifo_buf.v(line number: 768)] Net DA_bus[6] in ipml_sdpram_v1_6_matrix_fifo_buf(original module ipml_sdpram_v1_6_matrix_fifo_buf) does not have a driver, tie it to 0
W: Verilog-2020: [C:/Users/G1320/Desktop/06_hdmi_loop/ipcore/fifo/rtl/ipml_sdpram_v1_6_matrix_fifo_buf.v(line number: 768)] Net DA_bus[7] in ipml_sdpram_v1_6_matrix_fifo_buf(original module ipml_sdpram_v1_6_matrix_fifo_buf) does not have a driver, tie it to 0
W: Verilog-2020: [C:/Users/G1320/Desktop/06_hdmi_loop/ipcore/fifo/rtl/ipml_sdpram_v1_6_matrix_fifo_buf.v(line number: 768)] Net DA_bus[8] in ipml_sdpram_v1_6_matrix_fifo_buf(original module ipml_sdpram_v1_6_matrix_fifo_buf) does not have a driver, tie it to 0
W: Verilog-2020: [C:/Users/G1320/Desktop/06_hdmi_loop/ipcore/fifo/rtl/ipml_sdpram_v1_6_matrix_fifo_buf.v(line number: 768)] Net DA_bus[9] in ipml_sdpram_v1_6_matrix_fifo_buf(original module ipml_sdpram_v1_6_matrix_fifo_buf) does not have a driver, tie it to 0
W: Verilog-2020: [C:/Users/G1320/Desktop/06_hdmi_loop/ipcore/fifo/rtl/ipml_sdpram_v1_6_matrix_fifo_buf.v(line number: 768)] Net DA_bus[10] in ipml_sdpram_v1_6_matrix_fifo_buf(original module ipml_sdpram_v1_6_matrix_fifo_buf) does not have a driver, tie it to 0
W: Verilog-2020: [C:/Users/G1320/Desktop/06_hdmi_loop/ipcore/fifo/rtl/ipml_sdpram_v1_6_matrix_fifo_buf.v(line number: 768)] Net DA_bus[11] in ipml_sdpram_v1_6_matrix_fifo_buf(original module ipml_sdpram_v1_6_matrix_fifo_buf) does not have a driver, tie it to 0
W: Verilog-2020: [C:/Users/G1320/Desktop/06_hdmi_loop/ipcore/fifo/rtl/ipml_sdpram_v1_6_matrix_fifo_buf.v(line number: 768)] Net DA_bus[12] in ipml_sdpram_v1_6_matrix_fifo_buf(original module ipml_sdpram_v1_6_matrix_fifo_buf) does not have a driver, tie it to 0
W: Verilog-2020: [C:/Users/G1320/Desktop/06_hdmi_loop/ipcore/fifo/rtl/ipml_sdpram_v1_6_matrix_fifo_buf.v(line number: 768)] Net DA_bus[13] in ipml_sdpram_v1_6_matrix_fifo_buf(original module ipml_sdpram_v1_6_matrix_fifo_buf) does not have a driver, tie it to 0
W: Verilog-2020: [C:/Users/G1320/Desktop/06_hdmi_loop/ipcore/fifo/rtl/ipml_sdpram_v1_6_matrix_fifo_buf.v(line number: 768)] Net DA_bus[14] in ipml_sdpram_v1_6_matrix_fifo_buf(original module ipml_sdpram_v1_6_matrix_fifo_buf) does not have a driver, tie it to 0
W: Verilog-2020: [C:/Users/G1320/Desktop/06_hdmi_loop/ipcore/fifo/rtl/ipml_sdpram_v1_6_matrix_fifo_buf.v(line number: 768)] Net DA_bus[15] in ipml_sdpram_v1_6_matrix_fifo_buf(original module ipml_sdpram_v1_6_matrix_fifo_buf) does not have a driver, tie it to 0
W: Verilog-2020: [C:/Users/G1320/Desktop/06_hdmi_loop/ipcore/fifo/rtl/ipml_sdpram_v1_6_matrix_fifo_buf.v(line number: 768)] Net DA_bus[16] in ipml_sdpram_v1_6_matrix_fifo_buf(original module ipml_sdpram_v1_6_matrix_fifo_buf) does not have a driver, tie it to 0
W: Verilog-2020: [C:/Users/G1320/Desktop/06_hdmi_loop/ipcore/fifo/rtl/ipml_sdpram_v1_6_matrix_fifo_buf.v(line number: 768)] Net DA_bus[17] in ipml_sdpram_v1_6_matrix_fifo_buf(original module ipml_sdpram_v1_6_matrix_fifo_buf) does not have a driver, tie it to 0
W: Verilog-2020: [C:/Users/G1320/Desktop/06_hdmi_loop/ipcore/fifo/rtl/ipml_sdpram_v1_6_matrix_fifo_buf.v(line number: 768)] Net DA_bus[22] in ipml_sdpram_v1_6_matrix_fifo_buf(original module ipml_sdpram_v1_6_matrix_fifo_buf) does not have a driver, tie it to 0
W: Verilog-2020: [C:/Users/G1320/Desktop/06_hdmi_loop/ipcore/fifo/rtl/ipml_sdpram_v1_6_matrix_fifo_buf.v(line number: 768)] Net DA_bus[23] in ipml_sdpram_v1_6_matrix_fifo_buf(original module ipml_sdpram_v1_6_matrix_fifo_buf) does not have a driver, tie it to 0
W: Verilog-2020: [C:/Users/G1320/Desktop/06_hdmi_loop/ipcore/fifo/rtl/ipml_sdpram_v1_6_matrix_fifo_buf.v(line number: 768)] Net DA_bus[24] in ipml_sdpram_v1_6_matrix_fifo_buf(original module ipml_sdpram_v1_6_matrix_fifo_buf) does not have a driver, tie it to 0
W: Verilog-2020: [C:/Users/G1320/Desktop/06_hdmi_loop/ipcore/fifo/rtl/ipml_sdpram_v1_6_matrix_fifo_buf.v(line number: 768)] Net DA_bus[25] in ipml_sdpram_v1_6_matrix_fifo_buf(original module ipml_sdpram_v1_6_matrix_fifo_buf) does not have a driver, tie it to 0
W: Verilog-2020: [C:/Users/G1320/Desktop/06_hdmi_loop/ipcore/fifo/rtl/ipml_sdpram_v1_6_matrix_fifo_buf.v(line number: 768)] Net DA_bus[26] in ipml_sdpram_v1_6_matrix_fifo_buf(original module ipml_sdpram_v1_6_matrix_fifo_buf) does not have a driver, tie it to 0
W: Verilog-2020: [C:/Users/G1320/Desktop/06_hdmi_loop/ipcore/fifo/rtl/ipml_sdpram_v1_6_matrix_fifo_buf.v(line number: 768)] Net DA_bus[27] in ipml_sdpram_v1_6_matrix_fifo_buf(original module ipml_sdpram_v1_6_matrix_fifo_buf) does not have a driver, tie it to 0
W: Verilog-2020: [C:/Users/G1320/Desktop/06_hdmi_loop/ipcore/fifo/rtl/ipml_sdpram_v1_6_matrix_fifo_buf.v(line number: 768)] Net DA_bus[28] in ipml_sdpram_v1_6_matrix_fifo_buf(original module ipml_sdpram_v1_6_matrix_fifo_buf) does not have a driver, tie it to 0
W: Verilog-2020: [C:/Users/G1320/Desktop/06_hdmi_loop/ipcore/fifo/rtl/ipml_sdpram_v1_6_matrix_fifo_buf.v(line number: 768)] Net DA_bus[29] in ipml_sdpram_v1_6_matrix_fifo_buf(original module ipml_sdpram_v1_6_matrix_fifo_buf) does not have a driver, tie it to 0
W: Verilog-2020: [C:/Users/G1320/Desktop/06_hdmi_loop/ipcore/fifo/rtl/ipml_sdpram_v1_6_matrix_fifo_buf.v(line number: 768)] Net DA_bus[30] in ipml_sdpram_v1_6_matrix_fifo_buf(original module ipml_sdpram_v1_6_matrix_fifo_buf) does not have a driver, tie it to 0
W: Verilog-2020: [C:/Users/G1320/Desktop/06_hdmi_loop/ipcore/fifo/rtl/ipml_sdpram_v1_6_matrix_fifo_buf.v(line number: 768)] Net DA_bus[31] in ipml_sdpram_v1_6_matrix_fifo_buf(original module ipml_sdpram_v1_6_matrix_fifo_buf) does not have a driver, tie it to 0
W: Verilog-2020: [C:/Users/G1320/Desktop/06_hdmi_loop/ipcore/fifo/rtl/ipml_sdpram_v1_6_matrix_fifo_buf.v(line number: 768)] Net DA_bus[32] in ipml_sdpram_v1_6_matrix_fifo_buf(original module ipml_sdpram_v1_6_matrix_fifo_buf) does not have a driver, tie it to 0
W: Verilog-2020: [C:/Users/G1320/Desktop/06_hdmi_loop/ipcore/fifo/rtl/ipml_sdpram_v1_6_matrix_fifo_buf.v(line number: 768)] Net DA_bus[33] in ipml_sdpram_v1_6_matrix_fifo_buf(original module ipml_sdpram_v1_6_matrix_fifo_buf) does not have a driver, tie it to 0
W: Verilog-2020: [C:/Users/G1320/Desktop/06_hdmi_loop/ipcore/fifo/rtl/ipml_sdpram_v1_6_matrix_fifo_buf.v(line number: 768)] Net DA_bus[34] in ipml_sdpram_v1_6_matrix_fifo_buf(original module ipml_sdpram_v1_6_matrix_fifo_buf) does not have a driver, tie it to 0
W: Verilog-2020: [C:/Users/G1320/Desktop/06_hdmi_loop/ipcore/fifo/rtl/ipml_sdpram_v1_6_matrix_fifo_buf.v(line number: 768)] Net DA_bus[35] in ipml_sdpram_v1_6_matrix_fifo_buf(original module ipml_sdpram_v1_6_matrix_fifo_buf) does not have a driver, tie it to 0
W: Verilog-2020: [C:/Users/G1320/Desktop/06_hdmi_loop/ipcore/fifo/rtl/ipml_sdpram_v1_6_matrix_fifo_buf.v(line number: 769)] Net DB_bus[4] in ipml_sdpram_v1_6_matrix_fifo_buf(original module ipml_sdpram_v1_6_matrix_fifo_buf) does not have a driver, tie it to 0
W: Verilog-2020: [C:/Users/G1320/Desktop/06_hdmi_loop/ipcore/fifo/rtl/ipml_sdpram_v1_6_matrix_fifo_buf.v(line number: 769)] Net DB_bus[5] in ipml_sdpram_v1_6_matrix_fifo_buf(original module ipml_sdpram_v1_6_matrix_fifo_buf) does not have a driver, tie it to 0
W: Verilog-2020: [C:/Users/G1320/Desktop/06_hdmi_loop/ipcore/fifo/rtl/ipml_sdpram_v1_6_matrix_fifo_buf.v(line number: 769)] Net DB_bus[6] in ipml_sdpram_v1_6_matrix_fifo_buf(original module ipml_sdpram_v1_6_matrix_fifo_buf) does not have a driver, tie it to 0
W: Verilog-2020: [C:/Users/G1320/Desktop/06_hdmi_loop/ipcore/fifo/rtl/ipml_sdpram_v1_6_matrix_fifo_buf.v(line number: 769)] Net DB_bus[7] in ipml_sdpram_v1_6_matrix_fifo_buf(original module ipml_sdpram_v1_6_matrix_fifo_buf) does not have a driver, tie it to 0
W: Verilog-2020: [C:/Users/G1320/Desktop/06_hdmi_loop/ipcore/fifo/rtl/ipml_sdpram_v1_6_matrix_fifo_buf.v(line number: 769)] Net DB_bus[8] in ipml_sdpram_v1_6_matrix_fifo_buf(original module ipml_sdpram_v1_6_matrix_fifo_buf) does not have a driver, tie it to 0
W: Verilog-2020: [C:/Users/G1320/Desktop/06_hdmi_loop/ipcore/fifo/rtl/ipml_sdpram_v1_6_matrix_fifo_buf.v(line number: 769)] Net DB_bus[9] in ipml_sdpram_v1_6_matrix_fifo_buf(original module ipml_sdpram_v1_6_matrix_fifo_buf) does not have a driver, tie it to 0
W: Verilog-2020: [C:/Users/G1320/Desktop/06_hdmi_loop/ipcore/fifo/rtl/ipml_sdpram_v1_6_matrix_fifo_buf.v(line number: 769)] Net DB_bus[10] in ipml_sdpram_v1_6_matrix_fifo_buf(original module ipml_sdpram_v1_6_matrix_fifo_buf) does not have a driver, tie it to 0
W: Verilog-2020: [C:/Users/G1320/Desktop/06_hdmi_loop/ipcore/fifo/rtl/ipml_sdpram_v1_6_matrix_fifo_buf.v(line number: 769)] Net DB_bus[11] in ipml_sdpram_v1_6_matrix_fifo_buf(original module ipml_sdpram_v1_6_matrix_fifo_buf) does not have a driver, tie it to 0
W: Verilog-2020: [C:/Users/G1320/Desktop/06_hdmi_loop/ipcore/fifo/rtl/ipml_sdpram_v1_6_matrix_fifo_buf.v(line number: 769)] Net DB_bus[12] in ipml_sdpram_v1_6_matrix_fifo_buf(original module ipml_sdpram_v1_6_matrix_fifo_buf) does not have a driver, tie it to 0
W: Verilog-2020: [C:/Users/G1320/Desktop/06_hdmi_loop/ipcore/fifo/rtl/ipml_sdpram_v1_6_matrix_fifo_buf.v(line number: 769)] Net DB_bus[13] in ipml_sdpram_v1_6_matrix_fifo_buf(original module ipml_sdpram_v1_6_matrix_fifo_buf) does not have a driver, tie it to 0
W: Verilog-2020: [C:/Users/G1320/Desktop/06_hdmi_loop/ipcore/fifo/rtl/ipml_sdpram_v1_6_matrix_fifo_buf.v(line number: 769)] Net DB_bus[14] in ipml_sdpram_v1_6_matrix_fifo_buf(original module ipml_sdpram_v1_6_matrix_fifo_buf) does not have a driver, tie it to 0
W: Verilog-2020: [C:/Users/G1320/Desktop/06_hdmi_loop/ipcore/fifo/rtl/ipml_sdpram_v1_6_matrix_fifo_buf.v(line number: 769)] Net DB_bus[15] in ipml_sdpram_v1_6_matrix_fifo_buf(original module ipml_sdpram_v1_6_matrix_fifo_buf) does not have a driver, tie it to 0
W: Verilog-2020: [C:/Users/G1320/Desktop/06_hdmi_loop/ipcore/fifo/rtl/ipml_sdpram_v1_6_matrix_fifo_buf.v(line number: 769)] Net DB_bus[16] in ipml_sdpram_v1_6_matrix_fifo_buf(original module ipml_sdpram_v1_6_matrix_fifo_buf) does not have a driver, tie it to 0
W: Verilog-2020: [C:/Users/G1320/Desktop/06_hdmi_loop/ipcore/fifo/rtl/ipml_sdpram_v1_6_matrix_fifo_buf.v(line number: 769)] Net DB_bus[17] in ipml_sdpram_v1_6_matrix_fifo_buf(original module ipml_sdpram_v1_6_matrix_fifo_buf) does not have a driver, tie it to 0
W: Verilog-2020: [C:/Users/G1320/Desktop/06_hdmi_loop/ipcore/fifo/rtl/ipml_sdpram_v1_6_matrix_fifo_buf.v(line number: 769)] Net DB_bus[22] in ipml_sdpram_v1_6_matrix_fifo_buf(original module ipml_sdpram_v1_6_matrix_fifo_buf) does not have a driver, tie it to 0
W: Verilog-2020: [C:/Users/G1320/Desktop/06_hdmi_loop/ipcore/fifo/rtl/ipml_sdpram_v1_6_matrix_fifo_buf.v(line number: 769)] Net DB_bus[23] in ipml_sdpram_v1_6_matrix_fifo_buf(original module ipml_sdpram_v1_6_matrix_fifo_buf) does not have a driver, tie it to 0
W: Verilog-2020: [C:/Users/G1320/Desktop/06_hdmi_loop/ipcore/fifo/rtl/ipml_sdpram_v1_6_matrix_fifo_buf.v(line number: 769)] Net DB_bus[24] in ipml_sdpram_v1_6_matrix_fifo_buf(original module ipml_sdpram_v1_6_matrix_fifo_buf) does not have a driver, tie it to 0
W: Verilog-2020: [C:/Users/G1320/Desktop/06_hdmi_loop/ipcore/fifo/rtl/ipml_sdpram_v1_6_matrix_fifo_buf.v(line number: 769)] Net DB_bus[25] in ipml_sdpram_v1_6_matrix_fifo_buf(original module ipml_sdpram_v1_6_matrix_fifo_buf) does not have a driver, tie it to 0
W: Verilog-2020: [C:/Users/G1320/Desktop/06_hdmi_loop/ipcore/fifo/rtl/ipml_sdpram_v1_6_matrix_fifo_buf.v(line number: 769)] Net DB_bus[26] in ipml_sdpram_v1_6_matrix_fifo_buf(original module ipml_sdpram_v1_6_matrix_fifo_buf) does not have a driver, tie it to 0
W: Verilog-2020: [C:/Users/G1320/Desktop/06_hdmi_loop/ipcore/fifo/rtl/ipml_sdpram_v1_6_matrix_fifo_buf.v(line number: 769)] Net DB_bus[27] in ipml_sdpram_v1_6_matrix_fifo_buf(original module ipml_sdpram_v1_6_matrix_fifo_buf) does not have a driver, tie it to 0
W: Verilog-2020: [C:/Users/G1320/Desktop/06_hdmi_loop/ipcore/fifo/rtl/ipml_sdpram_v1_6_matrix_fifo_buf.v(line number: 769)] Net DB_bus[28] in ipml_sdpram_v1_6_matrix_fifo_buf(original module ipml_sdpram_v1_6_matrix_fifo_buf) does not have a driver, tie it to 0
W: Verilog-2020: [C:/Users/G1320/Desktop/06_hdmi_loop/ipcore/fifo/rtl/ipml_sdpram_v1_6_matrix_fifo_buf.v(line number: 769)] Net DB_bus[29] in ipml_sdpram_v1_6_matrix_fifo_buf(original module ipml_sdpram_v1_6_matrix_fifo_buf) does not have a driver, tie it to 0
W: Verilog-2020: [C:/Users/G1320/Desktop/06_hdmi_loop/ipcore/fifo/rtl/ipml_sdpram_v1_6_matrix_fifo_buf.v(line number: 769)] Net DB_bus[30] in ipml_sdpram_v1_6_matrix_fifo_buf(original module ipml_sdpram_v1_6_matrix_fifo_buf) does not have a driver, tie it to 0
W: Verilog-2020: [C:/Users/G1320/Desktop/06_hdmi_loop/ipcore/fifo/rtl/ipml_sdpram_v1_6_matrix_fifo_buf.v(line number: 769)] Net DB_bus[31] in ipml_sdpram_v1_6_matrix_fifo_buf(original module ipml_sdpram_v1_6_matrix_fifo_buf) does not have a driver, tie it to 0
W: Verilog-2020: [C:/Users/G1320/Desktop/06_hdmi_loop/ipcore/fifo/rtl/ipml_sdpram_v1_6_matrix_fifo_buf.v(line number: 769)] Net DB_bus[32] in ipml_sdpram_v1_6_matrix_fifo_buf(original module ipml_sdpram_v1_6_matrix_fifo_buf) does not have a driver, tie it to 0
W: Verilog-2020: [C:/Users/G1320/Desktop/06_hdmi_loop/ipcore/fifo/rtl/ipml_sdpram_v1_6_matrix_fifo_buf.v(line number: 769)] Net DB_bus[33] in ipml_sdpram_v1_6_matrix_fifo_buf(original module ipml_sdpram_v1_6_matrix_fifo_buf) does not have a driver, tie it to 0
W: Verilog-2020: [C:/Users/G1320/Desktop/06_hdmi_loop/ipcore/fifo/rtl/ipml_sdpram_v1_6_matrix_fifo_buf.v(line number: 769)] Net DB_bus[34] in ipml_sdpram_v1_6_matrix_fifo_buf(original module ipml_sdpram_v1_6_matrix_fifo_buf) does not have a driver, tie it to 0
W: Verilog-2020: [C:/Users/G1320/Desktop/06_hdmi_loop/ipcore/fifo/rtl/ipml_sdpram_v1_6_matrix_fifo_buf.v(line number: 769)] Net DB_bus[35] in ipml_sdpram_v1_6_matrix_fifo_buf(original module ipml_sdpram_v1_6_matrix_fifo_buf) does not have a driver, tie it to 0
I: Verilog-0004: [C:/Users/G1320/Desktop/06_hdmi_loop/ipcore/fifo/rtl/ipml_fifo_v1_6_matrix_fifo_buf.v(line number: 121)] Elaborating instance U_ipml_fifo_ctrl
I: Verilog-0003: [C:/Users/G1320/Desktop/06_hdmi_loop/ipcore/fifo/rtl/ipml_fifo_ctrl_v1_3.v(line number: 21)] Elaborating module ipml_fifo_ctrl_v1_3
I: Module instance {hdmi_loop.u_matrix_3_3.matrix_fifo_buf1.U_ipml_fifo_matrix_fifo_buf.U_ipml_fifo_ctrl} parameter value:
    c_WR_DEPTH_WIDTH = 32'b00000000000000000000000000001100
    c_RD_DEPTH_WIDTH = 32'b00000000000000000000000000001100
    c_FIFO_TYPE = ASYN
    c_ALMOST_FULL_NUM = 32'b00000000000000000000001111111100
    c_ALMOST_EMPTY_NUM = 32'b00000000000000000000000000000100
W: Verilog-2039: [C:/Users/G1320/Desktop/06_hdmi_loop/ipcore/fifo/rtl/ipml_fifo_ctrl_v1_3.v(line number: 196)] Repeat multiplier in concatenation evaluates to 0
I: Verilog-0004: [C:/Users/G1320/Desktop/06_hdmi_loop/source/matrix_3_3.v(line number: 119)] Elaborating instance matrix_fifo_buf2
I: Verilog-0003: [C:/Users/G1320/Desktop/06_hdmi_loop/ipcore/fifo/matrix_fifo_buf.v(line number: 18)] Elaborating module matrix_fifo_buf
I: Verilog-0004: [C:/Users/G1320/Desktop/06_hdmi_loop/src/hdmi_loop.v(line number: 169)] Elaborating instance u_gauss_filter
I: Verilog-0003: [C:/Users/G1320/Desktop/06_hdmi_loop/source/gauss_filter.v(line number: 1)] Elaborating module gauss_filter
W: Verilog-2019: [C:/Users/G1320/Desktop/06_hdmi_loop/src/hdmi_loop.v(line number: 185)] Width mismatch between port gauss_filter_data and signal bound to it for instantiated module gauss_filter
W: Verilog-2023: [C:/Users/G1320/Desktop/06_hdmi_loop/src/hdmi_loop.v(line number: 169)] Give initial value 0 for the no drive pin matrix_vs in module instance hdmi_loop.u_gauss_filter
Executing : rtl-elaborate successfully. Time elapsed: 0.040s wall, 0.047s user + 0.000s system = 0.047s CPU (117.2%)

Start rtl-prep.
Executing : rtl-prep successfully. Time elapsed: 0.046s wall, 0.031s user + 0.000s system = 0.031s CPU (67.4%)

Start rtl-infer.
Start DFF-inference.
Executing : DFF-inference successfully.
Executing : rtl-infer successfully. Time elapsed: 0.298s wall, 0.141s user + 0.078s system = 0.219s CPU (73.3%)

Start rtl-control-opt.
Executing : rtl-control-opt successfully. Time elapsed: 0.003s wall, 0.000s user + 0.000s system = 0.000s CPU (n/a%)

Start rtl-data-opt.
Executing : rtl-data-opt successfully. Time elapsed: 0.019s wall, 0.016s user + 0.000s system = 0.016s CPU (80.7%)

Start FSM inference.
I: FSM state_fsm[6:0] inferred.
I: FSM state_fsm[5:0] inferred.
I: FSM state_fsm[2:0] inferred.
Executing : FSM inference successfully. Time elapsed: 0.029s wall, 0.000s user + 0.000s system = 0.000s CPU (n/a%)

Start sdm2adm.
W: Loop was found during constant probe.
W: Loop was found during constant probe.
W: Loop was found during constant probe.
W: Loop was found during constant probe.
I: Constant propagation done on N45 (bmsWIDEMUX).
I: Constant propagation done on N52 (bmsWIDEMUX).
I: Constant propagation done on N58 (bmsWIDEMUX).
I: Constant propagation done on N66 (bmsWIDEMUX).
I: Constant propagation done on N73 (bmsWIDEMUX).
I: Constant propagation done on N80 (bmsWIDEMUX).
W: Loop was found during constant probe.
W: Loop was found during constant probe.
W: Loop was found during constant probe.
W: Loop was found during constant probe.
W: Loop was found during constant probe.
W: Loop was found during constant probe.
W: Loop was found during constant probe.
W: Loop was found during constant probe.
I: Constant propagation done on N142 (bmsWIDEMUX).
W: Loop was found during constant probe.
W: Loop was found during constant probe.
W: Loop was found during constant probe.
W: Loop was found during constant probe.
W: Loop was found during constant probe.
I: Constant propagation done on N94_12 (bmsREDXOR).
I: Constant propagation done on N84 (bmsREDXOR).
I: Constant propagation done on N29 (bmsREDXOR).
W: Loop was found during constant probe.
W: Loop was found during constant probe.
W: Loop was found during constant probe.
Executing : sdm2adm successfully. Time elapsed: 0.031s wall, 0.031s user + 0.000s system = 0.031s CPU (99.7%)

Saving design to DB.
Action compile: Real time elapsed is 0h:0m:4s
Action compile: CPU time elapsed is 0h:0m:0s
Action compile: Process CPU time elapsed is 0h:0m:0s
Current time: Sun Oct  6 20:13:09 2024
Action compile: Peak memory pool usage is 148 MB
