
*** Running vivado
    with args -log finn_design_fifo_9.vds -m64 -product Vivado -mode batch -messageDb vivado.pb -notrace -source finn_design_fifo_9.tcl



****** Vivado v2022.2 (64-bit)
  **** SW Build 3671981 on Fri Oct 14 05:00:03 MDT 2022
  **** IP Build 3669848 on Fri Oct 14 08:30:02 MDT 2022
    ** Copyright 1986-2022 Xilinx, Inc. All Rights Reserved.

source finn_design_fifo_9.tcl -notrace
create_project: Time (s): cpu = 00:00:08 ; elapsed = 00:00:10 . Memory (MB): peak = 1002.688 ; gain = 118.555
INFO: [IP_Flow 19-234] Refreshing IP repositories
WARNING: [IP_Flow 19-2248] Failed to load user IP repository 'd:/finn_dev_root/vivado_stitch_proj_wlkx21xb/finn_vivado_stitch_proj.runs/finn_design_fifo_9_synth_1/media/clr/XIlinx/finn/finn-rtllib/memstream'; Can't find the specified path.
If this directory should no longer be in your list of user repositories, go to the IP Settings dialog and remove it.
INFO: [IP_Flow 19-1700] Loaded user IP repository 'd:/finn_dev_root/code_gen_ipgen_StreamingFIFO_rtl_0_wlfxl4wj'.
INFO: [IP_Flow 19-1700] Loaded user IP repository 'd:/finn_dev_root/code_gen_ipgen_StreamingMaxPool_hls_0_5ojjcg8a/project_StreamingMaxPool_hls_0/sol1/impl/ip'.
INFO: [IP_Flow 19-1700] Loaded user IP repository 'd:/finn_dev_root/code_gen_ipgen_StreamingFIFO_rtl_1_6i63ps7x'.
INFO: [IP_Flow 19-1700] Loaded user IP repository 'd:/finn_dev_root/code_gen_ipgen_FMPadding_rtl_0_c1yl8wwu'.
INFO: [IP_Flow 19-1700] Loaded user IP repository 'd:/finn_dev_root/code_gen_ipgen_StreamingFIFO_rtl_2_ns3a5jn3'.
INFO: [IP_Flow 19-1700] Loaded user IP repository 'd:/finn_dev_root/code_gen_ipgen_ConvolutionInputGenerator_rtl_0_8tlt_04t'.
INFO: [IP_Flow 19-1700] Loaded user IP repository 'd:/finn_dev_root/code_gen_ipgen_StreamingFIFO_rtl_3_xcuclu_f'.
INFO: [IP_Flow 19-1700] Loaded user IP repository 'd:/finn_dev_root/code_gen_ipgen_StreamingDataWidthConverter_rtl_0_pgm__mle'.
INFO: [IP_Flow 19-1700] Loaded user IP repository 'd:/finn_dev_root/code_gen_ipgen_StreamingFIFO_rtl_4_lbnaqceg'.
INFO: [IP_Flow 19-1700] Loaded user IP repository 'd:/finn_dev_root/code_gen_ipgen_MVAU_hls_0_pm17mzbp/project_MVAU_hls_0/sol1/impl/ip'.
INFO: [IP_Flow 19-1700] Loaded user IP repository 'd:/finn_dev_root/code_gen_ipgen_StreamingFIFO_rtl_5_mrxzdn8q'.
INFO: [IP_Flow 19-1700] Loaded user IP repository 'd:/finn_dev_root/code_gen_ipgen_StreamingMaxPool_hls_1_2v0axa4u/project_StreamingMaxPool_hls_1/sol1/impl/ip'.
INFO: [IP_Flow 19-1700] Loaded user IP repository 'd:/finn_dev_root/code_gen_ipgen_StreamingFIFO_rtl_6_0tg6i1t4'.
INFO: [IP_Flow 19-1700] Loaded user IP repository 'd:/finn_dev_root/code_gen_ipgen_FMPadding_rtl_1_eo_ft2zd'.
INFO: [IP_Flow 19-1700] Loaded user IP repository 'd:/finn_dev_root/code_gen_ipgen_StreamingFIFO_rtl_7_0_5dpxcc'.
INFO: [IP_Flow 19-1700] Loaded user IP repository 'd:/finn_dev_root/code_gen_ipgen_StreamingDataWidthConverter_rtl_1_9n0z3xny'.
INFO: [IP_Flow 19-1700] Loaded user IP repository 'd:/finn_dev_root/code_gen_ipgen_StreamingFIFO_rtl_8__tki43oj'.
INFO: [IP_Flow 19-1700] Loaded user IP repository 'd:/finn_dev_root/code_gen_ipgen_ConvolutionInputGenerator_rtl_1_oywzn2g7'.
INFO: [IP_Flow 19-1700] Loaded user IP repository 'd:/finn_dev_root/code_gen_ipgen_StreamingFIFO_rtl_9_abi4l1b9'.
INFO: [IP_Flow 19-1700] Loaded user IP repository 'd:/finn_dev_root/code_gen_ipgen_StreamingDataWidthConverter_hls_0_quz2zfen/project_StreamingDataWidthConverter_hls_0/sol1/impl/ip'.
INFO: [IP_Flow 19-1700] Loaded user IP repository 'd:/finn_dev_root/code_gen_ipgen_StreamingFIFO_rtl_10_h0juerdy'.
INFO: [IP_Flow 19-1700] Loaded user IP repository 'd:/finn_dev_root/code_gen_ipgen_MVAU_hls_1_r23awlkq/project_MVAU_hls_1/sol1/impl/ip'.
INFO: [IP_Flow 19-1700] Loaded user IP repository 'd:/finn_dev_root/code_gen_ipgen_StreamingFIFO_rtl_11_3tv6qxnb'.
INFO: [IP_Flow 19-1700] Loaded user IP repository 'd:/finn_dev_root/code_gen_ipgen_StreamingDataWidthConverter_rtl_2_u3hxulek'.
INFO: [IP_Flow 19-1700] Loaded user IP repository 'd:/finn_dev_root/code_gen_ipgen_StreamingFIFO_rtl_12_lm1clnxa'.
INFO: [IP_Flow 19-1700] Loaded user IP repository 'd:/finn_dev_root/code_gen_ipgen_StreamingMaxPool_hls_2_z93d_1rj/project_StreamingMaxPool_hls_2/sol1/impl/ip'.
INFO: [IP_Flow 19-1700] Loaded user IP repository 'd:/finn_dev_root/code_gen_ipgen_StreamingFIFO_rtl_13_583cxnvb'.
INFO: [IP_Flow 19-1700] Loaded user IP repository 'd:/finn_dev_root/code_gen_ipgen_FMPadding_rtl_2_oczdtiib'.
INFO: [IP_Flow 19-1700] Loaded user IP repository 'd:/finn_dev_root/code_gen_ipgen_StreamingFIFO_rtl_14_k4fncn1n'.
INFO: [IP_Flow 19-1700] Loaded user IP repository 'd:/finn_dev_root/code_gen_ipgen_StreamingDataWidthConverter_rtl_3_de665nz_'.
INFO: [IP_Flow 19-1700] Loaded user IP repository 'd:/finn_dev_root/code_gen_ipgen_StreamingFIFO_rtl_15_1i7_04ny'.
INFO: [IP_Flow 19-1700] Loaded user IP repository 'd:/finn_dev_root/code_gen_ipgen_ConvolutionInputGenerator_rtl_2_qjg7t3xq'.
INFO: [IP_Flow 19-1700] Loaded user IP repository 'd:/finn_dev_root/code_gen_ipgen_StreamingFIFO_rtl_16_hou74g4l'.
INFO: [IP_Flow 19-1700] Loaded user IP repository 'd:/finn_dev_root/code_gen_ipgen_StreamingDataWidthConverter_hls_1_s6worver/project_StreamingDataWidthConverter_hls_1/sol1/impl/ip'.
INFO: [IP_Flow 19-1700] Loaded user IP repository 'd:/finn_dev_root/code_gen_ipgen_StreamingFIFO_rtl_17_cmro96l_'.
INFO: [IP_Flow 19-1700] Loaded user IP repository 'd:/finn_dev_root/code_gen_ipgen_MVAU_hls_2_ufu323e_/project_MVAU_hls_2/sol1/impl/ip'.
INFO: [IP_Flow 19-1700] Loaded user IP repository 'd:/finn_dev_root/code_gen_ipgen_StreamingFIFO_rtl_18_b5raj_ho'.
INFO: [IP_Flow 19-1700] Loaded user IP repository 'd:/finn_dev_root/code_gen_ipgen_StreamingDataWidthConverter_rtl_4_c3ztzkwv'.
INFO: [IP_Flow 19-1700] Loaded user IP repository 'd:/finn_dev_root/code_gen_ipgen_StreamingFIFO_rtl_19_enco_dbj'.
INFO: [IP_Flow 19-1700] Loaded user IP repository 'd:/finn_dev_root/code_gen_ipgen_StreamingMaxPool_hls_3_igc1mjk8/project_StreamingMaxPool_hls_3/sol1/impl/ip'.
INFO: [IP_Flow 19-1700] Loaded user IP repository 'd:/finn_dev_root/code_gen_ipgen_StreamingFIFO_rtl_20_nu4uu0sy'.
INFO: [IP_Flow 19-1700] Loaded user IP repository 'd:/finn_dev_root/code_gen_ipgen_FMPadding_rtl_3_fpihnftc'.
INFO: [IP_Flow 19-1700] Loaded user IP repository 'd:/finn_dev_root/code_gen_ipgen_StreamingFIFO_rtl_21_086iw6t9'.
INFO: [IP_Flow 19-1700] Loaded user IP repository 'd:/finn_dev_root/code_gen_ipgen_StreamingDataWidthConverter_rtl_5_5t1fuam0'.
INFO: [IP_Flow 19-1700] Loaded user IP repository 'd:/finn_dev_root/code_gen_ipgen_StreamingFIFO_rtl_22_t4n_jkuj'.
INFO: [IP_Flow 19-1700] Loaded user IP repository 'd:/finn_dev_root/code_gen_ipgen_ConvolutionInputGenerator_rtl_3_yajhnku3'.
INFO: [IP_Flow 19-1700] Loaded user IP repository 'd:/finn_dev_root/code_gen_ipgen_StreamingFIFO_rtl_23_y9rnvntt'.
INFO: [IP_Flow 19-1700] Loaded user IP repository 'd:/finn_dev_root/code_gen_ipgen_StreamingDataWidthConverter_rtl_6_05ww9hda'.
INFO: [IP_Flow 19-1700] Loaded user IP repository 'd:/finn_dev_root/code_gen_ipgen_StreamingFIFO_rtl_24_ylzveoao'.
INFO: [IP_Flow 19-1700] Loaded user IP repository 'd:/finn_dev_root/code_gen_ipgen_MVAU_hls_3_5vl2hbpw/project_MVAU_hls_3/sol1/impl/ip'.
INFO: [IP_Flow 19-1700] Loaded user IP repository 'd:/finn_dev_root/code_gen_ipgen_StreamingFIFO_rtl_25_5vaibwsp'.
INFO: [IP_Flow 19-1700] Loaded user IP repository 'd:/finn_dev_root/code_gen_ipgen_StreamingDataWidthConverter_rtl_7_ab4eighi'.
INFO: [IP_Flow 19-1700] Loaded user IP repository 'd:/finn_dev_root/code_gen_ipgen_StreamingFIFO_rtl_26_xzg9s7nq'.
INFO: [IP_Flow 19-1700] Loaded user IP repository 'd:/finn_dev_root/code_gen_ipgen_StreamingMaxPool_hls_4_o30d23mp/project_StreamingMaxPool_hls_4/sol1/impl/ip'.
INFO: [IP_Flow 19-1700] Loaded user IP repository 'd:/finn_dev_root/code_gen_ipgen_StreamingFIFO_rtl_27_ej9wchtr'.
INFO: [IP_Flow 19-1700] Loaded user IP repository 'd:/finn_dev_root/code_gen_ipgen_FMPadding_rtl_4_lasvhgnt'.
INFO: [IP_Flow 19-1700] Loaded user IP repository 'd:/finn_dev_root/code_gen_ipgen_StreamingFIFO_rtl_28_hm6xtqk0'.
INFO: [IP_Flow 19-1700] Loaded user IP repository 'd:/finn_dev_root/code_gen_ipgen_StreamingDataWidthConverter_rtl_8__bwffe1d'.
INFO: [IP_Flow 19-1700] Loaded user IP repository 'd:/finn_dev_root/code_gen_ipgen_StreamingFIFO_rtl_29_oqgwb2ay'.
INFO: [IP_Flow 19-1700] Loaded user IP repository 'd:/finn_dev_root/code_gen_ipgen_ConvolutionInputGenerator_rtl_4_cq84zytp'.
INFO: [IP_Flow 19-1700] Loaded user IP repository 'd:/finn_dev_root/code_gen_ipgen_StreamingFIFO_rtl_30_c_bk1cl9'.
INFO: [IP_Flow 19-1700] Loaded user IP repository 'd:/finn_dev_root/code_gen_ipgen_StreamingDataWidthConverter_rtl_9_166qp8mj'.
INFO: [IP_Flow 19-1700] Loaded user IP repository 'd:/finn_dev_root/code_gen_ipgen_StreamingFIFO_rtl_31_tt3lfz47'.
INFO: [IP_Flow 19-1700] Loaded user IP repository 'd:/finn_dev_root/code_gen_ipgen_MVAU_hls_4__ok_a9cj/project_MVAU_hls_4/sol1/impl/ip'.
INFO: [IP_Flow 19-1700] Loaded user IP repository 'd:/finn_dev_root/code_gen_ipgen_StreamingFIFO_rtl_32_59unwooc'.
INFO: [IP_Flow 19-1700] Loaded user IP repository 'd:/finn_dev_root/code_gen_ipgen_StreamingDataWidthConverter_rtl_10_0s7sq3bt'.
INFO: [IP_Flow 19-1700] Loaded user IP repository 'd:/finn_dev_root/code_gen_ipgen_StreamingFIFO_rtl_33_iufu7as2'.
INFO: [IP_Flow 19-1700] Loaded user IP repository 'd:/finn_dev_root/code_gen_ipgen_FMPadding_rtl_5_c0eo27gp'.
INFO: [IP_Flow 19-1700] Loaded user IP repository 'd:/finn_dev_root/code_gen_ipgen_StreamingFIFO_rtl_34_70ldgat7'.
INFO: [IP_Flow 19-1700] Loaded user IP repository 'd:/finn_dev_root/code_gen_ipgen_StreamingDataWidthConverter_rtl_11_l6pn1lgr'.
INFO: [IP_Flow 19-1700] Loaded user IP repository 'd:/finn_dev_root/code_gen_ipgen_StreamingFIFO_rtl_35_5c_fr02n'.
INFO: [IP_Flow 19-1700] Loaded user IP repository 'd:/finn_dev_root/code_gen_ipgen_ConvolutionInputGenerator_rtl_5_pr473df_'.
INFO: [IP_Flow 19-1700] Loaded user IP repository 'd:/finn_dev_root/code_gen_ipgen_StreamingFIFO_rtl_36_x2yax__b'.
INFO: [IP_Flow 19-1700] Loaded user IP repository 'd:/finn_dev_root/code_gen_ipgen_StreamingDataWidthConverter_rtl_12_31ouz5n4'.
INFO: [IP_Flow 19-1700] Loaded user IP repository 'd:/finn_dev_root/code_gen_ipgen_StreamingFIFO_rtl_37_iz2r64sq'.
INFO: [IP_Flow 19-1700] Loaded user IP repository 'd:/finn_dev_root/code_gen_ipgen_MVAU_hls_5_ol2hz86g/project_MVAU_hls_5/sol1/impl/ip'.
INFO: [IP_Flow 19-1700] Loaded user IP repository 'd:/finn_dev_root/code_gen_ipgen_StreamingFIFO_rtl_38_68gyno9a'.
INFO: [IP_Flow 19-1700] Loaded user IP repository 'd:/finn_dev_root/code_gen_ipgen_StreamingDataWidthConverter_hls_2_8vctij35/project_StreamingDataWidthConverter_hls_2/sol1/impl/ip'.
INFO: [IP_Flow 19-1700] Loaded user IP repository 'd:/finn_dev_root/code_gen_ipgen_StreamingFIFO_rtl_39_711xoee7'.
INFO: [IP_Flow 19-1700] Loaded user IP repository 'd:/finn_dev_root/code_gen_ipgen_MVAU_hls_6_y0qmdba0/project_MVAU_hls_6/sol1/impl/ip'.
INFO: [IP_Flow 19-1700] Loaded user IP repository 'd:/finn_dev_root/code_gen_ipgen_StreamingFIFO_rtl_40_qmte1qgl'.
INFO: [IP_Flow 19-1700] Loaded user IP repository 'd:/finn_dev_root/code_gen_ipgen_StreamingDataWidthConverter_rtl_13_mxe_m8it'.
INFO: [IP_Flow 19-1700] Loaded user IP repository 'd:/finn_dev_root/code_gen_ipgen_StreamingFIFO_rtl_41_ydah_m51'.
INFO: [IP_Flow 19-1700] Loaded user IP repository 'd:/finn_dev_root/code_gen_ipgen_FMPadding_rtl_6_59g9igco'.
INFO: [IP_Flow 19-1700] Loaded user IP repository 'd:/finn_dev_root/code_gen_ipgen_StreamingFIFO_rtl_42_slirpjfi'.
INFO: [IP_Flow 19-1700] Loaded user IP repository 'd:/finn_dev_root/code_gen_ipgen_StreamingDataWidthConverter_rtl_14_4npximp0'.
INFO: [IP_Flow 19-1700] Loaded user IP repository 'd:/finn_dev_root/code_gen_ipgen_StreamingFIFO_rtl_43_4lup8wdo'.
INFO: [IP_Flow 19-1700] Loaded user IP repository 'd:/finn_dev_root/code_gen_ipgen_ConvolutionInputGenerator_rtl_6_t2nz2da6'.
INFO: [IP_Flow 19-1700] Loaded user IP repository 'd:/finn_dev_root/code_gen_ipgen_StreamingFIFO_rtl_44_3nh99_gf'.
INFO: [IP_Flow 19-1700] Loaded user IP repository 'd:/finn_dev_root/code_gen_ipgen_StreamingDataWidthConverter_rtl_15_evu11cig'.
INFO: [IP_Flow 19-1700] Loaded user IP repository 'd:/finn_dev_root/code_gen_ipgen_StreamingFIFO_rtl_45_8stog746'.
INFO: [IP_Flow 19-1700] Loaded user IP repository 'd:/finn_dev_root/code_gen_ipgen_MVAU_hls_7_urf094np/project_MVAU_hls_7/sol1/impl/ip'.
INFO: [IP_Flow 19-1700] Loaded user IP repository 'd:/finn_dev_root/code_gen_ipgen_StreamingFIFO_rtl_46_fggz943t'.
INFO: [IP_Flow 19-1700] Loaded user IP repository 'd:/finn_dev_root/code_gen_ipgen_StreamingDataWidthConverter_rtl_16_jrps1wlr'.
INFO: [IP_Flow 19-1700] Loaded user IP repository 'd:/finn_dev_root/code_gen_ipgen_StreamingFIFO_rtl_47_imagao10'.
INFO: [IP_Flow 19-1700] Loaded user IP repository 'd:/finn_dev_root/code_gen_ipgen_FMPadding_rtl_7_3zgpn366'.
INFO: [IP_Flow 19-1700] Loaded user IP repository 'd:/finn_dev_root/code_gen_ipgen_StreamingFIFO_rtl_48_eoppwpa1'.
INFO: [IP_Flow 19-1700] Loaded user IP repository 'd:/finn_dev_root/code_gen_ipgen_StreamingDataWidthConverter_rtl_17_6dd98hur'.
INFO: [IP_Flow 19-1700] Loaded user IP repository 'd:/finn_dev_root/code_gen_ipgen_StreamingFIFO_rtl_49_33e6bl_t'.
INFO: [IP_Flow 19-1700] Loaded user IP repository 'd:/finn_dev_root/code_gen_ipgen_ConvolutionInputGenerator_rtl_7_5qrmxzdy'.
INFO: [Common 17-14] Message 'IP_Flow 19-1700' appears 100 times and further instances of the messages will be disabled. Use the Tcl command set_msg_config to change the current settings.
INFO: [IP_Flow 19-2313] Loaded Vivado IP repository 'D:/Xilinx/Vivado/2022.2/data/ip'.
INFO: [IP_Flow 19-6924] IPCACHE: Running cache check for IP inst: finn_design_fifo_9
Command: synth_design -top finn_design_fifo_9 -part xc7z020clg400-1 -incremental_mode off -mode out_of_context
Starting synth_design
Attempting to get a license for feature 'Synthesis' and/or device 'xc7z020'
INFO: [Common 17-349] Got license for feature 'Synthesis' and/or device 'xc7z020'
INFO: [Device 21-403] Loading part xc7z020clg400-1
INFO: [Synth 8-7079] Multithreading enabled for synth_design using a maximum of 2 processes.
INFO: [Synth 8-7078] Launching helper process for spawning children vivado processes
INFO: [Synth 8-7075] Helper process launched with PID 30420
INFO: [Synth 8-11241] undeclared symbol 'REGCCE', assumed default net type 'wire' [D:/Xilinx/Vivado/2022.2/data/verilog/src/unimacro/BRAM_SINGLE_MACRO.v:2170]
---------------------------------------------------------------------------------
Starting RTL Elaboration : Time (s): cpu = 00:00:08 ; elapsed = 00:00:10 . Memory (MB): peak = 1861.344 ; gain = 415.148
---------------------------------------------------------------------------------
INFO: [Synth 8-6157] synthesizing module 'finn_design_fifo_9' [d:/finn_dev_root/vivado_stitch_proj_wlkx21xb/finn_vivado_stitch_proj.gen/sources_1/bd/finn_design/ip/finn_design_fifo_9/synth/finn_design_fifo_9.v:53]
INFO: [Synth 8-6157] synthesizing module 'axis_data_fifo_v2_0_9_top' [d:/finn_dev_root/vivado_stitch_proj_wlkx21xb/finn_vivado_stitch_proj.gen/sources_1/bd/finn_design/ipshared/dbd8/hdl/axis_data_fifo_v2_0_vl_rfs.v:54]
INFO: [Synth 8-6157] synthesizing module 'axis_infrastructure_v1_1_0_util_aclken_converter_wrapper' [d:/finn_dev_root/vivado_stitch_proj_wlkx21xb/finn_vivado_stitch_proj.gen/sources_1/bd/finn_design/ipshared/8713/hdl/axis_infrastructure_v1_1_vl_rfs.v:599]
INFO: [Synth 8-6157] synthesizing module 'axis_infrastructure_v1_1_0_util_axis2vector' [d:/finn_dev_root/vivado_stitch_proj_wlkx21xb/finn_vivado_stitch_proj.gen/sources_1/bd/finn_design/ipshared/8713/hdl/axis_infrastructure_v1_1_vl_rfs.v:809]
INFO: [Synth 8-6155] done synthesizing module 'axis_infrastructure_v1_1_0_util_axis2vector' (0#1) [d:/finn_dev_root/vivado_stitch_proj_wlkx21xb/finn_vivado_stitch_proj.gen/sources_1/bd/finn_design/ipshared/8713/hdl/axis_infrastructure_v1_1_vl_rfs.v:809]
INFO: [Synth 8-6157] synthesizing module 'axis_infrastructure_v1_1_0_util_vector2axis' [d:/finn_dev_root/vivado_stitch_proj_wlkx21xb/finn_vivado_stitch_proj.gen/sources_1/bd/finn_design/ipshared/8713/hdl/axis_infrastructure_v1_1_vl_rfs.v:991]
INFO: [Synth 8-6155] done synthesizing module 'axis_infrastructure_v1_1_0_util_vector2axis' (0#1) [d:/finn_dev_root/vivado_stitch_proj_wlkx21xb/finn_vivado_stitch_proj.gen/sources_1/bd/finn_design/ipshared/8713/hdl/axis_infrastructure_v1_1_vl_rfs.v:991]
INFO: [Synth 8-6155] done synthesizing module 'axis_infrastructure_v1_1_0_util_aclken_converter_wrapper' (0#1) [d:/finn_dev_root/vivado_stitch_proj_wlkx21xb/finn_vivado_stitch_proj.gen/sources_1/bd/finn_design/ipshared/8713/hdl/axis_infrastructure_v1_1_vl_rfs.v:599]
INFO: [Synth 8-6157] synthesizing module 'xpm_fifo_axis' [D:/Xilinx/Vivado/2022.2/data/ip/xpm/xpm_fifo/hdl/xpm_fifo.sv:2349]
INFO: [Synth 8-6157] synthesizing module 'xpm_cdc_sync_rst' [D:/Xilinx/Vivado/2022.2/data/ip/xpm/xpm_cdc/hdl/xpm_cdc.sv:1058]
INFO: [Synth 8-6155] done synthesizing module 'xpm_cdc_sync_rst' (0#1) [D:/Xilinx/Vivado/2022.2/data/ip/xpm/xpm_cdc/hdl/xpm_cdc.sv:1058]
INFO: [Synth 8-6157] synthesizing module 'xpm_fifo_base' [D:/Xilinx/Vivado/2022.2/data/ip/xpm/xpm_fifo/hdl/xpm_fifo.sv:55]
INFO: [Synth 8-6157] synthesizing module 'xpm_memory_base' [D:/Xilinx/Vivado/2022.2/data/ip/xpm/xpm_memory/hdl/xpm_memory.sv:56]
INFO: [Synth 8-6059] Synth Info: [XPM_MEMORY 20-1] MEMORY_PRIMITIVE (0) instructs Vivado Synthesis to choose the memory primitive type. Depending on their values, other XPM_MEMORY parameters may preclude the choice of certain memory primitive types. Review XPM_MEMORY documentation and parameter values to understand any limitations, or set MEMORY_PRIMITIVE to a different value.   [D:/Xilinx/Vivado/2022.2/data/ip/xpm/xpm_memory/hdl/xpm_memory.sv:493]
INFO: [Synth 8-6155] done synthesizing module 'xpm_memory_base' (0#1) [D:/Xilinx/Vivado/2022.2/data/ip/xpm/xpm_memory/hdl/xpm_memory.sv:56]
INFO: [Synth 8-226] default block is never used [D:/Xilinx/Vivado/2022.2/data/ip/xpm/xpm_fifo/hdl/xpm_fifo.sv:1207]
INFO: [Synth 8-226] default block is never used [D:/Xilinx/Vivado/2022.2/data/ip/xpm/xpm_fifo/hdl/xpm_fifo.sv:1274]
INFO: [Synth 8-226] default block is never used [D:/Xilinx/Vivado/2022.2/data/ip/xpm/xpm_fifo/hdl/xpm_fifo.sv:1296]
INFO: [Synth 8-6157] synthesizing module 'xpm_fifo_reg_bit' [D:/Xilinx/Vivado/2022.2/data/ip/xpm/xpm_fifo/hdl/xpm_fifo.sv:1907]
INFO: [Synth 8-6155] done synthesizing module 'xpm_fifo_reg_bit' (0#1) [D:/Xilinx/Vivado/2022.2/data/ip/xpm/xpm_fifo/hdl/xpm_fifo.sv:1907]
INFO: [Synth 8-6157] synthesizing module 'xpm_counter_updn' [D:/Xilinx/Vivado/2022.2/data/ip/xpm/xpm_fifo/hdl/xpm_fifo.sv:1859]
INFO: [Synth 8-6155] done synthesizing module 'xpm_counter_updn' (0#1) [D:/Xilinx/Vivado/2022.2/data/ip/xpm/xpm_fifo/hdl/xpm_fifo.sv:1859]
INFO: [Synth 8-6157] synthesizing module 'xpm_fifo_rst' [D:/Xilinx/Vivado/2022.2/data/ip/xpm/xpm_fifo/hdl/xpm_fifo.sv:1619]
INFO: [Synth 8-6155] done synthesizing module 'xpm_fifo_rst' (0#1) [D:/Xilinx/Vivado/2022.2/data/ip/xpm/xpm_fifo/hdl/xpm_fifo.sv:1619]
INFO: [Synth 8-6157] synthesizing module 'xpm_counter_updn__parameterized0' [D:/Xilinx/Vivado/2022.2/data/ip/xpm/xpm_fifo/hdl/xpm_fifo.sv:1859]
INFO: [Synth 8-6155] done synthesizing module 'xpm_counter_updn__parameterized0' (0#1) [D:/Xilinx/Vivado/2022.2/data/ip/xpm/xpm_fifo/hdl/xpm_fifo.sv:1859]
INFO: [Synth 8-6157] synthesizing module 'xpm_counter_updn__parameterized1' [D:/Xilinx/Vivado/2022.2/data/ip/xpm/xpm_fifo/hdl/xpm_fifo.sv:1859]
INFO: [Synth 8-6155] done synthesizing module 'xpm_counter_updn__parameterized1' (0#1) [D:/Xilinx/Vivado/2022.2/data/ip/xpm/xpm_fifo/hdl/xpm_fifo.sv:1859]
INFO: [Synth 8-6157] synthesizing module 'xpm_counter_updn__parameterized2' [D:/Xilinx/Vivado/2022.2/data/ip/xpm/xpm_fifo/hdl/xpm_fifo.sv:1859]
INFO: [Synth 8-6155] done synthesizing module 'xpm_counter_updn__parameterized2' (0#1) [D:/Xilinx/Vivado/2022.2/data/ip/xpm/xpm_fifo/hdl/xpm_fifo.sv:1859]
INFO: [Synth 8-6155] done synthesizing module 'xpm_fifo_base' (0#1) [D:/Xilinx/Vivado/2022.2/data/ip/xpm/xpm_fifo/hdl/xpm_fifo.sv:55]
INFO: [Synth 8-6155] done synthesizing module 'xpm_fifo_axis' (0#1) [D:/Xilinx/Vivado/2022.2/data/ip/xpm/xpm_fifo/hdl/xpm_fifo.sv:2349]
INFO: [Synth 8-6155] done synthesizing module 'axis_data_fifo_v2_0_9_top' (0#1) [d:/finn_dev_root/vivado_stitch_proj_wlkx21xb/finn_vivado_stitch_proj.gen/sources_1/bd/finn_design/ipshared/dbd8/hdl/axis_data_fifo_v2_0_vl_rfs.v:54]
INFO: [Synth 8-6155] done synthesizing module 'finn_design_fifo_9' (0#1) [d:/finn_dev_root/vivado_stitch_proj_wlkx21xb/finn_vivado_stitch_proj.gen/sources_1/bd/finn_design/ip/finn_design_fifo_9/synth/finn_design_fifo_9.v:53]
WARNING: [Synth 8-6014] Unused sequential element gen_rd_b.gen_doutb_pipe.enb_pipe_reg[0] was removed.  [D:/Xilinx/Vivado/2022.2/data/ip/xpm/xpm_memory/hdl/xpm_memory.sv:3017]
WARNING: [Synth 8-6014] Unused sequential element gdvld.data_valid_std_reg was removed.  [D:/Xilinx/Vivado/2022.2/data/ip/xpm/xpm_fifo/hdl/xpm_fifo.sv:537]
WARNING: [Synth 8-6014] Unused sequential element gen_fwft.empty_fwft_fb_reg was removed.  [D:/Xilinx/Vivado/2022.2/data/ip/xpm/xpm_fifo/hdl/xpm_fifo.sv:1391]
WARNING: [Synth 8-7129] Port ACLK in module axis_infrastructure_v1_1_0_util_aclken_converter_wrapper is either unconnected or has no load
WARNING: [Synth 8-7129] Port ARESETN in module axis_infrastructure_v1_1_0_util_aclken_converter_wrapper is either unconnected or has no load
WARNING: [Synth 8-7129] Port S_ACLKEN in module axis_infrastructure_v1_1_0_util_aclken_converter_wrapper is either unconnected or has no load
WARNING: [Synth 8-7129] Port M_ACLKEN in module axis_infrastructure_v1_1_0_util_aclken_converter_wrapper is either unconnected or has no load
WARNING: [Synth 8-7129] Port rd_clk in module xpm_fifo_rst is either unconnected or has no load
WARNING: [Synth 8-7129] Port sleep in module xpm_memory_base is either unconnected or has no load
WARNING: [Synth 8-7129] Port rsta in module xpm_memory_base is either unconnected or has no load
WARNING: [Synth 8-7129] Port regcea in module xpm_memory_base is either unconnected or has no load
WARNING: [Synth 8-7129] Port injectsbiterra in module xpm_memory_base is either unconnected or has no load
WARNING: [Synth 8-7129] Port injectdbiterra in module xpm_memory_base is either unconnected or has no load
WARNING: [Synth 8-7129] Port clkb in module xpm_memory_base is either unconnected or has no load
WARNING: [Synth 8-7129] Port dinb[13] in module xpm_memory_base is either unconnected or has no load
WARNING: [Synth 8-7129] Port dinb[12] in module xpm_memory_base is either unconnected or has no load
WARNING: [Synth 8-7129] Port dinb[11] in module xpm_memory_base is either unconnected or has no load
WARNING: [Synth 8-7129] Port dinb[10] in module xpm_memory_base is either unconnected or has no load
WARNING: [Synth 8-7129] Port dinb[9] in module xpm_memory_base is either unconnected or has no load
WARNING: [Synth 8-7129] Port dinb[8] in module xpm_memory_base is either unconnected or has no load
WARNING: [Synth 8-7129] Port dinb[7] in module xpm_memory_base is either unconnected or has no load
WARNING: [Synth 8-7129] Port dinb[6] in module xpm_memory_base is either unconnected or has no load
WARNING: [Synth 8-7129] Port dinb[5] in module xpm_memory_base is either unconnected or has no load
WARNING: [Synth 8-7129] Port dinb[4] in module xpm_memory_base is either unconnected or has no load
WARNING: [Synth 8-7129] Port dinb[3] in module xpm_memory_base is either unconnected or has no load
WARNING: [Synth 8-7129] Port dinb[2] in module xpm_memory_base is either unconnected or has no load
WARNING: [Synth 8-7129] Port dinb[1] in module xpm_memory_base is either unconnected or has no load
WARNING: [Synth 8-7129] Port dinb[0] in module xpm_memory_base is either unconnected or has no load
WARNING: [Synth 8-7129] Port injectsbiterrb in module xpm_memory_base is either unconnected or has no load
WARNING: [Synth 8-7129] Port injectdbiterrb in module xpm_memory_base is either unconnected or has no load
WARNING: [Synth 8-7129] Port m_aclk in module xpm_fifo_axis is either unconnected or has no load
WARNING: [Synth 8-7129] Port m_axis_aclk in module axis_data_fifo_v2_0_9_top is either unconnected or has no load
---------------------------------------------------------------------------------
Finished RTL Elaboration : Time (s): cpu = 00:00:11 ; elapsed = 00:00:13 . Memory (MB): peak = 1962.371 ; gain = 516.176
---------------------------------------------------------------------------------
---------------------------------------------------------------------------------
Start Handling Custom Attributes
---------------------------------------------------------------------------------
---------------------------------------------------------------------------------
Finished Handling Custom Attributes : Time (s): cpu = 00:00:11 ; elapsed = 00:00:14 . Memory (MB): peak = 1980.262 ; gain = 534.066
---------------------------------------------------------------------------------
---------------------------------------------------------------------------------
Finished RTL Optimization Phase 1 : Time (s): cpu = 00:00:11 ; elapsed = 00:00:14 . Memory (MB): peak = 1980.262 ; gain = 534.066
---------------------------------------------------------------------------------
Netlist sorting complete. Time (s): cpu = 00:00:00 ; elapsed = 00:00:00.008 . Memory (MB): peak = 1980.262 ; gain = 0.000
INFO: [Project 1-570] Preparing netlist for logic optimization

Processing XDC Constraints
Initializing timing engine
Parsing XDC File [d:/finn_dev_root/vivado_stitch_proj_wlkx21xb/finn_vivado_stitch_proj.gen/sources_1/bd/finn_design/ip/finn_design_fifo_9/finn_design_fifo_9_ooc.xdc] for cell 'inst'
Finished Parsing XDC File [d:/finn_dev_root/vivado_stitch_proj_wlkx21xb/finn_vivado_stitch_proj.gen/sources_1/bd/finn_design/ip/finn_design_fifo_9/finn_design_fifo_9_ooc.xdc] for cell 'inst'
Parsing XDC File [D:/finn_dev_root/vivado_stitch_proj_wlkx21xb/finn_vivado_stitch_proj.runs/finn_design_fifo_9_synth_1/dont_touch.xdc]
Finished Parsing XDC File [D:/finn_dev_root/vivado_stitch_proj_wlkx21xb/finn_vivado_stitch_proj.runs/finn_design_fifo_9_synth_1/dont_touch.xdc]
INFO: [Project 1-236] Implementation specific constraints were found while reading constraint file [D:/Xilinx/Vivado/2022.2/data/ip/xpm/xpm_fifo/tcl/xpm_fifo_rst_axis.tcl]. These constraints will be ignored for synthesis but will be used in implementation. Impacted constraints are listed in the file [.Xil/finn_design_fifo_9_propImpl.xdc].
Resolution: To avoid this warning, move constraints listed in [.Xil/finn_design_fifo_9_propImpl.xdc] to another XDC file and exclude this new file from synthesis with the used_in_synthesis property (File Properties dialog in GUI) and re-run elaboration/synthesis.
INFO: [Project 1-1714] 2 XPM XDC files have been applied to the design.
Completed Processing XDC Constraints

Netlist sorting complete. Time (s): cpu = 00:00:00 ; elapsed = 00:00:00 . Memory (MB): peak = 2086.922 ; gain = 0.000
INFO: [Project 1-111] Unisim Transformation Summary:
No Unisim elements were transformed.

Constraint Validation Runtime : Time (s): cpu = 00:00:00 ; elapsed = 00:00:00.035 . Memory (MB): peak = 2086.957 ; gain = 0.035
INFO: [Designutils 20-5008] Incremental synthesis strategy off
INFO: [Synth 8-11241] undeclared symbol 'REGCCE', assumed default net type 'wire' [D:/Xilinx/Vivado/2022.2/data/verilog/src/unimacro/BRAM_SINGLE_MACRO.v:2170]
---------------------------------------------------------------------------------
Finished Constraint Validation : Time (s): cpu = 00:00:23 ; elapsed = 00:00:28 . Memory (MB): peak = 2086.957 ; gain = 640.762
---------------------------------------------------------------------------------
---------------------------------------------------------------------------------
Start Loading Part and Timing Information
---------------------------------------------------------------------------------
Loading part: xc7z020clg400-1
---------------------------------------------------------------------------------
Finished Loading Part and Timing Information : Time (s): cpu = 00:00:23 ; elapsed = 00:00:28 . Memory (MB): peak = 2086.957 ; gain = 640.762
---------------------------------------------------------------------------------
---------------------------------------------------------------------------------
Start Applying 'set_property' XDC Constraints
---------------------------------------------------------------------------------
Applied set_property KEEP_HIERARCHY = SOFT for inst. (constraint file  D:/finn_dev_root/vivado_stitch_proj_wlkx21xb/finn_vivado_stitch_proj.runs/finn_design_fifo_9_synth_1/dont_touch.xdc, line 9).
Applied set_property KEEP_HIERARCHY = SOFT for inst/\gen_fifo.xpm_fifo_axis_inst /\gaxis_rst_sync.xpm_cdc_sync_rst_inst . (constraint file  auto generated constraint).
Applied set_property KEEP_HIERARCHY = SOFT for inst/\gen_fifo.xpm_fifo_axis_inst . (constraint file  auto generated constraint).
---------------------------------------------------------------------------------
Finished applying 'set_property' XDC Constraints : Time (s): cpu = 00:00:23 ; elapsed = 00:00:28 . Memory (MB): peak = 2086.957 ; gain = 640.762
---------------------------------------------------------------------------------
INFO: [Synth 8-802] inferred FSM for state register 'gen_fwft.curr_fwft_state_reg' in module 'xpm_fifo_base'
---------------------------------------------------------------------------------------------------
                   State |                     New Encoding |                Previous Encoding 
---------------------------------------------------------------------------------------------------
                 invalid |                               00 |                               00
            stage1_valid |                               01 |                               10
       both_stages_valid |                               10 |                               11
            stage2_valid |                               11 |                               01
---------------------------------------------------------------------------------------------------
INFO: [Synth 8-3354] encoded FSM with state register 'gen_fwft.curr_fwft_state_reg' using encoding 'sequential' in module 'xpm_fifo_base'
---------------------------------------------------------------------------------
Finished RTL Optimization Phase 2 : Time (s): cpu = 00:00:23 ; elapsed = 00:00:29 . Memory (MB): peak = 2086.957 ; gain = 640.762
---------------------------------------------------------------------------------
---------------------------------------------------------------------------------
Start RTL Component Statistics 
---------------------------------------------------------------------------------
Detailed RTL Component Info : 
+---Adders : 
	   4 Input   12 Bit       Adders := 2     
	   4 Input   11 Bit       Adders := 3     
	   4 Input    2 Bit       Adders := 1     
+---Registers : 
	               14 Bit    Registers := 2     
	               12 Bit    Registers := 2     
	               11 Bit    Registers := 3     
	                4 Bit    Registers := 1     
	                3 Bit    Registers := 1     
	                2 Bit    Registers := 2     
	                1 Bit    Registers := 10    
+---RAMs : 
	              28K Bit	(2048 X 14 bit)          RAMs := 1     
+---Muxes : 
	   2 Input    2 Bit        Muxes := 31    
	   4 Input    2 Bit        Muxes := 7     
	   4 Input    1 Bit        Muxes := 2     
	   2 Input    1 Bit        Muxes := 4     
---------------------------------------------------------------------------------
Finished RTL Component Statistics 
---------------------------------------------------------------------------------
---------------------------------------------------------------------------------
Start Part Resource Summary
---------------------------------------------------------------------------------
Part Resources:
DSPs: 220 (col length:60)
BRAMs: 280 (col length: RAMB18 60 RAMB36 30)
---------------------------------------------------------------------------------
Finished Part Resource Summary
---------------------------------------------------------------------------------
---------------------------------------------------------------------------------
Start Cross Boundary and Area Optimization
---------------------------------------------------------------------------------
WARNING: [Synth 8-7080] Parallel synthesis criteria is not met
WARNING: [Synth 8-7129] Port rsta in module xpm_memory_base is either unconnected or has no load
WARNING: [Synth 8-7129] Port regcea in module xpm_memory_base is either unconnected or has no load
WARNING: [Synth 8-7129] Port injectsbiterra in module xpm_memory_base is either unconnected or has no load
WARNING: [Synth 8-7129] Port injectdbiterra in module xpm_memory_base is either unconnected or has no load
WARNING: [Synth 8-7129] Port clkb in module xpm_memory_base is either unconnected or has no load
WARNING: [Synth 8-7129] Port dinb[13] in module xpm_memory_base is either unconnected or has no load
WARNING: [Synth 8-7129] Port dinb[12] in module xpm_memory_base is either unconnected or has no load
WARNING: [Synth 8-7129] Port dinb[11] in module xpm_memory_base is either unconnected or has no load
WARNING: [Synth 8-7129] Port dinb[10] in module xpm_memory_base is either unconnected or has no load
WARNING: [Synth 8-7129] Port dinb[9] in module xpm_memory_base is either unconnected or has no load
WARNING: [Synth 8-7129] Port dinb[8] in module xpm_memory_base is either unconnected or has no load
WARNING: [Synth 8-7129] Port dinb[7] in module xpm_memory_base is either unconnected or has no load
WARNING: [Synth 8-7129] Port dinb[6] in module xpm_memory_base is either unconnected or has no load
WARNING: [Synth 8-7129] Port dinb[5] in module xpm_memory_base is either unconnected or has no load
WARNING: [Synth 8-7129] Port dinb[4] in module xpm_memory_base is either unconnected or has no load
WARNING: [Synth 8-7129] Port dinb[3] in module xpm_memory_base is either unconnected or has no load
WARNING: [Synth 8-7129] Port dinb[2] in module xpm_memory_base is either unconnected or has no load
WARNING: [Synth 8-7129] Port dinb[1] in module xpm_memory_base is either unconnected or has no load
WARNING: [Synth 8-7129] Port dinb[0] in module xpm_memory_base is either unconnected or has no load
WARNING: [Synth 8-7129] Port injectsbiterrb in module xpm_memory_base is either unconnected or has no load
WARNING: [Synth 8-7129] Port injectdbiterrb in module xpm_memory_base is either unconnected or has no load
WARNING: [Synth 8-7129] Port m_aclk in module xpm_fifo_axis is either unconnected or has no load
WARNING: [Synth 8-7129] Port s_axis_aclken in module axis_data_fifo_v2_0_9_top is either unconnected or has no load
WARNING: [Synth 8-7129] Port s_axis_tstrb[0] in module axis_data_fifo_v2_0_9_top is either unconnected or has no load
WARNING: [Synth 8-7129] Port s_axis_tkeep[0] in module axis_data_fifo_v2_0_9_top is either unconnected or has no load
WARNING: [Synth 8-7129] Port s_axis_tlast in module axis_data_fifo_v2_0_9_top is either unconnected or has no load
WARNING: [Synth 8-7129] Port s_axis_tid[0] in module axis_data_fifo_v2_0_9_top is either unconnected or has no load
WARNING: [Synth 8-7129] Port s_axis_tdest[0] in module axis_data_fifo_v2_0_9_top is either unconnected or has no load
WARNING: [Synth 8-7129] Port s_axis_tuser[0] in module axis_data_fifo_v2_0_9_top is either unconnected or has no load
WARNING: [Synth 8-7129] Port m_axis_aclk in module axis_data_fifo_v2_0_9_top is either unconnected or has no load
WARNING: [Synth 8-7129] Port m_axis_aclken in module axis_data_fifo_v2_0_9_top is either unconnected or has no load
INFO: [Synth 8-5784] Optimized 6 bits of RAM "gen_wr_a.gen_word_narrow.mem_reg" due to constant propagation. Old ram width 14 bits, new ram width 8 bits.
---------------------------------------------------------------------------------
Finished Cross Boundary and Area Optimization : Time (s): cpu = 00:00:27 ; elapsed = 00:00:33 . Memory (MB): peak = 2086.957 ; gain = 640.762
---------------------------------------------------------------------------------
---------------------------------------------------------------------------------
Start ROM, RAM, DSP, Shift Register and Retiming Reporting
---------------------------------------------------------------------------------

Block RAM: Preliminary Mapping Report (see note below)
+----------------------------------------------------------------------------------------+----------------------------------+------------------------+---+---+------------------------+---+---+------------------+--------+--------+
|Module Name                                                                             | RTL Object                       | PORT A (Depth x Width) | W | R | PORT B (Depth x Width) | W | R | Ports driving FF | RAMB18 | RAMB36 | 
+----------------------------------------------------------------------------------------+----------------------------------+------------------------+---+---+------------------------+---+---+------------------+--------+--------+
|inst/\gen_fifo.xpm_fifo_axis_inst /xpm_fifo_base_inst/\gen_sdpram.xpm_memory_base_inst  | gen_wr_a.gen_word_narrow.mem_reg | 2 K x 14(READ_FIRST)   | W |   | 2 K x 14(WRITE_FIRST)  |   | R | Port A and B     | 1      | 0      | 
+----------------------------------------------------------------------------------------+----------------------------------+------------------------+---+---+------------------------+---+---+------------------+--------+--------+

Note: The table above is a preliminary report that shows the Block RAMs at the current stage of the synthesis flow. Some Block RAMs may be reimplemented as non Block RAM primitives later in the synthesis flow. Multiple instantiated Block RAMs are reported only once. 
---------------------------------------------------------------------------------
Finished ROM, RAM, DSP, Shift Register and Retiming Reporting
---------------------------------------------------------------------------------
---------------------------------------------------------------------------------
Start Applying XDC Timing Constraints
---------------------------------------------------------------------------------
---------------------------------------------------------------------------------
Finished Applying XDC Timing Constraints : Time (s): cpu = 00:00:33 ; elapsed = 00:00:42 . Memory (MB): peak = 2086.957 ; gain = 640.762
---------------------------------------------------------------------------------
---------------------------------------------------------------------------------
Start Timing Optimization
---------------------------------------------------------------------------------
---------------------------------------------------------------------------------
Finished Timing Optimization : Time (s): cpu = 00:00:33 ; elapsed = 00:00:42 . Memory (MB): peak = 2086.957 ; gain = 640.762
---------------------------------------------------------------------------------
---------------------------------------------------------------------------------
Start ROM, RAM, DSP, Shift Register and Retiming Reporting
---------------------------------------------------------------------------------

Block RAM: Final Mapping Report
+----------------------------------------------------------------------------------------+----------------------------------+------------------------+---+---+------------------------+---+---+------------------+--------+--------+
|Module Name                                                                             | RTL Object                       | PORT A (Depth x Width) | W | R | PORT B (Depth x Width) | W | R | Ports driving FF | RAMB18 | RAMB36 | 
+----------------------------------------------------------------------------------------+----------------------------------+------------------------+---+---+------------------------+---+---+------------------+--------+--------+
|inst/\gen_fifo.xpm_fifo_axis_inst /xpm_fifo_base_inst/\gen_sdpram.xpm_memory_base_inst  | gen_wr_a.gen_word_narrow.mem_reg | 2 K x 14(READ_FIRST)   | W |   | 2 K x 14(WRITE_FIRST)  |   | R | Port A and B     | 1      | 0      | 
+----------------------------------------------------------------------------------------+----------------------------------+------------------------+---+---+------------------------+---+---+------------------+--------+--------+

---------------------------------------------------------------------------------
Finished ROM, RAM, DSP, Shift Register and Retiming Reporting
---------------------------------------------------------------------------------
---------------------------------------------------------------------------------
Start Technology Mapping
---------------------------------------------------------------------------------
---------------------------------------------------------------------------------
Finished Technology Mapping : Time (s): cpu = 00:00:34 ; elapsed = 00:00:42 . Memory (MB): peak = 2086.957 ; gain = 640.762
---------------------------------------------------------------------------------
---------------------------------------------------------------------------------
Start IO Insertion
---------------------------------------------------------------------------------
---------------------------------------------------------------------------------
Start Flattening Before IO Insertion
---------------------------------------------------------------------------------
---------------------------------------------------------------------------------
Finished Flattening Before IO Insertion
---------------------------------------------------------------------------------
---------------------------------------------------------------------------------
Start Final Netlist Cleanup
---------------------------------------------------------------------------------
---------------------------------------------------------------------------------
Finished Final Netlist Cleanup
---------------------------------------------------------------------------------
---------------------------------------------------------------------------------
Finished IO Insertion : Time (s): cpu = 00:00:42 ; elapsed = 00:00:52 . Memory (MB): peak = 2086.957 ; gain = 640.762
---------------------------------------------------------------------------------
---------------------------------------------------------------------------------
Start Renaming Generated Instances
---------------------------------------------------------------------------------
---------------------------------------------------------------------------------
Finished Renaming Generated Instances : Time (s): cpu = 00:00:42 ; elapsed = 00:00:52 . Memory (MB): peak = 2086.957 ; gain = 640.762
---------------------------------------------------------------------------------
---------------------------------------------------------------------------------
Start Rebuilding User Hierarchy
---------------------------------------------------------------------------------
---------------------------------------------------------------------------------
Finished Rebuilding User Hierarchy : Time (s): cpu = 00:00:42 ; elapsed = 00:00:52 . Memory (MB): peak = 2086.957 ; gain = 640.762
---------------------------------------------------------------------------------
---------------------------------------------------------------------------------
Start Renaming Generated Ports
---------------------------------------------------------------------------------
---------------------------------------------------------------------------------
Finished Renaming Generated Ports : Time (s): cpu = 00:00:42 ; elapsed = 00:00:52 . Memory (MB): peak = 2086.957 ; gain = 640.762
---------------------------------------------------------------------------------
---------------------------------------------------------------------------------
Start Handling Custom Attributes
---------------------------------------------------------------------------------
---------------------------------------------------------------------------------
Finished Handling Custom Attributes : Time (s): cpu = 00:00:42 ; elapsed = 00:00:52 . Memory (MB): peak = 2086.957 ; gain = 640.762
---------------------------------------------------------------------------------
---------------------------------------------------------------------------------
Start Renaming Generated Nets
---------------------------------------------------------------------------------
---------------------------------------------------------------------------------
Finished Renaming Generated Nets : Time (s): cpu = 00:00:42 ; elapsed = 00:00:52 . Memory (MB): peak = 2086.957 ; gain = 640.762
---------------------------------------------------------------------------------
---------------------------------------------------------------------------------
Start Writing Synthesis Report
---------------------------------------------------------------------------------

Report BlackBoxes: 
+-+--------------+----------+
| |BlackBox name |Instances |
+-+--------------+----------+
+-+--------------+----------+

Report Cell Usage: 
+------+---------+------+
|      |Cell     |Count |
+------+---------+------+
|1     |CARRY4   |    15|
|2     |LUT1     |     1|
|3     |LUT2     |     2|
|4     |LUT3     |     2|
|5     |LUT4     |     9|
|6     |LUT5     |     5|
|7     |LUT6     |    11|
|8     |RAMB18E1 |     1|
|9     |FDRE     |    53|
|10    |FDSE     |     8|
+------+---------+------+
---------------------------------------------------------------------------------
Finished Writing Synthesis Report : Time (s): cpu = 00:00:42 ; elapsed = 00:00:52 . Memory (MB): peak = 2086.957 ; gain = 640.762
---------------------------------------------------------------------------------
Synthesis finished with 0 errors, 0 critical warnings and 32 warnings.
Synthesis Optimization Runtime : Time (s): cpu = 00:00:29 ; elapsed = 00:00:48 . Memory (MB): peak = 2086.957 ; gain = 534.066
Synthesis Optimization Complete : Time (s): cpu = 00:00:43 ; elapsed = 00:00:52 . Memory (MB): peak = 2086.957 ; gain = 640.762
INFO: [Project 1-571] Translating synthesized netlist
Netlist sorting complete. Time (s): cpu = 00:00:00 ; elapsed = 00:00:00.004 . Memory (MB): peak = 2086.957 ; gain = 0.000
INFO: [Netlist 29-17] Analyzing 16 Unisim elements for replacement
INFO: [Netlist 29-28] Unisim Transformation completed in 0 CPU seconds
INFO: [Project 1-570] Preparing netlist for logic optimization
INFO: [Opt 31-138] Pushed 0 inverter(s) to 0 load pin(s).
Netlist sorting complete. Time (s): cpu = 00:00:00 ; elapsed = 00:00:00.001 . Memory (MB): peak = 2086.957 ; gain = 0.000
INFO: [Project 1-111] Unisim Transformation Summary:
No Unisim elements were transformed.

Synth Design complete, checksum: 743aee84
INFO: [Common 17-83] Releasing license: Synthesis
160 Infos, 65 Warnings, 0 Critical Warnings and 0 Errors encountered.
synth_design completed successfully
synth_design: Time (s): cpu = 00:00:51 ; elapsed = 00:01:03 . Memory (MB): peak = 2086.957 ; gain = 1042.164
INFO: [Common 17-1381] The checkpoint 'D:/finn_dev_root/vivado_stitch_proj_wlkx21xb/finn_vivado_stitch_proj.runs/finn_design_fifo_9_synth_1/finn_design_fifo_9.dcp' has been generated.
INFO: [Coretcl 2-1648] Added synthesis output to IP cache for IP finn_design_fifo_9, cache-ID = 2fa4c351f47f00e2
INFO: [Coretcl 2-1174] Renamed 11 cell refs.
INFO: [Common 17-1381] The checkpoint 'D:/finn_dev_root/vivado_stitch_proj_wlkx21xb/finn_vivado_stitch_proj.runs/finn_design_fifo_9_synth_1/finn_design_fifo_9.dcp' has been generated.
INFO: [runtcl-4] Executing : report_utilization -file finn_design_fifo_9_utilization_synth.rpt -pb finn_design_fifo_9_utilization_synth.pb
INFO: [Common 17-206] Exiting Vivado at Sat Nov  9 23:09:30 2024...
