#Build: Fabric Inserter 2022.1, Build 99559, Jul 12 00:20 2022
#Install: D:\pango\PDS_2022.1\bin
#Application name: cdt_ins.exe
#OS: Windows 10 10.0.22000
#Hostname: admin
Generated by Fabric Inserter (version 2022.1 build 99559) at Fri Feb 10 11:28:38 2023
*************************************************************************
*
*  Parsing design. Please be patient as this can take several minutes.
*
*************************************************************************
Compiling architecture definition.
Loading technology operator library.
Compiling technology operator library.
Compiling technology operator (valence) library.
Compiling file 'C:/Users/w/Desktop/MES50HP/2_demo/01_led_test/synthesize/led_test_syn.adf' successful.
Creating module hierarchy.
Collecting net information.
*************************************************************************
*
*  Design Parsing Done.
*
*************************************************************************
Read project 'C:/Users/w/Desktop/MES50HP/2_demo/01_led_test/synthesize/led_test_syn.fic' Successfully.
M_PROCESS_FINISH_STARTED

