#Build: Fabric Compiler 2022.1, Build 99559, Jul 12 00:20 2022
#Install: C:\pango\PDS_2022.1\bin
#Application name: pds.exe
#OS: Windows 10 10.0.22621
#Hostname: liu
Generated by Fabric Compiler (version 2022.1 build 99559) at Wed Oct  2 20:39:48 2024
Parse module hierarchy of project 'D:/PANGO_PROJECT/06_hdmi_loop/06_hdmi_loop/temp_projects/Main_Flow/Main_Flow.pds' (ADS Parser)


Process "Generate Bitstream" started.
Current time: Wed Oct  2 20:39:51 2024
Compiling architecture definition.
Analyzing project file 'D:/PANGO_PROJECT/06_hdmi_loop/06_hdmi_loop/hdmi_loop.pds'.
Compiling verification operator library.
Compiling common defs.
Compiling prim grid devices.
Compiling gate devices.
Compiling gate operators.
Building architecture model.
Loading device packaging model.
Reading design from DB.
Start Generating Programming File...
Reading design from DB takes 0.015625 sec.
Generating architecture configuration.
The bitstream file is "D:/PANGO_PROJECT/06_hdmi_loop/06_hdmi_loop/generate_bitstream/hdmi_loop.sbit"
Generate programming file takes 1.046875 sec.
Generating Programming File done.
Action gen_bit_stream: Real time elapsed is 0h:0m:8s
Action gen_bit_stream: CPU time elapsed is 0h:0m:2s
Action gen_bit_stream: Process CPU time elapsed is 0h:0m:2s
Current time: Wed Oct  2 20:39:58 2024
Action gen_bit_stream: Peak memory pool usage is 614 MB
Process "Generate Bitstream" done.
Open IP Compiler ...
IP Compiler exited.
File "D:/PANGO_PROJECT/06_hdmi_loop/06_hdmi_loop/ipcore/fifo_1/fifo_1.idf" has been removed from project successfully. 
Parse module hierarchy of project 'D:/PANGO_PROJECT/06_hdmi_loop/06_hdmi_loop/temp_projects/Main_Flow/Main_Flow.pds' (ADS Parser)
